{"C:\\Users\\HP\\Downloads\\peers\\senegal-connect\\src\\server.js": {"path":"C:\\Users\\HP\\Downloads\\peers\\senegal-connect\\src\\server.js","statementMap":{"0":{"start":{"line":1,"column":0},"end":{"line":1,"column":27}},"1":{"start":{"line":3,"column":16},"end":{"line":3,"column":34}},"2":{"start":{"line":4,"column":13},"end":{"line":4,"column":28}},"3":{"start":{"line":5,"column":15},"end":{"line":5,"column":32}},"4":{"start":{"line":7,"column":15},"end":{"line":7,"column":41}},"5":{"start":{"line":8,"column":47},"end":{"line":8,"column":78}},"6":{"start":{"line":10,"column":19},"end":{"line":10,"column":43}},"7":{"start":{"line":11,"column":22},"end":{"line":11,"column":49}},"8":{"start":{"line":12,"column":23},"end":{"line":12,"column":51}},"9":{"start":{"line":13,"column":23},"end":{"line":13,"column":51}},"10":{"start":{"line":14,"column":20},"end":{"line":14,"column":45}},"11":{"start":{"line":16,"column":12},"end":{"line":16,"column":21}},"12":{"start":{"line":19,"column":17},"end":{"line":22,"column":18}},"13":{"start":{"line":21,"column":14},"end":{"line":21,"column":22}},"14":{"start":{"line":23,"column":0},"end":{"line":23,"column":60}},"15":{"start":{"line":25,"column":0},"end":{"line":25,"column":24}},"16":{"start":{"line":26,"column":0},"end":{"line":26,"column":55}},"17":{"start":{"line":29,"column":0},"end":{"line":29,"column":33}},"18":{"start":{"line":30,"column":0},"end":{"line":30,"column":39}},"19":{"start":{"line":31,"column":0},"end":{"line":31,"column":41}},"20":{"start":{"line":32,"column":0},"end":{"line":32,"column":41}},"21":{"start":{"line":33,"column":0},"end":{"line":33,"column":35}},"22":{"start":{"line":36,"column":18},"end":{"line":36,"column":28}},"23":{"start":{"line":37,"column":0},"end":{"line":44,"column":3}},"24":{"start":{"line":38,"column":2},"end":{"line":43,"column":5}},"25":{"start":{"line":47,"column":0},"end":{"line":47,"column":23}},"26":{"start":{"line":48,"column":0},"end":{"line":48,"column":29}},"27":{"start":{"line":50,"column":13},"end":{"line":50,"column":37}},"28":{"start":{"line":54,"column":0},"end":{"line":58,"column":1}},"29":{"start":{"line":55,"column":2},"end":{"line":57,"column":5}},"30":{"start":{"line":56,"column":4},"end":{"line":56,"column":106}},"31":{"start":{"line":60,"column":0},"end":{"line":60,"column":21}}},"fnMap":{"0":{"name":"(anonymous_0)","decl":{"start":{"line":21,"column":7},"end":{"line":21,"column":8}},"loc":{"start":{"line":21,"column":14},"end":{"line":21,"column":22}},"line":21},"1":{"name":"(anonymous_1)","decl":{"start":{"line":37,"column":23},"end":{"line":37,"column":24}},"loc":{"start":{"line":37,"column":37},"end":{"line":44,"column":1}},"line":37},"2":{"name":"(anonymous_2)","decl":{"start":{"line":55,"column":19},"end":{"line":55,"column":20}},"loc":{"start":{"line":55,"column":25},"end":{"line":57,"column":3}},"line":55}},"branchMap":{"0":{"loc":{"start":{"line":19,"column":18},"end":{"line":19,"column":48}},"type":"binary-expr","locations":[{"start":{"line":19,"column":18},"end":{"line":19,"column":42}},{"start":{"line":19,"column":46},"end":{"line":19,"column":48}}],"line":19},"1":{"loc":{"start":{"line":23,"column":23},"end":{"line":23,"column":55}},"type":"cond-expr","locations":[{"start":{"line":23,"column":41},"end":{"line":23,"column":49}},{"start":{"line":23,"column":52},"end":{"line":23,"column":55}}],"line":23},"2":{"loc":{"start":{"line":42,"column":9},"end":{"line":42,"column":46}},"type":"binary-expr","locations":[{"start":{"line":42,"column":9},"end":{"line":42,"column":29}},{"start":{"line":42,"column":33},"end":{"line":42,"column":46}}],"line":42},"3":{"loc":{"start":{"line":50,"column":13},"end":{"line":50,"column":37}},"type":"binary-expr","locations":[{"start":{"line":50,"column":13},"end":{"line":50,"column":29}},{"start":{"line":50,"column":33},"end":{"line":50,"column":37}}],"line":50},"4":{"loc":{"start":{"line":54,"column":0},"end":{"line":58,"column":1}},"type":"if","locations":[{"start":{"line":54,"column":0},"end":{"line":58,"column":1}},{"start":{},"end":{}}],"line":54},"5":{"loc":{"start":{"line":56,"column":64},"end":{"line":56,"column":101}},"type":"binary-expr","locations":[{"start":{"line":56,"column":64},"end":{"line":56,"column":84}},{"start":{"line":56,"column":88},"end":{"line":56,"column":101}}],"line":56}},"s":{"0":1,"1":1,"2":1,"3":1,"4":1,"5":1,"6":1,"7":1,"8":1,"9":1,"10":1,"11":1,"12":1,"13":1,"14":1,"15":1,"16":1,"17":1,"18":1,"19":1,"20":1,"21":1,"22":1,"23":1,"24":2,"25":1,"26":1,"27":1,"28":1,"29":0,"30":0,"31":1},"f":{"0":1,"1":2,"2":0},"b":{"0":[1,0],"1":[1,0],"2":[2,0],"3":[1,0],"4":[0,1],"5":[0,0]},"_coverageSchema":"1a1c01bbd47fc00a2c39e90264f33305004495a9","hash":"dd17c5668e57353e981d1f27b55f6600e455ab77"}
,"C:\\Users\\HP\\Downloads\\peers\\senegal-connect\\src\\config\\logger.js": {"path":"C:\\Users\\HP\\Downloads\\peers\\senegal-connect\\src\\config\\logger.js","statementMap":{"0":{"start":{"line":1,"column":16},"end":{"line":1,"column":34}},"1":{"start":{"line":3,"column":55},"end":{"line":3,"column":69}},"2":{"start":{"line":5,"column":22},"end":{"line":9,"column":1}},"3":{"start":{"line":8,"column":44},"end":{"line":8,"column":81}},"4":{"start":{"line":11,"column":16},"end":{"line":11,"column":47}},"5":{"start":{"line":12,"column":16},"end":{"line":12,"column":53}},"6":{"start":{"line":14,"column":15},"end":{"line":24,"column":2}},"7":{"start":{"line":27,"column":0},"end":{"line":29,"column":2}},"8":{"start":{"line":28,"column":22},"end":{"line":28,"column":49}},"9":{"start":{"line":31,"column":0},"end":{"line":31,"column":24}}},"fnMap":{"0":{"name":"(anonymous_0)","decl":{"start":{"line":8,"column":9},"end":{"line":8,"column":10}},"loc":{"start":{"line":8,"column":44},"end":{"line":8,"column":81}},"line":8},"1":{"name":"(anonymous_1)","decl":{"start":{"line":28,"column":9},"end":{"line":28,"column":10}},"loc":{"start":{"line":28,"column":22},"end":{"line":28,"column":49}},"line":28}},"branchMap":{"0":{"loc":{"start":{"line":15,"column":9},"end":{"line":15,"column":40}},"type":"binary-expr","locations":[{"start":{"line":15,"column":9},"end":{"line":15,"column":30}},{"start":{"line":15,"column":34},"end":{"line":15,"column":40}}],"line":15},"1":{"loc":{"start":{"line":17,"column":10},"end":{"line":17,"column":64}},"type":"cond-expr","locations":[{"start":{"line":17,"column":20},"end":{"line":17,"column":48}},{"start":{"line":17,"column":51},"end":{"line":17,"column":64}}],"line":17},"2":{"loc":{"start":{"line":18,"column":14},"end":{"line":23,"column":40}},"type":"cond-expr","locations":[{"start":{"line":19,"column":6},"end":{"line":22,"column":7}},{"start":{"line":23,"column":6},"end":{"line":23,"column":40}}],"line":18}},"s":{"0":1,"1":1,"2":1,"3":0,"4":1,"5":1,"6":1,"7":1,"8":69,"9":1},"f":{"0":0,"1":69},"b":{"0":[1,0],"1":[0,1],"2":[0,1]},"_coverageSchema":"1a1c01bbd47fc00a2c39e90264f33305004495a9","hash":"2d3037a82ed4cee8f89ca012f3c2a4d43be44b03"}
,"C:\\Users\\HP\\Downloads\\peers\\senegal-connect\\src\\controllers\\auth.controller.js": {"path":"C:\\Users\\HP\\Downloads\\peers\\senegal-connect\\src\\controllers\\auth.controller.js","statementMap":{"0":{"start":{"line":1,"column":15},"end":{"line":1,"column":32}},"1":{"start":{"line":2,"column":12},"end":{"line":2,"column":35}},"2":{"start":{"line":3,"column":18},"end":{"line":3,"column":41}},"3":{"start":{"line":4,"column":15},"end":{"line":4,"column":42}},"4":{"start":{"line":7,"column":2},"end":{"line":21,"column":3}},"5":{"start":{"line":8,"column":55},"end":{"line":8,"column":63}},"6":{"start":{"line":9,"column":17},"end":{"line":9,"column":52}},"7":{"start":{"line":11,"column":21},"end":{"line":16,"column":5}},"8":{"start":{"line":18,"column":4},"end":{"line":18,"column":43}},"9":{"start":{"line":20,"column":4},"end":{"line":20,"column":14}},"10":{"start":{"line":25,"column":2},"end":{"line":62,"column":3}},"11":{"start":{"line":26,"column":36},"end":{"line":26,"column":44}},"12":{"start":{"line":27,"column":21},"end":{"line":27,"column":88}},"13":{"start":{"line":28,"column":24},"end":{"line":28,"column":40}},"14":{"start":{"line":31,"column":29},"end":{"line":31,"column":67}},"15":{"start":{"line":33,"column":4},"end":{"line":36,"column":5}},"16":{"start":{"line":34,"column":6},"end":{"line":34,"column":82}},"17":{"start":{"line":35,"column":6},"end":{"line":35,"column":52}},"18":{"start":{"line":38,"column":29},"end":{"line":38,"column":89}},"19":{"start":{"line":39,"column":4},"end":{"line":42,"column":5}},"20":{"start":{"line":40,"column":6},"end":{"line":40,"column":87}},"21":{"start":{"line":41,"column":6},"end":{"line":41,"column":52}},"22":{"start":{"line":44,"column":18},"end":{"line":48,"column":5}},"23":{"start":{"line":50,"column":4},"end":{"line":59,"column":7}},"24":{"start":{"line":61,"column":4},"end":{"line":61,"column":14}},"25":{"start":{"line":66,"column":2},"end":{"line":77,"column":3}},"26":{"start":{"line":67,"column":21},"end":{"line":70,"column":5}},"27":{"start":{"line":71,"column":4},"end":{"line":73,"column":5}},"28":{"start":{"line":72,"column":6},"end":{"line":72,"column":74}},"29":{"start":{"line":74,"column":4},"end":{"line":74,"column":31}},"30":{"start":{"line":76,"column":4},"end":{"line":76,"column":14}},"31":{"start":{"line":80,"column":0},"end":{"line":80,"column":45}}},"fnMap":{"0":{"name":"register","decl":{"start":{"line":6,"column":15},"end":{"line":6,"column":23}},"loc":{"start":{"line":6,"column":40},"end":{"line":22,"column":1}},"line":6},"1":{"name":"login","decl":{"start":{"line":24,"column":15},"end":{"line":24,"column":20}},"loc":{"start":{"line":24,"column":37},"end":{"line":63,"column":1}},"line":24},"2":{"name":"profil","decl":{"start":{"line":65,"column":15},"end":{"line":65,"column":21}},"loc":{"start":{"line":65,"column":38},"end":{"line":78,"column":1}},"line":65}},"branchMap":{"0":{"loc":{"start":{"line":15,"column":33},"end":{"line":15,"column":49}},"type":"binary-expr","locations":[{"start":{"line":15,"column":33},"end":{"line":15,"column":37}},{"start":{"line":15,"column":41},"end":{"line":15,"column":49}}],"line":15},"1":{"loc":{"start":{"line":33,"column":4},"end":{"line":36,"column":5}},"type":"if","locations":[{"start":{"line":33,"column":4},"end":{"line":36,"column":5}},{"start":{},"end":{}}],"line":33},"2":{"loc":{"start":{"line":39,"column":4},"end":{"line":42,"column":5}},"type":"if","locations":[{"start":{"line":39,"column":4},"end":{"line":42,"column":5}},{"start":{},"end":{}}],"line":39},"3":{"loc":{"start":{"line":47,"column":19},"end":{"line":47,"column":54}},"type":"binary-expr","locations":[{"start":{"line":47,"column":19},"end":{"line":47,"column":45}},{"start":{"line":47,"column":49},"end":{"line":47,"column":54}}],"line":47},"4":{"loc":{"start":{"line":52,"column":18},"end":{"line":52,"column":53}},"type":"binary-expr","locations":[{"start":{"line":52,"column":18},"end":{"line":52,"column":44}},{"start":{"line":52,"column":48},"end":{"line":52,"column":53}}],"line":52},"5":{"loc":{"start":{"line":71,"column":4},"end":{"line":73,"column":5}},"type":"if","locations":[{"start":{"line":71,"column":4},"end":{"line":73,"column":5}},{"start":{},"end":{}}],"line":71}},"s":{"0":1,"1":1,"2":1,"3":1,"4":2,"5":2,"6":2,"7":2,"8":1,"9":1,"10":3,"11":3,"12":3,"13":3,"14":3,"15":3,"16":1,"17":1,"18":2,"19":2,"20":1,"21":1,"22":1,"23":1,"24":0,"25":1,"26":1,"27":1,"28":0,"29":1,"30":0,"31":1},"f":{"0":2,"1":3,"2":1},"b":{"0":[2,2],"1":[1,2],"2":[1,1],"3":[1,0],"4":[1,0],"5":[0,1]},"_coverageSchema":"1a1c01bbd47fc00a2c39e90264f33305004495a9","hash":"d0f648235a562b29d9680fb7339118430d69b6d4"}
,"C:\\Users\\HP\\Downloads\\peers\\senegal-connect\\src\\controllers\\clients.controller.js": {"path":"C:\\Users\\HP\\Downloads\\peers\\senegal-connect\\src\\controllers\\clients.controller.js","statementMap":{"0":{"start":{"line":1,"column":18},"end":{"line":1,"column":41}},"1":{"start":{"line":6,"column":21},"end":{"line":6,"column":23}},"2":{"start":{"line":7,"column":18},"end":{"line":7,"column":20}},"3":{"start":{"line":8,"column":10},"end":{"line":8,"column":11}},"4":{"start":{"line":10,"column":2},"end":{"line":14,"column":3}},"5":{"start":{"line":11,"column":4},"end":{"line":11,"column":106}},"6":{"start":{"line":12,"column":4},"end":{"line":12,"column":36}},"7":{"start":{"line":13,"column":4},"end":{"line":13,"column":8}},"8":{"start":{"line":15,"column":2},"end":{"line":19,"column":3}},"9":{"start":{"line":16,"column":4},"end":{"line":16,"column":42}},"10":{"start":{"line":17,"column":4},"end":{"line":17,"column":38}},"11":{"start":{"line":18,"column":4},"end":{"line":18,"column":8}},"12":{"start":{"line":20,"column":2},"end":{"line":24,"column":3}},"13":{"start":{"line":21,"column":4},"end":{"line":21,"column":38}},"14":{"start":{"line":22,"column":4},"end":{"line":22,"column":34}},"15":{"start":{"line":23,"column":4},"end":{"line":23,"column":8}},"16":{"start":{"line":27,"column":2},"end":{"line":31,"column":3}},"17":{"start":{"line":28,"column":4},"end":{"line":28,"column":46}},"18":{"start":{"line":29,"column":4},"end":{"line":29,"column":43}},"19":{"start":{"line":30,"column":4},"end":{"line":30,"column":8}},"20":{"start":{"line":33,"column":19},"end":{"line":33,"column":79}},"21":{"start":{"line":34,"column":2},"end":{"line":34,"column":31}},"22":{"start":{"line":38,"column":2},"end":{"line":66,"column":3}},"23":{"start":{"line":39,"column":17},"end":{"line":39,"column":63}},"24":{"start":{"line":40,"column":19},"end":{"line":40,"column":83}},"25":{"start":{"line":41,"column":19},"end":{"line":41,"column":38}},"26":{"start":{"line":45,"column":20},"end":{"line":45,"column":36}},"27":{"start":{"line":46,"column":4},"end":{"line":48,"column":5}},"28":{"start":{"line":47,"column":6},"end":{"line":47,"column":44}},"29":{"start":{"line":50,"column":34},"end":{"line":50,"column":60}},"30":{"start":{"line":52,"column":26},"end":{"line":52,"column":90}},"31":{"start":{"line":53,"column":18},"end":{"line":53,"column":59}},"32":{"start":{"line":55,"column":28},"end":{"line":58,"column":5}},"33":{"start":{"line":60,"column":4},"end":{"line":63,"column":7}},"34":{"start":{"line":65,"column":4},"end":{"line":65,"column":14}},"35":{"start":{"line":70,"column":2},"end":{"line":99,"column":3}},"36":{"start":{"line":71,"column":27},"end":{"line":71,"column":94}},"37":{"start":{"line":72,"column":19},"end":{"line":72,"column":41}},"38":{"start":{"line":73,"column":4},"end":{"line":75,"column":5}},"39":{"start":{"line":74,"column":6},"end":{"line":74,"column":69}},"40":{"start":{"line":78,"column":4},"end":{"line":80,"column":5}},"41":{"start":{"line":79,"column":6},"end":{"line":79,"column":99}},"42":{"start":{"line":82,"column":63},"end":{"line":89,"column":6}},"43":{"start":{"line":91,"column":4},"end":{"line":96,"column":7}},"44":{"start":{"line":98,"column":4},"end":{"line":98,"column":14}},"45":{"start":{"line":103,"column":2},"end":{"line":124,"column":3}},"46":{"start":{"line":104,"column":79},"end":{"line":104,"column":87}},"47":{"start":{"line":106,"column":4},"end":{"line":113,"column":5}},"48":{"start":{"line":107,"column":28},"end":{"line":107,"column":94}},"49":{"start":{"line":108,"column":6},"end":{"line":112,"column":7}},"50":{"start":{"line":109,"column":8},"end":{"line":111,"column":11}},"51":{"start":{"line":115,"column":21},"end":{"line":119,"column":5}},"52":{"start":{"line":121,"column":4},"end":{"line":121,"column":43}},"53":{"start":{"line":123,"column":4},"end":{"line":123,"column":14}},"54":{"start":{"line":128,"column":2},"end":{"line":143,"column":3}},"55":{"start":{"line":129,"column":63},"end":{"line":129,"column":71}},"56":{"start":{"line":131,"column":21},"end":{"line":135,"column":5}},"57":{"start":{"line":137,"column":4},"end":{"line":139,"column":5}},"58":{"start":{"line":138,"column":6},"end":{"line":138,"column":69}},"59":{"start":{"line":140,"column":4},"end":{"line":140,"column":31}},"60":{"start":{"line":142,"column":4},"end":{"line":142,"column":14}},"61":{"start":{"line":147,"column":2},"end":{"line":171,"column":3}},"62":{"start":{"line":148,"column":23},"end":{"line":148,"column":31}},"63":{"start":{"line":150,"column":4},"end":{"line":158,"column":5}},"64":{"start":{"line":151,"column":23},"end":{"line":154,"column":7}},"65":{"start":{"line":155,"column":6},"end":{"line":157,"column":7}},"66":{"start":{"line":156,"column":8},"end":{"line":156,"column":111}},"67":{"start":{"line":160,"column":21},"end":{"line":163,"column":6}},"68":{"start":{"line":165,"column":4},"end":{"line":167,"column":5}},"69":{"start":{"line":166,"column":6},"end":{"line":166,"column":69}},"70":{"start":{"line":168,"column":4},"end":{"line":168,"column":31}},"71":{"start":{"line":170,"column":4},"end":{"line":170,"column":14}},"72":{"start":{"line":175,"column":2},"end":{"line":191,"column":3}},"73":{"start":{"line":176,"column":21},"end":{"line":179,"column":5}},"74":{"start":{"line":180,"column":4},"end":{"line":182,"column":5}},"75":{"start":{"line":181,"column":6},"end":{"line":181,"column":110}},"76":{"start":{"line":184,"column":21},"end":{"line":184,"column":99}},"77":{"start":{"line":185,"column":4},"end":{"line":187,"column":5}},"78":{"start":{"line":186,"column":6},"end":{"line":186,"column":69}},"79":{"start":{"line":188,"column":4},"end":{"line":188,"column":27}},"80":{"start":{"line":190,"column":4},"end":{"line":190,"column":14}},"81":{"start":{"line":194,"column":0},"end":{"line":194,"column":78}}},"fnMap":{"0":{"name":"construireFiltres","decl":{"start":{"line":5,"column":9},"end":{"line":5,"column":26}},"loc":{"start":{"line":5,"column":37},"end":{"line":35,"column":1}},"line":5},"1":{"name":"liste","decl":{"start":{"line":37,"column":15},"end":{"line":37,"column":20}},"loc":{"start":{"line":37,"column":37},"end":{"line":67,"column":1}},"line":37},"2":{"name":"detail","decl":{"start":{"line":69,"column":15},"end":{"line":69,"column":21}},"loc":{"start":{"line":69,"column":38},"end":{"line":100,"column":1}},"line":69},"3":{"name":"creer","decl":{"start":{"line":102,"column":15},"end":{"line":102,"column":20}},"loc":{"start":{"line":102,"column":37},"end":{"line":125,"column":1}},"line":102},"4":{"name":"modifier","decl":{"start":{"line":127,"column":15},"end":{"line":127,"column":23}},"loc":{"start":{"line":127,"column":40},"end":{"line":144,"column":1}},"line":127},"5":{"name":"changerStatut","decl":{"start":{"line":146,"column":15},"end":{"line":146,"column":28}},"loc":{"start":{"line":146,"column":45},"end":{"line":172,"column":1}},"line":146},"6":{"name":"supprimer","decl":{"start":{"line":174,"column":15},"end":{"line":174,"column":24}},"loc":{"start":{"line":174,"column":41},"end":{"line":192,"column":1}},"line":174}},"branchMap":{"0":{"loc":{"start":{"line":10,"column":2},"end":{"line":14,"column":3}},"type":"if","locations":[{"start":{"line":10,"column":2},"end":{"line":14,"column":3}},{"start":{},"end":{}}],"line":10},"1":{"loc":{"start":{"line":15,"column":2},"end":{"line":19,"column":3}},"type":"if","locations":[{"start":{"line":15,"column":2},"end":{"line":19,"column":3}},{"start":{},"end":{}}],"line":15},"2":{"loc":{"start":{"line":20,"column":2},"end":{"line":24,"column":3}},"type":"if","locations":[{"start":{"line":20,"column":2},"end":{"line":24,"column":3}},{"start":{},"end":{}}],"line":20},"3":{"loc":{"start":{"line":27,"column":2},"end":{"line":31,"column":3}},"type":"if","locations":[{"start":{"line":27,"column":2},"end":{"line":31,"column":3}},{"start":{},"end":{}}],"line":27},"4":{"loc":{"start":{"line":33,"column":19},"end":{"line":33,"column":79}},"type":"cond-expr","locations":[{"start":{"line":33,"column":39},"end":{"line":33,"column":74}},{"start":{"line":33,"column":77},"end":{"line":33,"column":79}}],"line":33},"5":{"loc":{"start":{"line":39,"column":26},"end":{"line":39,"column":59}},"type":"binary-expr","locations":[{"start":{"line":39,"column":26},"end":{"line":39,"column":54}},{"start":{"line":39,"column":58},"end":{"line":39,"column":59}}],"line":39},"6":{"loc":{"start":{"line":40,"column":37},"end":{"line":40,"column":73}},"type":"binary-expr","locations":[{"start":{"line":40,"column":37},"end":{"line":40,"column":67}},{"start":{"line":40,"column":71},"end":{"line":40,"column":73}}],"line":40},"7":{"loc":{"start":{"line":46,"column":4},"end":{"line":48,"column":5}},"type":"if","locations":[{"start":{"line":46,"column":4},"end":{"line":48,"column":5}},{"start":{},"end":{}}],"line":46},"8":{"loc":{"start":{"line":62,"column":54},"end":{"line":62,"column":84}},"type":"binary-expr","locations":[{"start":{"line":62,"column":54},"end":{"line":62,"column":79}},{"start":{"line":62,"column":83},"end":{"line":62,"column":84}}],"line":62},"9":{"loc":{"start":{"line":73,"column":4},"end":{"line":75,"column":5}},"type":"if","locations":[{"start":{"line":73,"column":4},"end":{"line":75,"column":5}},{"start":{},"end":{}}],"line":73},"10":{"loc":{"start":{"line":78,"column":4},"end":{"line":80,"column":5}},"type":"if","locations":[{"start":{"line":78,"column":4},"end":{"line":80,"column":5}},{"start":{},"end":{}}],"line":78},"11":{"loc":{"start":{"line":78,"column":8},"end":{"line":78,"column":75}},"type":"binary-expr","locations":[{"start":{"line":78,"column":8},"end":{"line":78,"column":34}},{"start":{"line":78,"column":38},"end":{"line":78,"column":75}}],"line":78},"12":{"loc":{"start":{"line":93,"column":15},"end":{"line":93,"column":46}},"type":"binary-expr","locations":[{"start":{"line":93,"column":15},"end":{"line":93,"column":38}},{"start":{"line":93,"column":42},"end":{"line":93,"column":46}}],"line":93},"13":{"loc":{"start":{"line":94,"column":24},"end":{"line":94,"column":55}},"type":"binary-expr","locations":[{"start":{"line":94,"column":24},"end":{"line":94,"column":47}},{"start":{"line":94,"column":51},"end":{"line":94,"column":55}}],"line":94},"14":{"loc":{"start":{"line":95,"column":23},"end":{"line":95,"column":53}},"type":"binary-expr","locations":[{"start":{"line":95,"column":23},"end":{"line":95,"column":45}},{"start":{"line":95,"column":49},"end":{"line":95,"column":53}}],"line":95},"15":{"loc":{"start":{"line":106,"column":4},"end":{"line":113,"column":5}},"type":"if","locations":[{"start":{"line":106,"column":4},"end":{"line":113,"column":5}},{"start":{},"end":{}}],"line":106},"16":{"loc":{"start":{"line":108,"column":6},"end":{"line":112,"column":7}},"type":"if","locations":[{"start":{"line":108,"column":6},"end":{"line":112,"column":7}},{"start":{},"end":{}}],"line":108},"17":{"loc":{"start":{"line":118,"column":51},"end":{"line":118,"column":69}},"type":"binary-expr","locations":[{"start":{"line":118,"column":51},"end":{"line":118,"column":61}},{"start":{"line":118,"column":65},"end":{"line":118,"column":69}}],"line":118},"18":{"loc":{"start":{"line":118,"column":71},"end":{"line":118,"column":88}},"type":"binary-expr","locations":[{"start":{"line":118,"column":71},"end":{"line":118,"column":77}},{"start":{"line":118,"column":81},"end":{"line":118,"column":88}}],"line":118},"19":{"loc":{"start":{"line":134,"column":35},"end":{"line":134,"column":53}},"type":"binary-expr","locations":[{"start":{"line":134,"column":35},"end":{"line":134,"column":45}},{"start":{"line":134,"column":49},"end":{"line":134,"column":53}}],"line":134},"20":{"loc":{"start":{"line":137,"column":4},"end":{"line":139,"column":5}},"type":"if","locations":[{"start":{"line":137,"column":4},"end":{"line":139,"column":5}},{"start":{},"end":{}}],"line":137},"21":{"loc":{"start":{"line":150,"column":4},"end":{"line":158,"column":5}},"type":"if","locations":[{"start":{"line":150,"column":4},"end":{"line":158,"column":5}},{"start":{},"end":{}}],"line":150},"22":{"loc":{"start":{"line":155,"column":6},"end":{"line":157,"column":7}},"type":"if","locations":[{"start":{"line":155,"column":6},"end":{"line":157,"column":7}},{"start":{},"end":{}}],"line":155},"23":{"loc":{"start":{"line":165,"column":4},"end":{"line":167,"column":5}},"type":"if","locations":[{"start":{"line":165,"column":4},"end":{"line":167,"column":5}},{"start":{},"end":{}}],"line":165},"24":{"loc":{"start":{"line":180,"column":4},"end":{"line":182,"column":5}},"type":"if","locations":[{"start":{"line":180,"column":4},"end":{"line":182,"column":5}},{"start":{},"end":{}}],"line":180},"25":{"loc":{"start":{"line":185,"column":4},"end":{"line":187,"column":5}},"type":"if","locations":[{"start":{"line":185,"column":4},"end":{"line":187,"column":5}},{"start":{},"end":{}}],"line":185}},"s":{"0":1,"1":3,"2":3,"3":3,"4":3,"5":1,"6":1,"7":1,"8":3,"9":0,"10":0,"11":0,"12":3,"13":0,"14":0,"15":0,"16":3,"17":1,"18":1,"19":1,"20":3,"21":3,"22":3,"23":3,"24":3,"25":3,"26":3,"27":3,"28":1,"29":3,"30":3,"31":3,"32":3,"33":3,"34":0,"35":4,"36":4,"37":4,"38":4,"39":1,"40":3,"41":1,"42":2,"43":2,"44":0,"45":1,"46":1,"47":1,"48":1,"49":1,"50":0,"51":1,"52":1,"53":0,"54":2,"55":2,"56":2,"57":2,"58":1,"59":1,"60":0,"61":2,"62":2,"63":2,"64":1,"65":1,"66":1,"67":1,"68":1,"69":0,"70":1,"71":0,"72":2,"73":2,"74":2,"75":1,"76":1,"77":1,"78":0,"79":1,"80":0,"81":1},"f":{"0":3,"1":3,"2":4,"3":1,"4":2,"5":2,"6":2},"b":{"0":[1,2],"1":[0,3],"2":[0,3],"3":[1,2],"4":[2,1],"5":[3,2],"6":[3,2],"7":[1,2],"8":[3,0],"9":[1,3],"10":[1,2],"11":[3,2],"12":[2,0],"13":[2,1],"14":[2,2],"15":[1,0],"16":[0,1],"17":[1,0],"18":[1,1],"19":[2,2],"20":[1,1],"21":[1,1],"22":[1,0],"23":[0,1],"24":[1,1],"25":[0,1]},"_coverageSchema":"1a1c01bbd47fc00a2c39e90264f33305004495a9","hash":"716aeebb27ac9787000ef9269770eafd04c829c9"}
,"C:\\Users\\HP\\Downloads\\peers\\senegal-connect\\src\\controllers\\factures.controller.js": {"path":"C:\\Users\\HP\\Downloads\\peers\\senegal-connect\\src\\controllers\\factures.controller.js","statementMap":{"0":{"start":{"line":1,"column":18},"end":{"line":1,"column":41}},"1":{"start":{"line":5,"column":17},"end":{"line":5,"column":41}},"2":{"start":{"line":6,"column":18},"end":{"line":6,"column":57}},"3":{"start":{"line":7,"column":2},"end":{"line":7,"column":36}},"4":{"start":{"line":11,"column":21},"end":{"line":11,"column":23}},"5":{"start":{"line":12,"column":18},"end":{"line":12,"column":20}},"6":{"start":{"line":13,"column":10},"end":{"line":13,"column":11}},"7":{"start":{"line":15,"column":2},"end":{"line":19,"column":3}},"8":{"start":{"line":16,"column":4},"end":{"line":16,"column":41}},"9":{"start":{"line":17,"column":4},"end":{"line":17,"column":37}},"10":{"start":{"line":18,"column":4},"end":{"line":18,"column":8}},"11":{"start":{"line":20,"column":2},"end":{"line":24,"column":3}},"12":{"start":{"line":21,"column":4},"end":{"line":21,"column":38}},"13":{"start":{"line":22,"column":4},"end":{"line":22,"column":34}},"14":{"start":{"line":23,"column":4},"end":{"line":23,"column":8}},"15":{"start":{"line":25,"column":2},"end":{"line":29,"column":3}},"16":{"start":{"line":26,"column":4},"end":{"line":26,"column":39}},"17":{"start":{"line":27,"column":4},"end":{"line":27,"column":35}},"18":{"start":{"line":28,"column":4},"end":{"line":28,"column":8}},"19":{"start":{"line":31,"column":19},"end":{"line":31,"column":79}},"20":{"start":{"line":32,"column":2},"end":{"line":32,"column":31}},"21":{"start":{"line":36,"column":2},"end":{"line":65,"column":3}},"22":{"start":{"line":37,"column":17},"end":{"line":37,"column":63}},"23":{"start":{"line":38,"column":19},"end":{"line":38,"column":83}},"24":{"start":{"line":39,"column":19},"end":{"line":39,"column":38}},"25":{"start":{"line":43,"column":20},"end":{"line":43,"column":36}},"26":{"start":{"line":44,"column":4},"end":{"line":47,"column":5}},"27":{"start":{"line":45,"column":24},"end":{"line":45,"column":102}},"28":{"start":{"line":46,"column":6},"end":{"line":46,"column":72}},"29":{"start":{"line":49,"column":34},"end":{"line":49,"column":60}},"30":{"start":{"line":51,"column":26},"end":{"line":51,"column":91}},"31":{"start":{"line":52,"column":18},"end":{"line":52,"column":59}},"32":{"start":{"line":54,"column":28},"end":{"line":57,"column":5}},"33":{"start":{"line":59,"column":4},"end":{"line":62,"column":7}},"34":{"start":{"line":64,"column":4},"end":{"line":64,"column":14}},"35":{"start":{"line":69,"column":2},"end":{"line":92,"column":3}},"36":{"start":{"line":70,"column":21},"end":{"line":76,"column":5}},"37":{"start":{"line":77,"column":4},"end":{"line":79,"column":5}},"38":{"start":{"line":78,"column":6},"end":{"line":78,"column":70}},"39":{"start":{"line":81,"column":20},"end":{"line":81,"column":36}},"40":{"start":{"line":84,"column":4},"end":{"line":86,"column":5}},"41":{"start":{"line":85,"column":6},"end":{"line":85,"column":100}},"42":{"start":{"line":87,"column":4},"end":{"line":87,"column":41}},"43":{"start":{"line":89,"column":4},"end":{"line":89,"column":22}},"44":{"start":{"line":91,"column":4},"end":{"line":91,"column":14}},"45":{"start":{"line":96,"column":2},"end":{"line":116,"column":3}},"46":{"start":{"line":97,"column":64},"end":{"line":97,"column":72}},"47":{"start":{"line":99,"column":25},"end":{"line":99,"column":89}},"48":{"start":{"line":100,"column":4},"end":{"line":104,"column":5}},"49":{"start":{"line":101,"column":6},"end":{"line":103,"column":9}},"50":{"start":{"line":106,"column":22},"end":{"line":106,"column":47}},"51":{"start":{"line":107,"column":21},"end":{"line":111,"column":5}},"52":{"start":{"line":113,"column":4},"end":{"line":113,"column":43}},"53":{"start":{"line":115,"column":4},"end":{"line":115,"column":14}},"54":{"start":{"line":120,"column":2},"end":{"line":132,"column":3}},"55":{"start":{"line":121,"column":23},"end":{"line":121,"column":31}},"56":{"start":{"line":122,"column":21},"end":{"line":125,"column":6}},"57":{"start":{"line":126,"column":4},"end":{"line":128,"column":5}},"58":{"start":{"line":127,"column":6},"end":{"line":127,"column":70}},"59":{"start":{"line":129,"column":4},"end":{"line":129,"column":31}},"60":{"start":{"line":131,"column":4},"end":{"line":131,"column":14}},"61":{"start":{"line":136,"column":2},"end":{"line":144,"column":3}},"62":{"start":{"line":137,"column":21},"end":{"line":137,"column":100}},"63":{"start":{"line":138,"column":4},"end":{"line":140,"column":5}},"64":{"start":{"line":139,"column":6},"end":{"line":139,"column":70}},"65":{"start":{"line":141,"column":4},"end":{"line":141,"column":27}},"66":{"start":{"line":143,"column":4},"end":{"line":143,"column":14}},"67":{"start":{"line":147,"column":0},"end":{"line":147,"column":68}}},"fnMap":{"0":{"name":"genererReference","decl":{"start":{"line":4,"column":9},"end":{"line":4,"column":25}},"loc":{"start":{"line":4,"column":35},"end":{"line":8,"column":1}},"line":4},"1":{"name":"construireFiltres","decl":{"start":{"line":10,"column":9},"end":{"line":10,"column":26}},"loc":{"start":{"line":10,"column":37},"end":{"line":33,"column":1}},"line":10},"2":{"name":"liste","decl":{"start":{"line":35,"column":15},"end":{"line":35,"column":20}},"loc":{"start":{"line":35,"column":37},"end":{"line":66,"column":1}},"line":35},"3":{"name":"detail","decl":{"start":{"line":68,"column":15},"end":{"line":68,"column":21}},"loc":{"start":{"line":68,"column":38},"end":{"line":93,"column":1}},"line":68},"4":{"name":"creer","decl":{"start":{"line":95,"column":15},"end":{"line":95,"column":20}},"loc":{"start":{"line":95,"column":37},"end":{"line":117,"column":1}},"line":95},"5":{"name":"changerStatut","decl":{"start":{"line":119,"column":15},"end":{"line":119,"column":28}},"loc":{"start":{"line":119,"column":45},"end":{"line":133,"column":1}},"line":119},"6":{"name":"supprimer","decl":{"start":{"line":135,"column":15},"end":{"line":135,"column":24}},"loc":{"start":{"line":135,"column":41},"end":{"line":145,"column":1}},"line":135}},"branchMap":{"0":{"loc":{"start":{"line":15,"column":2},"end":{"line":19,"column":3}},"type":"if","locations":[{"start":{"line":15,"column":2},"end":{"line":19,"column":3}},{"start":{},"end":{}}],"line":15},"1":{"loc":{"start":{"line":20,"column":2},"end":{"line":24,"column":3}},"type":"if","locations":[{"start":{"line":20,"column":2},"end":{"line":24,"column":3}},{"start":{},"end":{}}],"line":20},"2":{"loc":{"start":{"line":25,"column":2},"end":{"line":29,"column":3}},"type":"if","locations":[{"start":{"line":25,"column":2},"end":{"line":29,"column":3}},{"start":{},"end":{}}],"line":25},"3":{"loc":{"start":{"line":31,"column":19},"end":{"line":31,"column":79}},"type":"cond-expr","locations":[{"start":{"line":31,"column":39},"end":{"line":31,"column":74}},{"start":{"line":31,"column":77},"end":{"line":31,"column":79}}],"line":31},"4":{"loc":{"start":{"line":37,"column":26},"end":{"line":37,"column":59}},"type":"binary-expr","locations":[{"start":{"line":37,"column":26},"end":{"line":37,"column":54}},{"start":{"line":37,"column":58},"end":{"line":37,"column":59}}],"line":37},"5":{"loc":{"start":{"line":38,"column":37},"end":{"line":38,"column":73}},"type":"binary-expr","locations":[{"start":{"line":38,"column":37},"end":{"line":38,"column":67}},{"start":{"line":38,"column":71},"end":{"line":38,"column":73}}],"line":38},"6":{"loc":{"start":{"line":44,"column":4},"end":{"line":47,"column":5}},"type":"if","locations":[{"start":{"line":44,"column":4},"end":{"line":47,"column":5}},{"start":{},"end":{}}],"line":44},"7":{"loc":{"start":{"line":46,"column":26},"end":{"line":46,"column":71}},"type":"cond-expr","locations":[{"start":{"line":46,"column":46},"end":{"line":46,"column":66}},{"start":{"line":46,"column":69},"end":{"line":46,"column":71}}],"line":46},"8":{"loc":{"start":{"line":61,"column":54},"end":{"line":61,"column":84}},"type":"binary-expr","locations":[{"start":{"line":61,"column":54},"end":{"line":61,"column":79}},{"start":{"line":61,"column":83},"end":{"line":61,"column":84}}],"line":61},"9":{"loc":{"start":{"line":77,"column":4},"end":{"line":79,"column":5}},"type":"if","locations":[{"start":{"line":77,"column":4},"end":{"line":79,"column":5}},{"start":{},"end":{}}],"line":77},"10":{"loc":{"start":{"line":84,"column":4},"end":{"line":86,"column":5}},"type":"if","locations":[{"start":{"line":84,"column":4},"end":{"line":86,"column":5}},{"start":{},"end":{}}],"line":84},"11":{"loc":{"start":{"line":84,"column":8},"end":{"line":84,"column":83}},"type":"binary-expr","locations":[{"start":{"line":84,"column":8},"end":{"line":84,"column":34}},{"start":{"line":84,"column":38},"end":{"line":84,"column":83}}],"line":84},"12":{"loc":{"start":{"line":100,"column":4},"end":{"line":104,"column":5}},"type":"if","locations":[{"start":{"line":100,"column":4},"end":{"line":104,"column":5}},{"start":{},"end":{}}],"line":100},"13":{"loc":{"start":{"line":126,"column":4},"end":{"line":128,"column":5}},"type":"if","locations":[{"start":{"line":126,"column":4},"end":{"line":128,"column":5}},{"start":{},"end":{}}],"line":126},"14":{"loc":{"start":{"line":138,"column":4},"end":{"line":140,"column":5}},"type":"if","locations":[{"start":{"line":138,"column":4},"end":{"line":140,"column":5}},{"start":{},"end":{}}],"line":138}},"s":{"0":1,"1":2,"2":2,"3":2,"4":2,"5":2,"6":2,"7":2,"8":2,"9":2,"10":2,"11":2,"12":0,"13":0,"14":0,"15":2,"16":0,"17":0,"18":0,"19":2,"20":2,"21":2,"22":2,"23":2,"24":2,"25":2,"26":2,"27":1,"28":1,"29":2,"30":2,"31":2,"32":2,"33":2,"34":0,"35":4,"36":4,"37":4,"38":1,"39":3,"40":3,"41":1,"42":2,"43":2,"44":0,"45":3,"46":3,"47":3,"48":3,"49":1,"50":2,"51":2,"52":1,"53":1,"54":1,"55":1,"56":1,"57":1,"58":0,"59":1,"60":0,"61":2,"62":2,"63":2,"64":1,"65":1,"66":0,"67":1},"f":{"0":2,"1":2,"2":2,"3":4,"4":3,"5":1,"6":2},"b":{"0":[2,0],"1":[0,2],"2":[0,2],"3":[2,0],"4":[2,2],"5":[2,2],"6":[1,1],"7":[1,0],"8":[2,0],"9":[1,3],"10":[1,2],"11":[3,2],"12":[1,2],"13":[0,1],"14":[1,1]},"_coverageSchema":"1a1c01bbd47fc00a2c39e90264f33305004495a9","hash":"c3150ae46084152f0219fe15b496d890a1575515"}
,"C:\\Users\\HP\\Downloads\\peers\\senegal-connect\\src\\controllers\\forfaits.controller.js": {"path":"C:\\Users\\HP\\Downloads\\peers\\senegal-connect\\src\\controllers\\forfaits.controller.js","statementMap":{"0":{"start":{"line":1,"column":18},"end":{"line":1,"column":41}},"1":{"start":{"line":4,"column":2},"end":{"line":16,"column":3}},"2":{"start":{"line":5,"column":21},"end":{"line":12,"column":6}},"3":{"start":{"line":13,"column":4},"end":{"line":13,"column":28}},"4":{"start":{"line":15,"column":4},"end":{"line":15,"column":14}},"5":{"start":{"line":20,"column":2},"end":{"line":50,"column":3}},"6":{"start":{"line":21,"column":28},"end":{"line":21,"column":96}},"7":{"start":{"line":22,"column":4},"end":{"line":24,"column":5}},"8":{"start":{"line":23,"column":6},"end":{"line":23,"column":70}},"9":{"start":{"line":26,"column":17},"end":{"line":26,"column":63}},"10":{"start":{"line":27,"column":19},"end":{"line":27,"column":83}},"11":{"start":{"line":28,"column":19},"end":{"line":28,"column":38}},"12":{"start":{"line":30,"column":45},"end":{"line":37,"column":6}},"13":{"start":{"line":39,"column":18},"end":{"line":39,"column":59}},"14":{"start":{"line":41,"column":4},"end":{"line":47,"column":7}},"15":{"start":{"line":49,"column":4},"end":{"line":49,"column":14}},"16":{"start":{"line":54,"column":2},"end":{"line":64,"column":3}},"17":{"start":{"line":55,"column":77},"end":{"line":55,"column":85}},"18":{"start":{"line":56,"column":21},"end":{"line":60,"column":5}},"19":{"start":{"line":61,"column":4},"end":{"line":61,"column":43}},"20":{"start":{"line":63,"column":4},"end":{"line":63,"column":14}},"21":{"start":{"line":68,"column":2},"end":{"line":81,"column":3}},"22":{"start":{"line":69,"column":77},"end":{"line":69,"column":85}},"23":{"start":{"line":70,"column":21},"end":{"line":74,"column":5}},"24":{"start":{"line":75,"column":4},"end":{"line":77,"column":5}},"25":{"start":{"line":76,"column":6},"end":{"line":76,"column":70}},"26":{"start":{"line":78,"column":4},"end":{"line":78,"column":31}},"27":{"start":{"line":80,"column":4},"end":{"line":80,"column":14}},"28":{"start":{"line":85,"column":2},"end":{"line":103,"column":3}},"29":{"start":{"line":86,"column":20},"end":{"line":89,"column":5}},"30":{"start":{"line":90,"column":4},"end":{"line":94,"column":5}},"31":{"start":{"line":91,"column":6},"end":{"line":93,"column":101}},"32":{"start":{"line":96,"column":21},"end":{"line":96,"column":100}},"33":{"start":{"line":97,"column":4},"end":{"line":99,"column":5}},"34":{"start":{"line":98,"column":6},"end":{"line":98,"column":70}},"35":{"start":{"line":100,"column":4},"end":{"line":100,"column":27}},"36":{"start":{"line":102,"column":4},"end":{"line":102,"column":14}},"37":{"start":{"line":106,"column":0},"end":{"line":106,"column":63}}},"fnMap":{"0":{"name":"liste","decl":{"start":{"line":3,"column":15},"end":{"line":3,"column":20}},"loc":{"start":{"line":3,"column":37},"end":{"line":17,"column":1}},"line":3},"1":{"name":"detail","decl":{"start":{"line":19,"column":15},"end":{"line":19,"column":21}},"loc":{"start":{"line":19,"column":38},"end":{"line":51,"column":1}},"line":19},"2":{"name":"creer","decl":{"start":{"line":53,"column":15},"end":{"line":53,"column":20}},"loc":{"start":{"line":53,"column":37},"end":{"line":65,"column":1}},"line":53},"3":{"name":"modifier","decl":{"start":{"line":67,"column":15},"end":{"line":67,"column":23}},"loc":{"start":{"line":67,"column":40},"end":{"line":82,"column":1}},"line":67},"4":{"name":"supprimer","decl":{"start":{"line":84,"column":15},"end":{"line":84,"column":24}},"loc":{"start":{"line":84,"column":41},"end":{"line":104,"column":1}},"line":84}},"branchMap":{"0":{"loc":{"start":{"line":22,"column":4},"end":{"line":24,"column":5}},"type":"if","locations":[{"start":{"line":22,"column":4},"end":{"line":24,"column":5}},{"start":{},"end":{}}],"line":22},"1":{"loc":{"start":{"line":26,"column":26},"end":{"line":26,"column":59}},"type":"binary-expr","locations":[{"start":{"line":26,"column":26},"end":{"line":26,"column":54}},{"start":{"line":26,"column":58},"end":{"line":26,"column":59}}],"line":26},"2":{"loc":{"start":{"line":27,"column":37},"end":{"line":27,"column":73}},"type":"binary-expr","locations":[{"start":{"line":27,"column":37},"end":{"line":27,"column":67}},{"start":{"line":27,"column":71},"end":{"line":27,"column":73}}],"line":27},"3":{"loc":{"start":{"line":45,"column":56},"end":{"line":45,"column":86}},"type":"binary-expr","locations":[{"start":{"line":45,"column":56},"end":{"line":45,"column":81}},{"start":{"line":45,"column":85},"end":{"line":45,"column":86}}],"line":45},"4":{"loc":{"start":{"line":59,"column":62},"end":{"line":59,"column":96}},"type":"cond-expr","locations":[{"start":{"line":59,"column":84},"end":{"line":59,"column":89}},{"start":{"line":59,"column":92},"end":{"line":59,"column":96}}],"line":59},"5":{"loc":{"start":{"line":75,"column":4},"end":{"line":77,"column":5}},"type":"if","locations":[{"start":{"line":75,"column":4},"end":{"line":77,"column":5}},{"start":{},"end":{}}],"line":75},"6":{"loc":{"start":{"line":90,"column":4},"end":{"line":94,"column":5}},"type":"if","locations":[{"start":{"line":90,"column":4},"end":{"line":94,"column":5}},{"start":{},"end":{}}],"line":90},"7":{"loc":{"start":{"line":97,"column":4},"end":{"line":99,"column":5}},"type":"if","locations":[{"start":{"line":97,"column":4},"end":{"line":99,"column":5}},{"start":{},"end":{}}],"line":97}},"s":{"0":1,"1":2,"2":2,"3":1,"4":1,"5":2,"6":2,"7":2,"8":1,"9":1,"10":1,"11":1,"12":1,"13":1,"14":1,"15":0,"16":1,"17":1,"18":1,"19":1,"20":0,"21":1,"22":1,"23":1,"24":1,"25":0,"26":1,"27":0,"28":2,"29":2,"30":2,"31":1,"32":1,"33":1,"34":0,"35":1,"36":0,"37":1},"f":{"0":2,"1":2,"2":1,"3":1,"4":2},"b":{"0":[1,1],"1":[1,1],"2":[1,1],"3":[1,0],"4":[0,1],"5":[0,1],"6":[1,1],"7":[0,1]},"_coverageSchema":"1a1c01bbd47fc00a2c39e90264f33305004495a9","hash":"94b2884dd2ceebeda056a7a49f771f4639e65952"}
,"C:\\Users\\HP\\Downloads\\peers\\senegal-connect\\src\\controllers\\stats.controller.js": {"path":"C:\\Users\\HP\\Downloads\\peers\\senegal-connect\\src\\controllers\\stats.controller.js","statementMap":{"0":{"start":{"line":1,"column":18},"end":{"line":1,"column":41}},"1":{"start":{"line":5,"column":2},"end":{"line":18,"column":3}},"2":{"start":{"line":6,"column":21},"end":{"line":14,"column":6}},"3":{"start":{"line":15,"column":4},"end":{"line":15,"column":31}},"4":{"start":{"line":17,"column":4},"end":{"line":17,"column":14}},"5":{"start":{"line":21,"column":0},"end":{"line":21,"column":35}}},"fnMap":{"0":{"name":"tableauDeBord","decl":{"start":{"line":4,"column":15},"end":{"line":4,"column":28}},"loc":{"start":{"line":4,"column":45},"end":{"line":19,"column":1}},"line":4}},"branchMap":{},"s":{"0":1,"1":1,"2":1,"3":1,"4":0,"5":1},"f":{"0":1},"b":{},"_coverageSchema":"1a1c01bbd47fc00a2c39e90264f33305004495a9","hash":"226e74da23a658d359fb254db46707fbbfbc3fbd"}
,"C:\\Users\\HP\\Downloads\\peers\\senegal-connect\\src\\controllers\\tickets.controller.js": {"path":"C:\\Users\\HP\\Downloads\\peers\\senegal-connect\\src\\controllers\\tickets.controller.js","statementMap":{"0":{"start":{"line":1,"column":18},"end":{"line":1,"column":41}},"1":{"start":{"line":4,"column":21},"end":{"line":4,"column":23}},"2":{"start":{"line":5,"column":18},"end":{"line":5,"column":20}},"3":{"start":{"line":6,"column":10},"end":{"line":6,"column":11}},"4":{"start":{"line":8,"column":2},"end":{"line":12,"column":3}},"5":{"start":{"line":9,"column":4},"end":{"line":9,"column":38}},"6":{"start":{"line":10,"column":4},"end":{"line":10,"column":34}},"7":{"start":{"line":11,"column":4},"end":{"line":11,"column":8}},"8":{"start":{"line":13,"column":2},"end":{"line":17,"column":3}},"9":{"start":{"line":14,"column":4},"end":{"line":14,"column":41}},"10":{"start":{"line":15,"column":4},"end":{"line":15,"column":37}},"11":{"start":{"line":16,"column":4},"end":{"line":16,"column":8}},"12":{"start":{"line":19,"column":2},"end":{"line":29,"column":3}},"13":{"start":{"line":22,"column":4},"end":{"line":22,"column":62}},"14":{"start":{"line":23,"column":4},"end":{"line":23,"column":32}},"15":{"start":{"line":24,"column":4},"end":{"line":24,"column":8}},"16":{"start":{"line":25,"column":9},"end":{"line":29,"column":3}},"17":{"start":{"line":26,"column":4},"end":{"line":26,"column":40}},"18":{"start":{"line":27,"column":4},"end":{"line":27,"column":36}},"19":{"start":{"line":28,"column":4},"end":{"line":28,"column":8}},"20":{"start":{"line":31,"column":19},"end":{"line":31,"column":79}},"21":{"start":{"line":32,"column":2},"end":{"line":32,"column":31}},"22":{"start":{"line":36,"column":2},"end":{"line":69,"column":3}},"23":{"start":{"line":37,"column":17},"end":{"line":37,"column":63}},"24":{"start":{"line":38,"column":19},"end":{"line":38,"column":83}},"25":{"start":{"line":39,"column":19},"end":{"line":39,"column":38}},"26":{"start":{"line":43,"column":20},"end":{"line":43,"column":36}},"27":{"start":{"line":44,"column":24},"end":{"line":44,"column":28}},"28":{"start":{"line":46,"column":4},"end":{"line":51,"column":5}},"29":{"start":{"line":47,"column":24},"end":{"line":47,"column":102}},"30":{"start":{"line":48,"column":6},"end":{"line":48,"column":72}},"31":{"start":{"line":49,"column":11},"end":{"line":51,"column":5}},"32":{"start":{"line":50,"column":6},"end":{"line":50,"column":34}},"33":{"start":{"line":53,"column":34},"end":{"line":53,"column":75}},"34":{"start":{"line":55,"column":26},"end":{"line":55,"column":90}},"35":{"start":{"line":56,"column":18},"end":{"line":56,"column":59}},"36":{"start":{"line":58,"column":28},"end":{"line":61,"column":5}},"37":{"start":{"line":63,"column":4},"end":{"line":66,"column":7}},"38":{"start":{"line":68,"column":4},"end":{"line":68,"column":14}},"39":{"start":{"line":73,"column":2},"end":{"line":97,"column":3}},"40":{"start":{"line":74,"column":21},"end":{"line":79,"column":5}},"41":{"start":{"line":80,"column":4},"end":{"line":82,"column":5}},"42":{"start":{"line":81,"column":6},"end":{"line":81,"column":69}},"43":{"start":{"line":84,"column":19},"end":{"line":84,"column":35}},"44":{"start":{"line":86,"column":4},"end":{"line":88,"column":5}},"45":{"start":{"line":87,"column":6},"end":{"line":87,"column":98}},"46":{"start":{"line":89,"column":4},"end":{"line":91,"column":5}},"47":{"start":{"line":90,"column":6},"end":{"line":90,"column":89}},"48":{"start":{"line":93,"column":4},"end":{"line":93,"column":40}},"49":{"start":{"line":94,"column":4},"end":{"line":94,"column":21}},"50":{"start":{"line":96,"column":4},"end":{"line":96,"column":14}},"51":{"start":{"line":101,"column":2},"end":{"line":132,"column":3}},"52":{"start":{"line":102,"column":19},"end":{"line":102,"column":37}},"53":{"start":{"line":105,"column":4},"end":{"line":115,"column":5}},"54":{"start":{"line":106,"column":24},"end":{"line":106,"column":102}},"55":{"start":{"line":107,"column":6},"end":{"line":111,"column":7}},"56":{"start":{"line":108,"column":8},"end":{"line":110,"column":11}},"57":{"start":{"line":112,"column":6},"end":{"line":112,"column":38}},"58":{"start":{"line":113,"column":11},"end":{"line":115,"column":5}},"59":{"start":{"line":114,"column":6},"end":{"line":114,"column":106}},"60":{"start":{"line":117,"column":21},"end":{"line":120,"column":5}},"61":{"start":{"line":121,"column":19},"end":{"line":121,"column":35}},"62":{"start":{"line":124,"column":15},"end":{"line":124,"column":32}},"63":{"start":{"line":125,"column":4},"end":{"line":127,"column":5}},"64":{"start":{"line":126,"column":6},"end":{"line":126,"column":53}},"65":{"start":{"line":129,"column":4},"end":{"line":129,"column":33}},"66":{"start":{"line":131,"column":4},"end":{"line":131,"column":14}},"67":{"start":{"line":136,"column":2},"end":{"line":151,"column":3}},"68":{"start":{"line":137,"column":23},"end":{"line":137,"column":31}},"69":{"start":{"line":140,"column":6},"end":{"line":142,"column":68}},"70":{"start":{"line":144,"column":21},"end":{"line":144,"column":62}},"71":{"start":{"line":145,"column":4},"end":{"line":147,"column":5}},"72":{"start":{"line":146,"column":6},"end":{"line":146,"column":69}},"73":{"start":{"line":148,"column":4},"end":{"line":148,"column":31}},"74":{"start":{"line":150,"column":4},"end":{"line":150,"column":14}},"75":{"start":{"line":156,"column":2},"end":{"line":195,"column":3}},"76":{"start":{"line":157,"column":19},"end":{"line":157,"column":21}},"77":{"start":{"line":158,"column":23},"end":{"line":158,"column":41}},"78":{"start":{"line":159,"column":20},"end":{"line":159,"column":35}},"79":{"start":{"line":161,"column":4},"end":{"line":164,"column":5}},"80":{"start":{"line":162,"column":6},"end":{"line":162,"column":40}},"81":{"start":{"line":163,"column":6},"end":{"line":163,"column":36}},"82":{"start":{"line":166,"column":21},"end":{"line":169,"column":5}},"83":{"start":{"line":171,"column":19},"end":{"line":171,"column":32}},"84":{"start":{"line":174,"column":4},"end":{"line":190,"column":5}},"85":{"start":{"line":175,"column":26},"end":{"line":175,"column":49}},"86":{"start":{"line":175,"column":44},"end":{"line":175,"column":48}},"87":{"start":{"line":176,"column":32},"end":{"line":179,"column":7}},"88":{"start":{"line":181,"column":34},"end":{"line":181,"column":36}},"89":{"start":{"line":182,"column":6},"end":{"line":185,"column":9}},"90":{"start":{"line":183,"column":8},"end":{"line":183,"column":87}},"91":{"start":{"line":183,"column":48},"end":{"line":183,"column":87}},"92":{"start":{"line":184,"column":8},"end":{"line":184,"column":83}},"93":{"start":{"line":187,"column":6},"end":{"line":189,"column":9}},"94":{"start":{"line":188,"column":8},"end":{"line":188,"column":54}},"95":{"start":{"line":192,"column":4},"end":{"line":192,"column":31}},"96":{"start":{"line":194,"column":4},"end":{"line":194,"column":14}},"97":{"start":{"line":201,"column":2},"end":{"line":215,"column":3}},"98":{"start":{"line":202,"column":4},"end":{"line":204,"column":5}},"99":{"start":{"line":203,"column":6},"end":{"line":203,"column":102}},"100":{"start":{"line":206,"column":4},"end":{"line":212,"column":7}},"101":{"start":{"line":214,"column":4},"end":{"line":214,"column":14}},"102":{"start":{"line":219,"column":2},"end":{"line":226,"column":3}},"103":{"start":{"line":220,"column":21},"end":{"line":222,"column":6}},"104":{"start":{"line":223,"column":4},"end":{"line":223,"column":38}},"105":{"start":{"line":225,"column":4},"end":{"line":225,"column":14}},"106":{"start":{"line":229,"column":0},"end":{"line":229,"column":100}}},"fnMap":{"0":{"name":"construireFiltres","decl":{"start":{"line":3,"column":9},"end":{"line":3,"column":26}},"loc":{"start":{"line":3,"column":59},"end":{"line":33,"column":1}},"line":3},"1":{"name":"liste","decl":{"start":{"line":35,"column":15},"end":{"line":35,"column":20}},"loc":{"start":{"line":35,"column":37},"end":{"line":70,"column":1}},"line":35},"2":{"name":"detail","decl":{"start":{"line":72,"column":15},"end":{"line":72,"column":21}},"loc":{"start":{"line":72,"column":38},"end":{"line":98,"column":1}},"line":72},"3":{"name":"creer","decl":{"start":{"line":100,"column":15},"end":{"line":100,"column":20}},"loc":{"start":{"line":100,"column":37},"end":{"line":133,"column":1}},"line":100},"4":{"name":"changerStatut","decl":{"start":{"line":135,"column":15},"end":{"line":135,"column":28}},"loc":{"start":{"line":135,"column":45},"end":{"line":152,"column":1}},"line":135},"5":{"name":"messages","decl":{"start":{"line":155,"column":15},"end":{"line":155,"column":23}},"loc":{"start":{"line":155,"column":40},"end":{"line":196,"column":1}},"line":155},"6":{"name":"(anonymous_6)","decl":{"start":{"line":175,"column":37},"end":{"line":175,"column":38}},"loc":{"start":{"line":175,"column":44},"end":{"line":175,"column":48}},"line":175},"7":{"name":"(anonymous_7)","decl":{"start":{"line":182,"column":37},"end":{"line":182,"column":38}},"loc":{"start":{"line":182,"column":44},"end":{"line":185,"column":7}},"line":182},"8":{"name":"(anonymous_8)","decl":{"start":{"line":187,"column":21},"end":{"line":187,"column":22}},"loc":{"start":{"line":187,"column":28},"end":{"line":189,"column":7}},"line":187},"9":{"name":"uploadFichier","decl":{"start":{"line":200,"column":15},"end":{"line":200,"column":28}},"loc":{"start":{"line":200,"column":45},"end":{"line":216,"column":1}},"line":200},"10":{"name":"historiqueAppels","decl":{"start":{"line":218,"column":15},"end":{"line":218,"column":31}},"loc":{"start":{"line":218,"column":48},"end":{"line":227,"column":1}},"line":218}},"branchMap":{"0":{"loc":{"start":{"line":3,"column":37},"end":{"line":3,"column":57}},"type":"default-arg","locations":[{"start":{"line":3,"column":53},"end":{"line":3,"column":57}}],"line":3},"1":{"loc":{"start":{"line":8,"column":2},"end":{"line":12,"column":3}},"type":"if","locations":[{"start":{"line":8,"column":2},"end":{"line":12,"column":3}},{"start":{},"end":{}}],"line":8},"2":{"loc":{"start":{"line":13,"column":2},"end":{"line":17,"column":3}},"type":"if","locations":[{"start":{"line":13,"column":2},"end":{"line":17,"column":3}},{"start":{},"end":{}}],"line":13},"3":{"loc":{"start":{"line":19,"column":2},"end":{"line":29,"column":3}},"type":"if","locations":[{"start":{"line":19,"column":2},"end":{"line":29,"column":3}},{"start":{"line":25,"column":9},"end":{"line":29,"column":3}}],"line":19},"4":{"loc":{"start":{"line":25,"column":9},"end":{"line":29,"column":3}},"type":"if","locations":[{"start":{"line":25,"column":9},"end":{"line":29,"column":3}},{"start":{},"end":{}}],"line":25},"5":{"loc":{"start":{"line":31,"column":19},"end":{"line":31,"column":79}},"type":"cond-expr","locations":[{"start":{"line":31,"column":39},"end":{"line":31,"column":74}},{"start":{"line":31,"column":77},"end":{"line":31,"column":79}}],"line":31},"6":{"loc":{"start":{"line":37,"column":26},"end":{"line":37,"column":59}},"type":"binary-expr","locations":[{"start":{"line":37,"column":26},"end":{"line":37,"column":54}},{"start":{"line":37,"column":58},"end":{"line":37,"column":59}}],"line":37},"7":{"loc":{"start":{"line":38,"column":37},"end":{"line":38,"column":73}},"type":"binary-expr","locations":[{"start":{"line":38,"column":37},"end":{"line":38,"column":67}},{"start":{"line":38,"column":71},"end":{"line":38,"column":73}}],"line":38},"8":{"loc":{"start":{"line":46,"column":4},"end":{"line":51,"column":5}},"type":"if","locations":[{"start":{"line":46,"column":4},"end":{"line":51,"column":5}},{"start":{"line":49,"column":11},"end":{"line":51,"column":5}}],"line":46},"9":{"loc":{"start":{"line":48,"column":26},"end":{"line":48,"column":71}},"type":"cond-expr","locations":[{"start":{"line":48,"column":46},"end":{"line":48,"column":66}},{"start":{"line":48,"column":69},"end":{"line":48,"column":71}}],"line":48},"10":{"loc":{"start":{"line":49,"column":11},"end":{"line":51,"column":5}},"type":"if","locations":[{"start":{"line":49,"column":11},"end":{"line":51,"column":5}},{"start":{},"end":{}}],"line":49},"11":{"loc":{"start":{"line":65,"column":54},"end":{"line":65,"column":84}},"type":"binary-expr","locations":[{"start":{"line":65,"column":54},"end":{"line":65,"column":79}},{"start":{"line":65,"column":83},"end":{"line":65,"column":84}}],"line":65},"12":{"loc":{"start":{"line":80,"column":4},"end":{"line":82,"column":5}},"type":"if","locations":[{"start":{"line":80,"column":4},"end":{"line":82,"column":5}},{"start":{},"end":{}}],"line":80},"13":{"loc":{"start":{"line":86,"column":4},"end":{"line":88,"column":5}},"type":"if","locations":[{"start":{"line":86,"column":4},"end":{"line":88,"column":5}},{"start":{},"end":{}}],"line":86},"14":{"loc":{"start":{"line":86,"column":8},"end":{"line":86,"column":82}},"type":"binary-expr","locations":[{"start":{"line":86,"column":8},"end":{"line":86,"column":34}},{"start":{"line":86,"column":38},"end":{"line":86,"column":82}}],"line":86},"15":{"loc":{"start":{"line":89,"column":4},"end":{"line":91,"column":5}},"type":"if","locations":[{"start":{"line":89,"column":4},"end":{"line":91,"column":5}},{"start":{},"end":{}}],"line":89},"16":{"loc":{"start":{"line":89,"column":8},"end":{"line":89,"column":87}},"type":"binary-expr","locations":[{"start":{"line":89,"column":8},"end":{"line":89,"column":33}},{"start":{"line":89,"column":37},"end":{"line":89,"column":52}},{"start":{"line":89,"column":56},"end":{"line":89,"column":87}}],"line":89},"17":{"loc":{"start":{"line":105,"column":4},"end":{"line":115,"column":5}},"type":"if","locations":[{"start":{"line":105,"column":4},"end":{"line":115,"column":5}},{"start":{"line":113,"column":11},"end":{"line":115,"column":5}}],"line":105},"18":{"loc":{"start":{"line":107,"column":6},"end":{"line":111,"column":7}},"type":"if","locations":[{"start":{"line":107,"column":6},"end":{"line":111,"column":7}},{"start":{},"end":{}}],"line":107},"19":{"loc":{"start":{"line":113,"column":11},"end":{"line":115,"column":5}},"type":"if","locations":[{"start":{"line":113,"column":11},"end":{"line":115,"column":5}},{"start":{},"end":{}}],"line":113},"20":{"loc":{"start":{"line":125,"column":4},"end":{"line":127,"column":5}},"type":"if","locations":[{"start":{"line":125,"column":4},"end":{"line":127,"column":5}},{"start":{},"end":{}}],"line":125},"21":{"loc":{"start":{"line":140,"column":6},"end":{"line":142,"column":68}},"type":"cond-expr","locations":[{"start":{"line":141,"column":10},"end":{"line":141,"column":86}},{"start":{"line":142,"column":10},"end":{"line":142,"column":68}}],"line":140},"22":{"loc":{"start":{"line":145,"column":4},"end":{"line":147,"column":5}},"type":"if","locations":[{"start":{"line":145,"column":4},"end":{"line":147,"column":5}},{"start":{},"end":{}}],"line":145},"23":{"loc":{"start":{"line":161,"column":4},"end":{"line":164,"column":5}},"type":"if","locations":[{"start":{"line":161,"column":4},"end":{"line":164,"column":5}},{"start":{},"end":{}}],"line":161},"24":{"loc":{"start":{"line":174,"column":4},"end":{"line":190,"column":5}},"type":"if","locations":[{"start":{"line":174,"column":4},"end":{"line":190,"column":5}},{"start":{},"end":{}}],"line":174},"25":{"loc":{"start":{"line":183,"column":8},"end":{"line":183,"column":87}},"type":"if","locations":[{"start":{"line":183,"column":8},"end":{"line":183,"column":87}},{"start":{},"end":{}}],"line":183},"26":{"loc":{"start":{"line":188,"column":22},"end":{"line":188,"column":53}},"type":"binary-expr","locations":[{"start":{"line":188,"column":22},"end":{"line":188,"column":47}},{"start":{"line":188,"column":51},"end":{"line":188,"column":53}}],"line":188},"27":{"loc":{"start":{"line":202,"column":4},"end":{"line":204,"column":5}},"type":"if","locations":[{"start":{"line":202,"column":4},"end":{"line":204,"column":5}},{"start":{},"end":{}}],"line":202}},"s":{"0":0,"1":0,"2":0,"3":0,"4":0,"5":0,"6":0,"7":0,"8":0,"9":0,"10":0,"11":0,"12":0,"13":0,"14":0,"15":0,"16":0,"17":0,"18":0,"19":0,"20":0,"21":0,"22":0,"23":0,"24":0,"25":0,"26":0,"27":0,"28":0,"29":0,"30":0,"31":0,"32":0,"33":0,"34":0,"35":0,"36":0,"37":0,"38":0,"39":0,"40":0,"41":0,"42":0,"43":0,"44":0,"45":0,"46":0,"47":0,"48":0,"49":0,"50":0,"51":0,"52":0,"53":0,"54":0,"55":0,"56":0,"57":0,"58":0,"59":0,"60":0,"61":0,"62":0,"63":0,"64":0,"65":0,"66":0,"67":0,"68":0,"69":0,"70":0,"71":0,"72":0,"73":0,"74":0,"75":0,"76":0,"77":0,"78":0,"79":0,"80":0,"81":0,"82":0,"83":0,"84":0,"85":0,"86":0,"87":0,"88":0,"89":0,"90":0,"91":0,"92":0,"93":0,"94":0,"95":0,"96":0,"97":0,"98":0,"99":0,"100":0,"101":0,"102":0,"103":0,"104":0,"105":0,"106":0},"f":{"0":0,"1":0,"2":0,"3":0,"4":0,"5":0,"6":0,"7":0,"8":0,"9":0,"10":0},"b":{"0":[0],"1":[0,0],"2":[0,0],"3":[0,0],"4":[0,0],"5":[0,0],"6":[0,0],"7":[0,0],"8":[0,0],"9":[0,0],"10":[0,0],"11":[0,0],"12":[0,0],"13":[0,0],"14":[0,0],"15":[0,0],"16":[0,0,0],"17":[0,0],"18":[0,0],"19":[0,0],"20":[0,0],"21":[0,0],"22":[0,0],"23":[0,0],"24":[0,0],"25":[0,0],"26":[0,0],"27":[0,0]}}
,"C:\\Users\\HP\\Downloads\\peers\\senegal-connect\\src\\middleware\\auth.js": {"path":"C:\\Users\\HP\\Downloads\\peers\\senegal-connect\\src\\middleware\\auth.js","statementMap":{"0":{"start":{"line":1,"column":12},"end":{"line":1,"column":35}},"1":{"start":{"line":2,"column":15},"end":{"line":2,"column":42}},"2":{"start":{"line":7,"column":17},"end":{"line":7,"column":42}},"3":{"start":{"line":9,"column":2},"end":{"line":11,"column":3}},"4":{"start":{"line":10,"column":4},"end":{"line":10,"column":63}},"5":{"start":{"line":13,"column":16},"end":{"line":13,"column":36}},"6":{"start":{"line":15,"column":2},"end":{"line":25,"column":3}},"7":{"start":{"line":16,"column":20},"end":{"line":16,"column":61}},"8":{"start":{"line":17,"column":4},"end":{"line":17,"column":23}},"9":{"start":{"line":18,"column":4},"end":{"line":18,"column":11}},"10":{"start":{"line":20,"column":4},"end":{"line":22,"column":5}},"11":{"start":{"line":21,"column":6},"end":{"line":21,"column":91}},"12":{"start":{"line":23,"column":4},"end":{"line":23,"column":55}},"13":{"start":{"line":24,"column":4},"end":{"line":24,"column":63}},"14":{"start":{"line":30,"column":2},"end":{"line":35,"column":4}},"15":{"start":{"line":31,"column":4},"end":{"line":33,"column":5}},"16":{"start":{"line":32,"column":6},"end":{"line":32,"column":85}},"17":{"start":{"line":34,"column":4},"end":{"line":34,"column":11}},"18":{"start":{"line":38,"column":0},"end":{"line":38,"column":45}}},"fnMap":{"0":{"name":"verifierJWT","decl":{"start":{"line":6,"column":9},"end":{"line":6,"column":20}},"loc":{"start":{"line":6,"column":37},"end":{"line":26,"column":1}},"line":6},"1":{"name":"garderRole","decl":{"start":{"line":29,"column":9},"end":{"line":29,"column":19}},"loc":{"start":{"line":29,"column":30},"end":{"line":36,"column":1}},"line":29},"2":{"name":"(anonymous_2)","decl":{"start":{"line":30,"column":9},"end":{"line":30,"column":10}},"loc":{"start":{"line":30,"column":29},"end":{"line":35,"column":3}},"line":30}},"branchMap":{"0":{"loc":{"start":{"line":9,"column":2},"end":{"line":11,"column":3}},"type":"if","locations":[{"start":{"line":9,"column":2},"end":{"line":11,"column":3}},{"start":{},"end":{}}],"line":9},"1":{"loc":{"start":{"line":9,"column":6},"end":{"line":9,"column":46}},"type":"binary-expr","locations":[{"start":{"line":9,"column":6},"end":{"line":9,"column":13}},{"start":{"line":9,"column":17},"end":{"line":9,"column":46}}],"line":9},"2":{"loc":{"start":{"line":20,"column":4},"end":{"line":22,"column":5}},"type":"if","locations":[{"start":{"line":20,"column":4},"end":{"line":22,"column":5}},{"start":{},"end":{}}],"line":20},"3":{"loc":{"start":{"line":31,"column":4},"end":{"line":33,"column":5}},"type":"if","locations":[{"start":{"line":31,"column":4},"end":{"line":33,"column":5}},{"start":{},"end":{}}],"line":31},"4":{"loc":{"start":{"line":31,"column":8},"end":{"line":31,"column":51}},"type":"binary-expr","locations":[{"start":{"line":31,"column":8},"end":{"line":31,"column":17}},{"start":{"line":31,"column":21},"end":{"line":31,"column":51}}],"line":31}},"s":{"0":1,"1":1,"2":40,"3":40,"4":1,"5":39,"6":39,"7":39,"8":37,"9":37,"10":2,"11":1,"12":1,"13":1,"14":11,"15":23,"16":1,"17":22,"18":1},"f":{"0":40,"1":11,"2":23},"b":{"0":[1,39],"1":[40,39],"2":[1,1],"3":[1,22],"4":[23,23]},"_coverageSchema":"1a1c01bbd47fc00a2c39e90264f33305004495a9","hash":"3c87c69a64eab92bbc2bed31cb64d7d877a49369"}
,"C:\\Users\\HP\\Downloads\\peers\\senegal-connect\\src\\middleware\\erreurs.js": {"path":"C:\\Users\\HP\\Downloads\\peers\\senegal-connect\\src\\middleware\\erreurs.js","statementMap":{"0":{"start":{"line":1,"column":15},"end":{"line":1,"column":32}},"1":{"start":{"line":2,"column":15},"end":{"line":2,"column":42}},"2":{"start":{"line":7,"column":2},"end":{"line":9,"column":3}},"3":{"start":{"line":8,"column":4},"end":{"line":8,"column":81}},"4":{"start":{"line":10,"column":2},"end":{"line":12,"column":3}},"5":{"start":{"line":11,"column":4},"end":{"line":11,"column":58}},"6":{"start":{"line":15,"column":2},"end":{"line":18,"column":3}},"7":{"start":{"line":16,"column":18},"end":{"line":16,"column":112}},"8":{"start":{"line":17,"column":4},"end":{"line":17,"column":86}},"9":{"start":{"line":21,"column":2},"end":{"line":23,"column":3}},"10":{"start":{"line":22,"column":4},"end":{"line":22,"column":101}},"11":{"start":{"line":25,"column":2},"end":{"line":25,"column":41}},"12":{"start":{"line":27,"column":18},"end":{"line":27,"column":55}},"13":{"start":{"line":28,"column":2},"end":{"line":31,"column":5}},"14":{"start":{"line":35,"column":2},"end":{"line":35,"column":90}},"15":{"start":{"line":38,"column":0},"end":{"line":38,"column":56}}},"fnMap":{"0":{"name":"gestionnaireErreurs","decl":{"start":{"line":5,"column":9},"end":{"line":5,"column":28}},"loc":{"start":{"line":5,"column":50},"end":{"line":32,"column":1}},"line":5},"1":{"name":"routeInconnue","decl":{"start":{"line":34,"column":9},"end":{"line":34,"column":22}},"loc":{"start":{"line":34,"column":33},"end":{"line":36,"column":1}},"line":34}},"branchMap":{"0":{"loc":{"start":{"line":7,"column":2},"end":{"line":9,"column":3}},"type":"if","locations":[{"start":{"line":7,"column":2},"end":{"line":9,"column":3}},{"start":{},"end":{}}],"line":7},"1":{"loc":{"start":{"line":10,"column":2},"end":{"line":12,"column":3}},"type":"if","locations":[{"start":{"line":10,"column":2},"end":{"line":12,"column":3}},{"start":{},"end":{}}],"line":10},"2":{"loc":{"start":{"line":10,"column":6},"end":{"line":10,"column":95}},"type":"binary-expr","locations":[{"start":{"line":10,"column":6},"end":{"line":10,"column":37}},{"start":{"line":10,"column":41},"end":{"line":10,"column":95}}],"line":10},"3":{"loc":{"start":{"line":15,"column":2},"end":{"line":18,"column":3}},"type":"if","locations":[{"start":{"line":15,"column":2},"end":{"line":18,"column":3}},{"start":{},"end":{}}],"line":15},"4":{"loc":{"start":{"line":16,"column":18},"end":{"line":16,"column":112}},"type":"cond-expr","locations":[{"start":{"line":16,"column":68},"end":{"line":16,"column":102}},{"start":{"line":16,"column":105},"end":{"line":16,"column":112}}],"line":16},"5":{"loc":{"start":{"line":16,"column":19},"end":{"line":16,"column":64}},"type":"binary-expr","locations":[{"start":{"line":16,"column":19},"end":{"line":16,"column":29}},{"start":{"line":16,"column":33},"end":{"line":16,"column":64}}],"line":16},"6":{"loc":{"start":{"line":21,"column":2},"end":{"line":23,"column":3}},"type":"if","locations":[{"start":{"line":21,"column":2},"end":{"line":23,"column":3}},{"start":{},"end":{}}],"line":21},"7":{"loc":{"start":{"line":25,"column":15},"end":{"line":25,"column":39}},"type":"binary-expr","locations":[{"start":{"line":25,"column":15},"end":{"line":25,"column":24}},{"start":{"line":25,"column":28},"end":{"line":25,"column":39}}],"line":25},"8":{"loc":{"start":{"line":30,"column":8},"end":{"line":30,"column":46}},"type":"cond-expr","locations":[{"start":{"line":30,"column":18},"end":{"line":30,"column":20}},{"start":{"line":30,"column":23},"end":{"line":30,"column":46}}],"line":30}},"s":{"0":1,"1":1,"2":3,"3":0,"4":3,"5":0,"6":3,"7":1,"8":1,"9":2,"10":1,"11":1,"12":1,"13":1,"14":16,"15":1},"f":{"0":3,"1":16},"b":{"0":[0,3],"1":[0,3],"2":[3,3],"3":[1,2],"4":[1,0],"5":[1,1],"6":[1,1],"7":[1,0],"8":[0,1]},"_coverageSchema":"1a1c01bbd47fc00a2c39e90264f33305004495a9","hash":"78305d88b84b1899c7aade19085e20dc64a7ab92"}
,"C:\\Users\\HP\\Downloads\\peers\\senegal-connect\\src\\middleware\\upload.js": {"path":"C:\\Users\\HP\\Downloads\\peers\\senegal-connect\\src\\middleware\\upload.js","statementMap":{"0":{"start":{"line":1,"column":15},"end":{"line":1,"column":32}},"1":{"start":{"line":2,"column":13},"end":{"line":2,"column":28}},"2":{"start":{"line":3,"column":23},"end":{"line":3,"column":38}},"3":{"start":{"line":6,"column":24},"end":{"line":6,"column":110}},"4":{"start":{"line":8,"column":17},"end":{"line":15,"column":2}},"5":{"start":{"line":9,"column":34},"end":{"line":9,"column":54}},"6":{"start":{"line":12,"column":22},"end":{"line":12,"column":53}},"7":{"start":{"line":13,"column":4},"end":{"line":13,"column":40}},"8":{"start":{"line":18,"column":2},"end":{"line":22,"column":3}},"9":{"start":{"line":19,"column":4},"end":{"line":19,"column":19}},"10":{"start":{"line":21,"column":4},"end":{"line":21,"column":69}},"11":{"start":{"line":25,"column":15},"end":{"line":29,"column":2}},"12":{"start":{"line":31,"column":0},"end":{"line":31,"column":24}}},"fnMap":{"0":{"name":"(anonymous_0)","decl":{"start":{"line":9,"column":15},"end":{"line":9,"column":16}},"loc":{"start":{"line":9,"column":34},"end":{"line":9,"column":54}},"line":9},"1":{"name":"(anonymous_1)","decl":{"start":{"line":10,"column":12},"end":{"line":10,"column":13}},"loc":{"start":{"line":10,"column":31},"end":{"line":14,"column":3}},"line":10},"2":{"name":"filtreFichier","decl":{"start":{"line":17,"column":9},"end":{"line":17,"column":22}},"loc":{"start":{"line":17,"column":38},"end":{"line":23,"column":1}},"line":17}},"branchMap":{"0":{"loc":{"start":{"line":18,"column":2},"end":{"line":22,"column":3}},"type":"if","locations":[{"start":{"line":18,"column":2},"end":{"line":22,"column":3}},{"start":{"line":20,"column":9},"end":{"line":22,"column":3}}],"line":18},"1":{"loc":{"start":{"line":28,"column":22},"end":{"line":28,"column":81}},"type":"binary-expr","locations":[{"start":{"line":28,"column":22},"end":{"line":28,"column":61}},{"start":{"line":28,"column":65},"end":{"line":28,"column":81}}],"line":28}},"s":{"0":0,"1":0,"2":0,"3":0,"4":0,"5":0,"6":0,"7":0,"8":0,"9":0,"10":0,"11":0,"12":0},"f":{"0":0,"1":0,"2":0},"b":{"0":[0,0],"1":[0,0]}}
,"C:\\Users\\HP\\Downloads\\peers\\senegal-connect\\src\\routes\\auth.js": {"path":"C:\\Users\\HP\\Downloads\\peers\\senegal-connect\\src\\routes\\auth.js","statementMap":{"0":{"start":{"line":1,"column":16},"end":{"line":1,"column":34}},"1":{"start":{"line":2,"column":17},"end":{"line":2,"column":45}},"2":{"start":{"line":3,"column":31},"end":{"line":3,"column":61}},"3":{"start":{"line":4,"column":24},"end":{"line":4,"column":53}},"4":{"start":{"line":5,"column":19},"end":{"line":5,"column":60}},"5":{"start":{"line":7,"column":15},"end":{"line":7,"column":31}},"6":{"start":{"line":9,"column":0},"end":{"line":20,"column":2}},"7":{"start":{"line":22,"column":0},"end":{"line":30,"column":2}},"8":{"start":{"line":32,"column":0},"end":{"line":32,"column":54}},"9":{"start":{"line":34,"column":0},"end":{"line":34,"column":24}}},"fnMap":{},"branchMap":{},"s":{"0":1,"1":1,"2":1,"3":1,"4":1,"5":1,"6":1,"7":1,"8":1,"9":1},"f":{},"b":{},"_coverageSchema":"1a1c01bbd47fc00a2c39e90264f33305004495a9","hash":"1ea29dbd0d3e49473e5022669690b4ee9bcc56de"}
,"C:\\Users\\HP\\Downloads\\peers\\senegal-connect\\src\\routes\\clients.js": {"path":"C:\\Users\\HP\\Downloads\\peers\\senegal-connect\\src\\routes\\clients.js","statementMap":{"0":{"start":{"line":1,"column":16},"end":{"line":1,"column":34}},"1":{"start":{"line":2,"column":24},"end":{"line":2,"column":52}},"2":{"start":{"line":3,"column":31},"end":{"line":3,"column":61}},"3":{"start":{"line":4,"column":36},"end":{"line":4,"column":65}},"4":{"start":{"line":5,"column":19},"end":{"line":5,"column":63}},"5":{"start":{"line":7,"column":15},"end":{"line":7,"column":31}},"6":{"start":{"line":9,"column":25},"end":{"line":17,"column":1}},"7":{"start":{"line":19,"column":0},"end":{"line":19,"column":47}},"8":{"start":{"line":21,"column":0},"end":{"line":27,"column":2}},"9":{"start":{"line":29,"column":0},"end":{"line":36,"column":2}},"10":{"start":{"line":38,"column":0},"end":{"line":45,"column":2}},"11":{"start":{"line":47,"column":0},"end":{"line":54,"column":2}},"12":{"start":{"line":56,"column":0},"end":{"line":56,"column":78}},"13":{"start":{"line":58,"column":0},"end":{"line":58,"column":24}}},"fnMap":{},"branchMap":{},"s":{"0":1,"1":1,"2":1,"3":1,"4":1,"5":1,"6":1,"7":1,"8":1,"9":1,"10":1,"11":1,"12":1,"13":1},"f":{},"b":{},"_coverageSchema":"1a1c01bbd47fc00a2c39e90264f33305004495a9","hash":"a2efaf964a47a14d3486af287364bf958b6bdbef"}
,"C:\\Users\\HP\\Downloads\\peers\\senegal-connect\\src\\routes\\factures.js": {"path":"C:\\Users\\HP\\Downloads\\peers\\senegal-connect\\src\\routes\\factures.js","statementMap":{"0":{"start":{"line":1,"column":16},"end":{"line":1,"column":34}},"1":{"start":{"line":2,"column":17},"end":{"line":2,"column":45}},"2":{"start":{"line":3,"column":31},"end":{"line":3,"column":61}},"3":{"start":{"line":4,"column":36},"end":{"line":4,"column":65}},"4":{"start":{"line":5,"column":19},"end":{"line":5,"column":64}},"5":{"start":{"line":7,"column":15},"end":{"line":7,"column":31}},"6":{"start":{"line":9,"column":0},"end":{"line":9,"column":47}},"7":{"start":{"line":10,"column":0},"end":{"line":10,"column":51}},"8":{"start":{"line":12,"column":0},"end":{"line":24,"column":2}},"9":{"start":{"line":26,"column":0},"end":{"line":33,"column":2}},"10":{"start":{"line":35,"column":0},"end":{"line":35,"column":78}},"11":{"start":{"line":37,"column":0},"end":{"line":37,"column":24}}},"fnMap":{},"branchMap":{},"s":{"0":1,"1":1,"2":1,"3":1,"4":1,"5":1,"6":1,"7":1,"8":1,"9":1,"10":1,"11":1},"f":{},"b":{},"_coverageSchema":"1a1c01bbd47fc00a2c39e90264f33305004495a9","hash":"28ede9f9a6f1d46c830598c7f5c89c2984fbee2f"}
,"C:\\Users\\HP\\Downloads\\peers\\senegal-connect\\src\\routes\\forfaits.js": {"path":"C:\\Users\\HP\\Downloads\\peers\\senegal-connect\\src\\routes\\forfaits.js","statementMap":{"0":{"start":{"line":1,"column":16},"end":{"line":1,"column":34}},"1":{"start":{"line":2,"column":17},"end":{"line":2,"column":45}},"2":{"start":{"line":3,"column":31},"end":{"line":3,"column":61}},"3":{"start":{"line":4,"column":36},"end":{"line":4,"column":65}},"4":{"start":{"line":5,"column":19},"end":{"line":5,"column":64}},"5":{"start":{"line":7,"column":15},"end":{"line":7,"column":31}},"6":{"start":{"line":9,"column":26},"end":{"line":14,"column":1}},"7":{"start":{"line":16,"column":0},"end":{"line":16,"column":34}},"8":{"start":{"line":17,"column":0},"end":{"line":17,"column":38}},"9":{"start":{"line":18,"column":0},"end":{"line":18,"column":108}},"10":{"start":{"line":19,"column":0},"end":{"line":19,"column":113}},"11":{"start":{"line":20,"column":0},"end":{"line":20,"column":78}},"12":{"start":{"line":22,"column":0},"end":{"line":22,"column":24}}},"fnMap":{},"branchMap":{},"s":{"0":1,"1":1,"2":1,"3":1,"4":1,"5":1,"6":1,"7":1,"8":1,"9":1,"10":1,"11":1,"12":1},"f":{},"b":{},"_coverageSchema":"1a1c01bbd47fc00a2c39e90264f33305004495a9","hash":"0d56cce4647fe87a6060483abb989aa7164f7f75"}
,"C:\\Users\\HP\\Downloads\\peers\\senegal-connect\\src\\routes\\stats.js": {"path":"C:\\Users\\HP\\Downloads\\peers\\senegal-connect\\src\\routes\\stats.js","statementMap":{"0":{"start":{"line":1,"column":16},"end":{"line":1,"column":34}},"1":{"start":{"line":2,"column":36},"end":{"line":2,"column":65}},"2":{"start":{"line":3,"column":19},"end":{"line":3,"column":61}},"3":{"start":{"line":5,"column":15},"end":{"line":5,"column":31}},"4":{"start":{"line":7,"column":0},"end":{"line":7,"column":76}},"5":{"start":{"line":9,"column":0},"end":{"line":9,"column":24}}},"fnMap":{},"branchMap":{},"s":{"0":1,"1":1,"2":1,"3":1,"4":1,"5":1},"f":{},"b":{},"_coverageSchema":"1a1c01bbd47fc00a2c39e90264f33305004495a9","hash":"c376667da3b90f4d3199ca7cee0fdff51487817f"}
,"C:\\Users\\HP\\Downloads\\peers\\senegal-connect\\src\\routes\\tickets.js": {"path":"C:\\Users\\HP\\Downloads\\peers\\senegal-connect\\src\\routes\\tickets.js","statementMap":{"0":{"start":{"line":1,"column":16},"end":{"line":1,"column":34}},"1":{"start":{"line":2,"column":17},"end":{"line":2,"column":45}},"2":{"start":{"line":3,"column":31},"end":{"line":3,"column":61}},"3":{"start":{"line":4,"column":36},"end":{"line":4,"column":65}},"4":{"start":{"line":5,"column":15},"end":{"line":5,"column":46}},"5":{"start":{"line":6,"column":19},"end":{"line":6,"column":63}},"6":{"start":{"line":8,"column":15},"end":{"line":8,"column":31}},"7":{"start":{"line":10,"column":0},"end":{"line":10,"column":47}},"8":{"start":{"line":11,"column":0},"end":{"line":11,"column":51}},"9":{"start":{"line":13,"column":0},"end":{"line":19,"column":2}},"10":{"start":{"line":21,"column":0},"end":{"line":28,"column":2}},"11":{"start":{"line":30,"column":0},"end":{"line":30,"column":62}},"12":{"start":{"line":31,"column":0},"end":{"line":31,"column":68}},"13":{"start":{"line":32,"column":0},"end":{"line":32,"column":93}},"14":{"start":{"line":34,"column":0},"end":{"line":34,"column":24}}},"fnMap":{},"branchMap":{},"s":{"0":0,"1":0,"2":0,"3":0,"4":0,"5":0,"6":0,"7":0,"8":0,"9":0,"10":0,"11":0,"12":0,"13":0,"14":0},"f":{},"b":{}}
,"C:\\Users\\HP\\Downloads\\peers\\senegal-connect\\src\\socket\\appels.js": {"path":"C:\\Users\\HP\\Downloads\\peers\\senegal-connect\\src\\socket\\appels.js","statementMap":{"0":{"start":{"line":1,"column":18},"end":{"line":1,"column":41}},"1":{"start":{"line":2,"column":15},"end":{"line":2,"column":42}},"2":{"start":{"line":11,"column":2},"end":{"line":126,"column":5}},"3":{"start":{"line":12,"column":24},"end":{"line":12,"column":40}},"4":{"start":{"line":15,"column":4},"end":{"line":63,"column":7}},"5":{"start":{"line":16,"column":6},"end":{"line":62,"column":7}},"6":{"start":{"line":17,"column":31},"end":{"line":22,"column":9}},"7":{"start":{"line":23,"column":23},"end":{"line":23,"column":45}},"8":{"start":{"line":25,"column":8},"end":{"line":27,"column":9}},"9":{"start":{"line":26,"column":10},"end":{"line":26,"column":84}},"10":{"start":{"line":29,"column":8},"end":{"line":31,"column":9}},"11":{"start":{"line":30,"column":10},"end":{"line":30,"column":119}},"12":{"start":{"line":33,"column":34},"end":{"line":33,"column":114}},"13":{"start":{"line":34,"column":33},"end":{"line":34,"column":99}},"14":{"start":{"line":35,"column":8},"end":{"line":37,"column":9}},"15":{"start":{"line":36,"column":10},"end":{"line":36,"column":100}},"16":{"start":{"line":39,"column":31},"end":{"line":39,"column":109}},"17":{"start":{"line":40,"column":8},"end":{"line":42,"column":9}},"18":{"start":{"line":41,"column":10},"end":{"line":41,"column":110}},"19":{"start":{"line":44,"column":25},"end":{"line":48,"column":9}},"20":{"start":{"line":49,"column":22},"end":{"line":49,"column":38}},"21":{"start":{"line":51,"column":8},"end":{"line":51,"column":66}},"22":{"start":{"line":51,"column":39},"end":{"line":51,"column":66}},"23":{"start":{"line":53,"column":8},"end":{"line":59,"column":11}},"24":{"start":{"line":61,"column":8},"end":{"line":61,"column":55}},"25":{"start":{"line":66,"column":4},"end":{"line":76,"column":7}},"26":{"start":{"line":67,"column":6},"end":{"line":75,"column":7}},"27":{"start":{"line":68,"column":25},"end":{"line":68,"column":113}},"28":{"start":{"line":69,"column":22},"end":{"line":69,"column":38}},"29":{"start":{"line":70,"column":8},"end":{"line":70,"column":27}},"30":{"start":{"line":70,"column":20},"end":{"line":70,"column":27}},"31":{"start":{"line":72,"column":8},"end":{"line":72,"column":108}},"32":{"start":{"line":74,"column":8},"end":{"line":74,"column":56}},"33":{"start":{"line":79,"column":4},"end":{"line":92,"column":7}},"34":{"start":{"line":80,"column":6},"end":{"line":91,"column":7}},"35":{"start":{"line":81,"column":25},"end":{"line":84,"column":9}},"36":{"start":{"line":85,"column":22},"end":{"line":85,"column":38}},"37":{"start":{"line":86,"column":8},"end":{"line":86,"column":27}},"38":{"start":{"line":86,"column":20},"end":{"line":86,"column":27}},"39":{"start":{"line":88,"column":8},"end":{"line":88,"column":79}},"40":{"start":{"line":90,"column":8},"end":{"line":90,"column":55}},"41":{"start":{"line":95,"column":4},"end":{"line":114,"column":7}},"42":{"start":{"line":96,"column":6},"end":{"line":113,"column":7}},"43":{"start":{"line":97,"column":30},"end":{"line":97,"column":90}},"44":{"start":{"line":98,"column":22},"end":{"line":98,"column":43}},"45":{"start":{"line":99,"column":8},"end":{"line":99,"column":27}},"46":{"start":{"line":99,"column":20},"end":{"line":99,"column":27}},"47":{"start":{"line":101,"column":30},"end":{"line":101,"column":111}},"48":{"start":{"line":103,"column":25},"end":{"line":106,"column":9}},"49":{"start":{"line":107,"column":29},"end":{"line":107,"column":45}},"50":{"start":{"line":109,"column":8},"end":{"line":109,"column":88}},"51":{"start":{"line":110,"column":8},"end":{"line":110,"column":90}},"52":{"start":{"line":112,"column":8},"end":{"line":112,"column":56}},"53":{"start":{"line":117,"column":4},"end":{"line":125,"column":7}},"54":{"start":{"line":118,"column":6},"end":{"line":118,"column":28}},"55":{"start":{"line":11
[...]
":{"line":103,"column":34}},"loc":{"start":{"line":103,"column":67},"end":{"line":134,"column":5}},"line":103},"8":{"name":"(anonymous_8)","decl":{"start":{"line":137,"column":33},"end":{"line":137,"column":34}},"loc":{"start":{"line":137,"column":77},"end":{"line":155,"column":5}},"line":137},"9":{"name":"(anonymous_9)","decl":{"start":{"line":158,"column":28},"end":{"line":158,"column":29}},"loc":{"start":{"line":158,"column":58},"end":{"line":182,"column":5}},"line":158},"10":{"name":"(anonymous_10)","decl":{"start":{"line":185,"column":32},"end":{"line":185,"column":33}},"loc":{"start":{"line":185,"column":69},"end":{"line":224,"column":5}},"line":185},"11":{"name":"(anonymous_11)","decl":{"start":{"line":227,"column":34},"end":{"line":227,"column":35}},"loc":{"start":{"line":227,"column":58},"end":{"line":249,"column":5}},"line":227},"12":{"name":"(anonymous_12)","decl":{"start":{"line":252,"column":24},"end":{"line":252,"column":25}},"loc":{"start":{"line":252,"column":52},"end":{"line":255,"column":5}},"line":252},"13":{"name":"(anonymous_13)","decl":{"start":{"line":258,"column":31},"end":{"line":258,"column":32}},"loc":{"start":{"line":258,"column":65},"end":{"line":287,"column":5}},"line":258},"14":{"name":"(anonymous_14)","decl":{"start":{"line":289,"column":28},"end":{"line":289,"column":29}},"loc":{"start":{"line":289,"column":34},"end":{"line":291,"column":5}},"line":289}},"branchMap":{"0":{"loc":{"start":{"line":12,"column":18},"end":{"line":12,"column":70}},"type":"binary-expr","locations":[{"start":{"line":12,"column":18},"end":{"line":12,"column":39}},{"start":{"line":12,"column":43},"end":{"line":12,"column":70}}],"line":12},"1":{"loc":{"start":{"line":13,"column":4},"end":{"line":15,"column":5}},"type":"if","locations":[{"start":{"line":13,"column":4},"end":{"line":15,"column":5}},{"start":{},"end":{}}],"line":13},"2":{"loc":{"start":{"line":34,"column":11},"end":{"line":34,"column":35}},"type":"binary-expr","locations":[{"start":{"line":34,"column":11},"end":{"line":34,"column":27}},{"start":{"line":34,"column":31},"end":{"line":34,"column":35}}],"line":34},"3":{"loc":{"start":{"line":41,"column":4},"end":{"line":41,"column":30}},"type":"if","locations":[{"start":{"line":41,"column":4},"end":{"line":41,"column":30}},{"start":{},"end":{}}],"line":41},"4":{"loc":{"start":{"line":42,"column":4},"end":{"line":42,"column":50}},"type":"if","locations":[{"start":{"line":42,"column":4},"end":{"line":42,"column":50}},{"start":{},"end":{}}],"line":42},"5":{"loc":{"start":{"line":43,"column":4},"end":{"line":43,"column":94}},"type":"if","locations":[{"start":{"line":43,"column":4},"end":{"line":43,"column":94}},{"start":{},"end":{}}],"line":43},"6":{"loc":{"start":{"line":44,"column":4},"end":{"line":44,"column":100}},"type":"if","locations":[{"start":{"line":44,"column":4},"end":{"line":44,"column":100}},{"start":{},"end":{}}],"line":44},"7":{"loc":{"start":{"line":44,"column":45},"end":{"line":44,"column":99}},"type":"binary-expr","locations":[{"start":{"line":44,"column":45},"end":{"line":44,"column":61}},{"start":{"line":44,"column":65},"end":{"line":44,"column":99}}],"line":44},"8":{"loc":{"start":{"line":53,"column":4},"end":{"line":55,"column":5}},"type":"if","locations":[{"start":{"line":53,"column":4},"end":{"line":55,"column":5}},{"start":{},"end":{}}],"line":53},"9":{"loc":{"start":{"line":59,"column":41},"end":{"line":59,"column":58}},"type":"default-arg","locations":[{"start":{"line":59,"column":56},"end":{"line":59,"column":58}}],"line":59},"10":{"loc":{"start":{"line":62,"column":8},"end":{"line":62,"column":57}},"type":"if","locations":[{"start":{"line":62,"column":8},"end":{"line":62,"column":57}},{"start":{},"end":{}}],"line":62},"11":{"loc":{"start":{"line":71,"column":38},"end":{"line":71,"column":50}},"type":"default-arg","locations":[{"start":{"line":71,"column":48},"end":{"line":71,"column":50}}],"line":71},"12":{"loc":{"start":{"line":75,"column":8},"end":{"line":78,"column":9}},"type":"if","locations":[{"start":{"line":75,"column":8},"end":{"line":78,"column":9}},{"start":{},"end":{}}],"line":75},"13":{"loc":{"start":{"line":77,"column":21},"end":{"line":77,"column":68}},"type":"cond-expr","locations":[{"start":{"line":77,"column":41},"end":{"line":77,"column":61}},{"start":{"line":77,"column":64},"end":{"line":77,"column":68}}],"line":77},"14":{"loc":{"start":{"line":79,"column":8},"end":{"line":81,"column":9}},"type":"if","locations":[{"start":{"line":79,"column":8},"end":{"line":81,"column":9}},{"start":{},"end":{}}],"line":79},"15":{"loc":{"start":{"line":80,"column":17},"end":{"line":80,"column":93}},"type":"binary-expr","locations":[{"start":{"line":80,"column":17},"end":{"line":80,"column":42}},{"start":{"line":80,"column":46},"end":{"line":80,"column":93}}],"line":80},"16":{"loc":{"start":{"line":82,"column":8},"end":{"line":84,"column":9}},"type":"if","locations":[{"start":{"line":82,"column":8},"end":{"line":84,"column":9}},{"start":{},"end":{}}],"line":82},"17":{"loc":{"start":{"line":82,"column":12},"end":{"line":82,"column":51}},"type":"binary-expr","locations":[{"start":{"line":82,"column":12},"end":{"line":82,"column":26}},{"start":{"line":82,"column":30},"end":{"line":82,"column":51}}],"line":82},"18":{"loc":{"start":{"line":83,"column":17},"end":{"line":83,"column":84}},"type":"binary-expr","locations":[{"start":{"line":83,"column":17},"end":{"line":83,"column":42}},{"start":{"line":83,"column":46},"end":{"line":83,"column":84}}],"line":83},"19":{"loc":{"start":{"line":95,"column":8},"end":{"line":95,"column":51}},"type":"if","locations":[{"start":{"line":95,"column":8},"end":{"line":95,"column":51}},{"start":{},"end":{}}],"line":95},"20":{"loc":{"start":{"line":98,"column":8},"end":{"line":98,"column":70}},"type":"binary-expr","locations":[{"start":{"line":98,"column":8},"end":{"line":98,"column":33}},{"start":{"line":98,"column":37},"end":{"line":98,"column":70}}],"line":98},"21":{"loc":{"start":{"line":103,"column":40},"end":{"line":103,"column":57}},"type":"default-arg","locations":[{"start":{"line":103,"column":55},"end":{"line":103,"column":57}}],"line":103},"22":{"loc":{"start":{"line":105,"column":8},"end":{"line":107,"column":9}},"type":"if","locations":[{"start":{"line":105,"column":8},"end":{"line":107,"column":9}},{"start":{},"end":{}}],"line":105},"23":{"loc":{"start":{"line":106,"column":17},"end":{"line":106,"column":111}},"type":"binary-expr","locations":[{"start":{"line":106,"column":17},"end":{"line":106,"column":42}},{"start":{"line":106,"column":46},"end":{"line":106,"column":111}}],"line":106},"24":{"loc":{"start":{"line":110,"column":8},"end":{"line":112,"column":9}},"type":"if","locations":[{"start":{"line":110,"column":8},"end":{"line":112,"column":9}},{"start":{},"end":{}}],"line":110},"25":{"loc":{"start":{"line":111,"column":17},"end":{"line":111,"column":83}},"type":"binary-expr","locations":[{"start":{"line":111,"column":17},"end":{"line":111,"column":42}},{"start":{"line":111,"column":46},"end":{"line":111,"column":83}}],"line":111},"26":{"loc":{"start":{"line":113,"column":8},"end":{"line":115,"column":9}},"type":"if","locations":[{"start":{"line":113,"column":8},"end":{"line":115,"column":9}},{"start":{},"end":{}}],"line":113},"27":{"loc":{"start":{"line":113,"column":12},"end":{"line":113,"column":75}},"type":"binary-expr","locations":[{"start":{"line":113,"column":12},"end":{"line":113,"column":32}},{"start":{"line":113,"column":36},"end":{"line":113,"column":75}}],"line":113},"28":{"loc":{"start":{"line":114,"column":17},"end":{"line":114,"column":117}},"type":"binary-expr","locations":[{"start":{"line":114,"column":17},"end":{"line":114,"column":42}},{"start":{"line":114,"column":46},"end":{"line":114,"column":117}}],"line":114},"29":{"loc":{"start":{"line":124,"column":8},"end":{"line":124,"column":51}},"type":"if","locations":[{"start":{"line":124,"column":8},"end":{"line":124,"column":51}},{"start":{},"end":{}}],"line":124},"30":{"loc":{"start":{"line":126,"column":8},"end":{"line":128,"column":9}},"type":"if","locations":[{"start":{"line":126,"column":8},"end":{"line":128,"column":9}},{"start":{},"end":{}}],"line":126},"31":{"loc":{"start":{"line":137,"column":40},"end":{"line":137,"column":72}},"type":"default-arg","locations":[{"start":{"line":137,"column":70},"end":{"line":137,"column":72}}],"line":137},"32":{"loc":{"start":{"line":139,"column":8},"end":{"line":139,"column":48}},"type":"if","locations":[{"start":{"line":139,"column":8},"end":{"line":139,"column":48}},{"start":{},"end":{}}],"line":139},"33":{"loc":{"start":{"line":139,"column":12},"end":{"line":139,"column":39}},"type":"binary-expr","locations":[{"start":{"line":139,"column":12},"end":{"line":139,"column":20}},{"start":{"line":139,"column":24},"end":{"line":139,"column":39}}],"line":139},"34":{"loc":{"start":{"line":142,"column":8},"end":{"line":142,"column":57}},"type":"if","locations":[{"start":{"line":142,"column":8},"end":{"line":142,"column":57}},{"start":{},"end":{}}],"line":142},"35":{"loc":{"start":{"line":148,"column":37},"end":{"line":148,"column":52}},"type":"binary-expr","locations":[{"start":{"line":148,"column":37},"end":{"line":148,"column":41}},{"start":{"line":148,"column":45},"end":{"line":148,"column":52}}],"line":148},"36":{"loc":{"start":{"line":158,"column":35},"end":{"line":158,"column":53}},"type":"default-arg","locations":[{"start":{"line":158,"column":51},"end":{"line":158,"column":53}}],"line":158},"37":{"loc":{"start":{"line":164,"column":8},"end":{"line":164,"column":29}},"type":"if","locations":[{"start":{"line":164,"column":8},"end":{"line":164,"column":29}},{"start":{},"end":{}}],"line":164},"38":{"loc":{"start":{"line":167,"column":8},"end":{"line":167,"column":57}},"type":"if","locations":[{"start":{"line":167,"column":8},"end":{"line":167,"column":57}},{"start":{},"end":{}}],"line":167},"39":{"loc":{"start":{"line":176,"column":8},"end":{"line":178,"column":9}},"type":"if","locations":[{"start":{"line":176,"column":8},"end":{"line":178,"column":9}},{"start":{},"end":{}}],"line":176},"40":{"loc":{"start":{"line":176,"column":12},"end":{"line":176,"column":77}},"type":"binary-expr","locations":[{"start":{"line":176,"column":12},"end":{"line":176,"column":33}},{"start":{"line":176,"column":37},"end":{"line":176,"column":77}}],"line":176},"41":{"loc":{"start":{"line":185,"column":39},"end":{"line":185,"column":64}},"type":"default-arg","locations":[{"start":{"line":185,"column":62},"end":{"line":185,"column":64}}],"line":185},"42":{"loc":{"start":{"line":187,"column":8},"end":{"line":187,"column":27}},"type":"if","locations":[{"start":{"line":187,"column":8},"end":{"line":187,"column":27}},{"start":{},"end":{}}],"line":187},"43":{"loc":{"start":{"line":191,"column":8},"end":{"line":191,"column":29}},"type":"if","locations":[{"start":{"line":191,"column":8},"end":{"line":191,"column":29}},{"start":{},"end":{}}],"line":191},"44":{"loc":{"start":{"line":194,"column":8},"end":{"line":194,"column":57}},"type":"if","locations":[{"start":{"line":194,"column":8},"end":{"line":194,"column":57}},{"start":{},"end":{}}],"line":194},"45":{"loc":{"start":{"line":201,"column":8},"end":{"line":213,"column":9}},"type":"if","locations":[{"start":{"line":201,"column":8},"end":{"line":213,"column":9}},{"start":{"line":207,"column":15},"end":{"line":213,"column":9}}],"line":201},"46":{"loc":{"start":{"line":227,"column":41},"end":{"line":227,"column":53}},"type":"default-arg","locations":[{"start":{"line":227,"column":51},"end":{"line":227,"column":53}}],"line":227},"47":{"loc":{"start":{"line":230,"column":8},"end":{"line":230,"column":45}},"type":"if","locations":[{"start":{"line":230,"column":8},"end":{"line":230,"column":45}},{"start":{},"end":{}}],"line":230},"48":{"loc":{"start":{"line":230,"column":12},"end":{"line":230,"column":36}},"type":"binary-expr","locations":[{"start":{"line":230,"column":12},"end":{"line":230,"column":21}},{"start":{"line":230,"column":25},"end":{"line":230,"column":36}}],"line":230},"49":{"loc":{"start":{"line":233,"column":8},"end":{"line":233,"column":57}},"type":"if","locations":[{"start":{"line":233,"column":8},"end":{"line":233,"column":57}},{"start":{},"end":{}}],"line":233},"50":{"loc":{"start":{"line":236,"column":8},"end":{"line":237,"column":75}},"type":"if","locations":[{"start":{"line":236,"column":8},"end":{"line":237,"column":75}},{"start":{"line":237,"column":13},"end":{"line":237,"column":75}}],"line":236},"51":{"loc":{"start":{"line":236,"column":12},"end":{"line":236,"column":53}},"type":"binary-expr","locations":[{"start":{"line":236,"column":12},"end":{"line":236,"column":20}},{"start":{"line":236,"column":24},"end":{"line":236,"column":53}}],"line":236},"52":{"loc":{"start":{"line":237,"column":13},"end":{"line":237,"column":75}},"type":"if","locations":[{"start":{"line":237,"column":13},"end":{"line":237,"column":75}},{"start":{},"end":{}}],"line":237},"53":{"loc":{"start":{"line":237,"column":17},"end":{"line":237,"column":58}},"type":"binary-expr","locations":[{"start":{"line":237,"column":17},"end":{"line":237,"column":25}},{"start":{"line":237,"column":29},"end":{"line":237,"column":58}}],"line":237},"54":{"loc":{"start":{"line":252,"column":25},"end":{"line":252,"column":47}},"type":"default-arg","locations":[{"start":{"line":252,"column":45},"end":{"line":252,"column":47}}],"line":252},"55":{"loc":{"start":{"line":253,"column":6},"end":{"line":253,"column":28}},"type":"if","locations":[{"start":{"line":253,"column":6},"end":{"line":253,"column":28}},{"start":{},"end":{}}],"line":253},"56":{"loc":{"start":{"line":258,"column":38},"end":{"line":258,"column":55}},"type":"default-arg","locations":[{"start":{"line":258,"column":53},"end":{"line":258,"column":55}}],"line":258},"57":{"loc":{"start":{"line":260,"column":8},"end":{"line":262,"column":9}},"type":"if","locations":[{"start":{"line":260,"column":8},"end":{"line":262,"column":9}},{"start":{},"end":{}}],"line":260},"58":{"loc":{"start":{"line":260,"column":12},"end":{"line":260,"column":72}},"type":"binary-expr","locations":[{"start":{"line":260,"column":12},"end":{"line":260,"column":40}},{"start":{"line":260,"column":44},"end":{"line":260,"column":72}}],"line":260},"59":{"loc":{"start":{"line":261,"column":17},"end":{"line":261,"column":102}},"type":"binary-expr","locations":[{"start":{"line":261,"column":17},"end":{"line":261,"column":42}},{"start":{"line":261,"column":46},"end":{"line":261,"column":102}}],"line":261},"60":{"loc":{"start":{"line":265,"column":8},"end":{"line":267,"column":9}},"type":"if","locations":[{"start":{"line":265,"column":8},"end":{"line":267,"column":9}},{"start":{},"end":{}}],"line":265},"61":{"loc":{"start":{"line":266,"column":17},"end":{"line":266,"column":92}},"type":"binary-expr","locations":[{"start":{"line":266,"column":17},"end":{"line":266,"column":42}},{"start":{"line":266,"column":46},"end":{"line":266,"column":92}}],"line":266},"62":{"loc":{"start":{"line":276,"column":8},"end":{"line":276,"column":51}},"type":"if","locations":[{"start":{"line":276,"column":8},"end":{"line":276,"column":51}},{"start":{},"end":{}}],"line":276},"63":{"loc":{"start":{"line":278,"column":8},"end":{"line":283,"column":9}},"type":"if","locations":[{"start":{"line":278,"column":8},"end":{"line":283,"column":9}},{"start":{},"end":{}}],"line":278}},"s":{"0":0,"1":0,"2":0,"3":0,"4":0,"5":0,"6":0,"7":0,"8":0,"9":0,"10":0,"11":0,"12":0,"13":0,"14":0,"15":0,"16":0,"17":0,"18":0,"19":0,"20":0,"21":0,"22":0,"23":0,"24":0,"25":0,"26":0,"27":0,"28":0,"29":0,"30":0,"31":0,"32":0,"33":0,"34":0,"35":0,"36":0,"37":0,"38":0,"39":0,"40":0,"41":0,"42":0,"43":0,"44":0,"45":0,"46":0,"47":0,"48":0,"49":0,"50":0,"51":0,"52":0,"53":0,"54":0,"55":0,"56":0,"57":0,"58":0,"59":0,"60":0,"61":0,"62":0,"63":0,"64":0,"65":0,"66":0,"67":0,"68":0,"69":0,"70":0,"71":0,"72":0,"73":0,"74":0,"75":0,"76":0,"77":0,"78":0,"79":0,"80":0,"81":0,"82":0,"83":0,"84":0,"85":0,"86":0,"87":0,"88":0,"89":0,"90":0,"91":0,"92":0,"93":0,"94":0,"95":0,"96":0,"97":0,"98":0,"99":0,"100":0,"101":0,"102":0,"103":0,"104":0,"105":0,"106":0,"107":0,"108":0,"109":0,"110":0,"111":0,"112":0,"113":0,"114":0,"115":0,"116":0,"117":0,"118":0,"119":0,"120":0,"121":0,"122":0,"123":0,"124":0,"125":0,"126":0,"127":0,"128":0,"129":0,"130":0,"131":0,"132":0,"133":0,"134":0,"135":0,"136":0,"137":0,"138":0,"139":0,"140":0,"141":0,"142":0,"143":0,"144":0,"145":0,"146":0,"147":0,"148":0,"149":0,"150":0,"151":0,"152":0,"153":0},"f":{"0":0,"1":0,"2":0,"3":0,"4":0,"5":0,"6":0,"7":0,"8":0,"9":0,"10":0,"11":0,"12":0,"13":0,"14":0},"b":{"0":[0,0],"1":[0,0],"2":[0,0],"3":[0,0],"4":[0,0],"5":[0,0],"6":[0,0],"7":[0,0],"8":[0,0],"9":[0],"10":[0,0],"11":[0],"12":[0,0],"13":[0,0],"14":[0,0],"15":[0,0],"16":[0,0],"17":[0,0],"18":[0,0],"19":[0,0],"20":[0,0],"21":[0],"22":[0,0],"23":[0,0],"24":[0,0],"25":[0,0],"26":[0,0],"27":[0,0],"28":[0,0],"29":[0,0],"30":[0,0],"31":[0],"32":[0,0],"33":[0,0],"34":[0,0],"35":[0,0],"36":[0],"37":[0,0],"38":[0,0],"39":[0,0],"40":[0,0],"41":[0],"42":[0,0],"43":[0,0],"44":[0,0],"45":[0,0],"46":[0],"47":[0,0],"48":[0,0],"49":[0,0],"50":[0,0],"51":[0,0],"52":[0,0],"53":[0,0],"54":[0],"55":[0,0],"56":[0],"57":[0,0],"58":[0,0],"59":[0,0],"60":[0,0],"61":[0,0],"62":[0,0],"63":[0,0]}}
,"C:\\Users\\HP\\Downloads\\peers\\senegal-connect\\src\\utils\\escapeHtml.js": {"path":"C:\\Users\\HP\\Downloads\\peers\\senegal-connect\\src\\utils\\escapeHtml.js","statementMap":{"0":{"start":{"line":5,"column":2},"end":{"line":7,"column":3}},"1":{"start":{"line":6,"column":4},"end":{"line":6,"column":17}},"2":{"start":{"line":9,"column":26},"end":{"line":16,"column":3}},"3":{"start":{"line":18,"column":2},"end":{"line":18,"column":79}},"4":{"start":{"line":18,"column":51},"end":{"line":18,"column":77}},"5":{"start":{"line":21,"column":0},"end":{"line":21,"column":32}}},"fnMap":{"0":{"name":"escapeHtml","decl":{"start":{"line":4,"column":9},"end":{"line":4,"column":19}},"loc":{"start":{"line":4,"column":27},"end":{"line":19,"column":1}},"line":4},"1":{"name":"(anonymous_1)","decl":{"start":{"line":18,"column":36},"end":{"line":18,"column":37}},"loc":{"start":{"line":18,"column":51},"end":{"line":18,"column":77}},"line":18}},"branchMap":{"0":{"loc":{"start":{"line":5,"column":2},"end":{"line":7,"column":3}},"type":"if","locations":[{"start":{"line":5,"column":2},"end":{"line":7,"column":3}},{"start":{},"end":{}}],"line":5}},"s":{"0":5,"1":2,"2":3,"3":3,"4":8,"5":1},"f":{"0":5,"1":8},"b":{"0":[2,3]},"_coverageSchema":"1a1c01bbd47fc00a2c39e90264f33305004495a9","hash":"4c1fbd726eb5f4dc746ba66f85545bd7b7919f9f"}
,"C:\\Users\\HP\\Downloads\\peers\\senegal-connect\\src\\utils\\validation.js": {"path":"C:\\Users\\HP\\Downloads\\peers\\senegal-connect\\src\\utils\\validation.js","statementMap":{"0":{"start":{"line":1,"column":29},"end":{"line":1,"column":57}},"1":{"start":{"line":6,"column":18},"end":{"line":6,"column":39}},"2":{"start":{"line":7,"column":2},"end":{"line":15,"column":3}},"3":{"start":{"line":8,"column":4},"end":{"line":14,"column":7}},"4":{"start":{"line":9,"column":43},"end":{"line":13,"column":7}},"5":{"start":{"line":16,"column":2},"end":{"line":16,"column":9}},"6":{"start":{"line":19,"column":0},"end":{"line":19,"column":40}}},"fnMap":{"0":{"name":"verifierValidation","decl":{"start":{"line":5,"column":9},"end":{"line":5,"column":27}},"loc":{"start":{"line":5,"column":44},"end":{"line":17,"column":1}},"line":5},"1":{"name":"(anonymous_1)","decl":{"start":{"line":9,"column":35},"end":{"line":9,"column":36}},"loc":{"start":{"line":9,"column":43},"end":{"line":13,"column":7}},"line":9}},"branchMap":{"0":{"loc":{"start":{"line":7,"column":2},"end":{"line":15,"column":3}},"type":"if","locations":[{"start":{"line":7,"column":2},"end":{"line":15,"column":3}},{"start":{},"end":{}}],"line":7}},"s":{"0":1,"1":26,"2":26,"3":6,"4":7,"5":20,"6":1},"f":{"0":26,"1":7},"b":{"0":[6,20]},"_coverageSchema":"1a1c01bbd47fc00a2c39e90264f33305004495a9","hash":"063a213a141b147f1e6de29b91602abd9365081b"}
}
