{"C:\\Users\\HP\\Downloads\\peers\\senegal-connect\\src\\server.js": {"path":"C:\\Users\\HP\\Downloads\\peers\\senegal-connect\\src\\server.js","statementMap":{"0":{"start":{"line":1,"column":0},"end":{"line":1,"column":27}},"1":{"start":{"line":3,"column":13},"end":{"line":3,"column":28}},"2":{"start":{"line":4,"column":13},"end":{"line":4,"column":28}},"3":{"start":{"line":5,"column":16},"end":{"line":5,"column":34}},"4":{"start":{"line":6,"column":13},"end":{"line":6,"column":28}},"5":{"start":{"line":7,"column":15},"end":{"line":7,"column":32}},"6":{"start":{"line":8,"column":19},"end":{"line":8,"column":39}},"7":{"start":{"line":9,"column":23},"end":{"line":9,"column":38}},"8":{"start":{"line":11,"column":15},"end":{"line":11,"column":41}},"9":{"start":{"line":12,"column":35},"end":{"line":12,"column":62}},"10":{"start":{"line":13,"column":47},"end":{"line":13,"column":78}},"11":{"start":{"line":15,"column":19},"end":{"line":15,"column":43}},"12":{"start":{"line":16,"column":22},"end":{"line":16,"column":49}},"13":{"start":{"line":17,"column":23},"end":{"line":17,"column":51}},"14":{"start":{"line":18,"column":23},"end":{"line":18,"column":51}},"15":{"start":{"line":19,"column":20},"end":{"line":19,"column":45}},"16":{"start":{"line":20,"column":22},"end":{"line":20,"column":49}},"17":{"start":{"line":21,"column":27},"end":{"line":21,"column":54}},"18":{"start":{"line":22,"column":26},"end":{"line":22,"column":52}},"19":{"start":{"line":24,"column":12},"end":{"line":24,"column":21}},"20":{"start":{"line":25,"column":15},"end":{"line":25,"column":37}},"21":{"start":{"line":28,"column":17},"end":{"line":31,"column":18}},"22":{"start":{"line":30,"column":14},"end":{"line":30,"column":22}},"23":{"start":{"line":33,"column":20},"end":{"line":37,"column":1}},"24":{"start":{"line":39,"column":0},"end":{"line":39,"column":27}},"25":{"start":{"line":40,"column":0},"end":{"line":40,"column":24}},"26":{"start":{"line":41,"column":0},"end":{"line":43,"column":1}},"27":{"start":{"line":42,"column":2},"end":{"line":42,"column":57}},"28":{"start":{"line":44,"column":0},"end":{"line":44,"column":59}},"29":{"start":{"line":45,"column":0},"end":{"line":45,"column":72}},"30":{"start":{"line":46,"column":0},"end":{"line":49,"column":4}},"31":{"start":{"line":50,"column":0},"end":{"line":52,"column":3}},"32":{"start":{"line":51,"column":2},"end":{"line":51,"column":24}},"33":{"start":{"line":55,"column":0},"end":{"line":55,"column":33}},"34":{"start":{"line":56,"column":0},"end":{"line":56,"column":39}},"35":{"start":{"line":57,"column":0},"end":{"line":57,"column":41}},"36":{"start":{"line":58,"column":0},"end":{"line":58,"column":41}},"37":{"start":{"line":59,"column":0},"end":{"line":59,"column":35}},"38":{"start":{"line":60,"column":0},"end":{"line":60,"column":39}},"39":{"start":{"line":62,"column":0},"end":{"line":64,"column":3}},"40":{"start":{"line":63,"column":2},"end":{"line":63,"column":30}},"41":{"start":{"line":66,"column":0},"end":{"line":68,"column":3}},"42":{"start":{"line":67,"column":2},"end":{"line":67,"column":28}},"43":{"start":{"line":71,"column":18},"end":{"line":71,"column":28}},"44":{"start":{"line":72,"column":0},"end":{"line":79,"column":3}},"45":{"start":{"line":73,"column":2},"end":{"line":78,"column":5}},"46":{"start":{"line":81,"column":11},"end":{"line":85,"column":2}},"47":{"start":{"line":88,"column":13},"end":{"line":88,"column":45}},"48":{"start":{"line":89,"column":18},"end":{"line":89,"column":57}},"49":{"start":{"line":101,"column":19},"end":{"line":109,"column":2}},"50":{"start":{"line":111,"column":0},"end":{"line":113,"column":3}},"51":{"start":{"line":112,"column":2},"end":{"line":112,"column":53}},"52":{"start":{"line":115,"column":0},"end":{"line":115,"column":55}},"53":{"start":{"line":117,"column":0},"end":{"line":117,"column":18}},"54":{"start":{"line":118,"column":0},"end":{"line":118,"column":20}},"55":{"start":{"line":119,"column":0},"end":{"line":119,"column":23}},"56":{"start":{"line":120,"column":0},"end":{"line":120,"column":22}},"57":{"start":{"line":123,"column":0},"end":{"line":123,"column":23}},"58":{"start":{"line":124,"column":0},"end":{"line":124,"column":29}},"59":{"start":{"line":128,"column":0},"end":{"line":132,"column":1}},"60":{"start":{"line":129,"column":2},"end":{"line":131,"column":5}},"61":{"start":{"line":130,"column":4},"end":{"line":130,"column":106}},"62":{"start":{"line":134,"column":0},"end":{"line":134,"column":21}}},"fnMap":{"0":{"name":"(anonymous_0)","decl":{"start":{"line":30,"column":7},"end":{"line":30,"column":8}},"loc":{"start":{"line":30,"column":14},"end":{"line":30,"column":22}},"line":30},"1":{"name":"(anonymous_1)","decl":{"start":{"line":50,"column":26},"end":{"line":50,"column":27}},"loc":{"start":{"line":50,"column":40},"end":{"line":52,"column":1}},"line":50},"2":{"name":"(anonymous_2)","decl":{"start":{"line":62,"column":13},"end":{"line":62,"column":14}},"loc":{"start":{"line":62,"column":27},"end":{"line":64,"column":1}},"line":62},"3":{"name":"(anonymous_3)","decl":{"start":{"line":66,"column":16},"end":{"line":66,"column":17}},"loc":{"start":{"line":66,"column":30},"end":{"line":68,"column":1}},"line":66},"4":{"name":"(anonymous_4)","decl":{"start":{"line":72,"column":23},"end":{"line":72,"column":24}},"loc":{"start":{"line":72,"column":37},"end":{"line":79,"column":1}},"line":72},"5":{"name":"(anonymous_5)","decl":{"start":{"line":111,"column":23},"end":{"line":111,"column":24}},"loc":{"start":{"line":111,"column":34},"end":{"line":113,"column":1}},"line":111},"6":{"name":"(anonymous_6)","decl":{"start":{"line":129,"column":22},"end":{"line":129,"column":23}},"loc":{"start":{"line":129,"column":28},"end":{"line":131,"column":3}},"line":129}},"branchMap":{"0":{"loc":{"start":{"line":28,"column":18},"end":{"line":28,"column":48}},"type":"binary-expr","locations":[{"start":{"line":28,"column":18},"end":{"line":28,"column":42}},{"start":{"line":28,"column":46},"end":{"line":28,"column":48}}],"line":28},"1":{"loc":{"start":{"line":34,"column":10},"end":{"line":34,"column":43}},"type":"cond-expr","locations":[{"start":{"line":34,"column":28},"end":{"line":34,"column":36}},{"start":{"line":34,"column":39},"end":{"line":34,"column":43}}],"line":34},"2":{"loc":{"start":{"line":41,"column":0},"end":{"line":43,"column":1}},"type":"if","locations":[{"start":{"line":41,"column":0},"end":{"line":43,"column":1}},{"start":{},"end":{}}],"line":41},"3":{"loc":{"start":{"line":77,"column":9},"end":{"line":77,"column":46}},"type":"binary-expr","locations":[{"start":{"line":77,"column":9},"end":{"line":77,"column":29}},{"start":{"line":77,"column":33},"end":{"line":77,"column":46}}],"line":77},"4":{"loc":{"start":{"line":88,"column":20},"end":{"line":88,"column":44}},"type":"binary-expr","locations":[{"start":{"line":88,"column":20},"end":{"line":88,"column":36}},{"start":{"line":88,"column":40},"end":{"line":88,"column":44}}],"line":88},"5":{"loc":{"start":{"line":89,"column":25},"end":{"line":89,"column":56}},"type":"binary-expr","locations":[{"start":{"line":89,"column":25},"end":{"line":89,"column":48}},{"start":{"line":89,"column":52},"end":{"line":89,"column":56}}],"line":89},"6":{"loc":{"start":{"line":112,"column":27},"end":{"line":112,"column":49}},"type":"binary-expr","locations":[{"start":{"line":112,"column":27},"end":{"line":112,"column":40}},{"start":{"line":112,"column":44},"end":{"line":112,"column":49}}],"line":112},"7":{"loc":{"start":{"line":128,"column":0},"end":{"line":132,"column":1}},"type":"if","locations":[{"start":{"line":128,"column":0},"end":{"line":132,"column":1}},{"start":{},"end":{}}],"line":128},"8":{"loc":{"start":{"line":130,"column":64},"end":{"line":130,"column":101}},"type":"binary-expr","locations":[{"start":{"line":130,"column":64},"end":{"line":130,"column":84}},{"start":{"line":130,"column":88},"end":{"line":130,"column":101}}],"line":130}},"s":{"0":1,"1":1,"2":1,"3":1,"4":1,"5":1,"6":1,"7":1,"8":1,"9":1,"10":1,"11":1,"12":1,"13":1,"14":1,"15":1,"16":1,"17":1,"18":1,"19":1,"20":1,"21":1,"22":1,"23":1,"24":1,"25":1,"26":1,"27":0,"28":1,"29":1,"30":1,"31":1,"32":0,"33":1,"34":1,"35":1,"36":1,"37":1,"38":1,"39":1,"40":0,"41":1,"42":0,"43":1,"44":1,"45":2,"46":1,"47":1,"48":1,"49":1,"50":1,"51":1,"52":1,"53":1,"54":1,"55":1,"56":1,"57":1,"58":1,"59":1,"60":0,"61":0,"62":1},"f":{"0":1,"1":0,"2":0,"3":0,"4":2,"5":1,"6":0},"b":{"0":[1,0],"1":[1,0],"2":[0,1],"3":[2,0],"4":[1,0],"5":[1,0],"6":[1,0],"7":[0,1],"8":[0,0]},"_coverageSchema":"1a1c01bbd47fc00a2c39e90264f33305004495a9","hash":"f0e052c019fa061f39a213f99d2d578a10d783b7"}
,"C:\\Users\\HP\\Downloads\\peers\\senegal-connect\\src\\config\\logger.js": {"path":"C:\\Users\\HP\\Downloads\\peers\\senegal-connect\\src\\config\\logger.js","statementMap":{"0":{"start":{"line":1,"column":11},"end":{"line":1,"column":24}},"1":{"start":{"line":2,"column":13},"end":{"line":2,"column":28}},"2":{"start":{"line":3,"column":16},"end":{"line":3,"column":34}},"3":{"start":{"line":5,"column":55},"end":{"line":5,"column":69}},"4":{"start":{"line":7,"column":19},"end":{"line":7,"column":51}},"5":{"start":{"line":8,"column":0},"end":{"line":10,"column":1}},"6":{"start":{"line":9,"column":2},"end":{"line":9,"column":48}},"7":{"start":{"line":12,"column":22},"end":{"line":16,"column":1}},"8":{"start":{"line":15,"column":44},"end":{"line":15,"column":81}},"9":{"start":{"line":18,"column":16},"end":{"line":18,"column":47}},"10":{"start":{"line":19,"column":16},"end":{"line":19,"column":53}},"11":{"start":{"line":21,"column":19},"end":{"line":26,"column":38}},"12":{"start":{"line":28,"column":15},"end":{"line":33,"column":2}},"13":{"start":{"line":35,"column":0},"end":{"line":37,"column":2}},"14":{"start":{"line":36,"column":22},"end":{"line":36,"column":49}},"15":{"start":{"line":39,"column":0},"end":{"line":39,"column":24}}},"fnMap":{"0":{"name":"(anonymous_0)","decl":{"start":{"line":15,"column":9},"end":{"line":15,"column":10}},"loc":{"start":{"line":15,"column":44},"end":{"line":15,"column":81}},"line":15},"1":{"name":"(anonymous_1)","decl":{"start":{"line":36,"column":9},"end":{"line":36,"column":10}},"loc":{"start":{"line":36,"column":22},"end":{"line":36,"column":49}},"line":36}},"branchMap":{"0":{"loc":{"start":{"line":8,"column":0},"end":{"line":10,"column":1}},"type":"if","locations":[{"start":{"line":8,"column":0},"end":{"line":10,"column":1}},{"start":{},"end":{}}],"line":8},"1":{"loc":{"start":{"line":21,"column":19},"end":{"line":26,"column":38}},"type":"cond-expr","locations":[{"start":{"line":22,"column":4},"end":{"line":25,"column":5}},{"start":{"line":26,"column":4},"end":{"line":26,"column":38}}],"line":21},"2":{"loc":{"start":{"line":29,"column":9},"end":{"line":29,"column":40}},"type":"binary-expr","locations":[{"start":{"line":29,"column":9},"end":{"line":29,"column":30}},{"start":{"line":29,"column":34},"end":{"line":29,"column":40}}],"line":29},"3":{"loc":{"start":{"line":31,"column":10},"end":{"line":31,"column":64}},"type":"cond-expr","locations":[{"start":{"line":31,"column":20},"end":{"line":31,"column":48}},{"start":{"line":31,"column":51},"end":{"line":31,"column":64}}],"line":31}},"s":{"0":1,"1":1,"2":1,"3":1,"4":1,"5":1,"6":0,"7":1,"8":0,"9":1,"10":1,"11":1,"12":1,"13":1,"14":0,"15":1},"f":{"0":0,"1":0},"b":{"0":[0,1],"1":[0,1],"2":[1,0],"3":[0,1]},"_coverageSchema":"1a1c01bbd47fc00a2c39e90264f33305004495a9","hash":"381638725e569586a06c50fdcbe3c690fb49772e"}
,"C:\\Users\\HP\\Downloads\\peers\\senegal-connect\\src\\controllers\\auth.controller.js": {"path":"C:\\Users\\HP\\Downloads\\peers\\senegal-connect\\src\\controllers\\auth.controller.js","statementMap":{"0":{"start":{"line":1,"column":15},"end":{"line":1,"column":32}},"1":{"start":{"line":2,"column":12},"end":{"line":2,"column":35}},"2":{"start":{"line":3,"column":18},"end":{"line":3,"column":41}},"3":{"start":{"line":4,"column":15},"end":{"line":4,"column":42}},"4":{"start":{"line":7,"column":2},"end":{"line":21,"column":3}},"5":{"start":{"line":8,"column":55},"end":{"line":8,"column":63}},"6":{"start":{"line":9,"column":17},"end":{"line":9,"column":52}},"7":{"start":{"line":11,"column":21},"end":{"line":16,"column":5}},"8":{"start":{"line":18,"column":4},"end":{"line":18,"column":43}},"9":{"start":{"line":20,"column":4},"end":{"line":20,"column":14}},"10":{"start":{"line":25,"column":2},"end":{"line":62,"column":3}},"11":{"start":{"line":26,"column":36},"end":{"line":26,"column":44}},"12":{"start":{"line":27,"column":21},"end":{"line":27,"column":88}},"13":{"start":{"line":28,"column":24},"end":{"line":28,"column":40}},"14":{"start":{"line":31,"column":29},"end":{"line":31,"column":67}},"15":{"start":{"line":33,"column":4},"end":{"line":36,"column":5}},"16":{"start":{"line":34,"column":6},"end":{"line":34,"column":82}},"17":{"start":{"line":35,"column":6},"end":{"line":35,"column":52}},"18":{"start":{"line":38,"column":29},"end":{"line":38,"column":89}},"19":{"start":{"line":39,"column":4},"end":{"line":42,"column":5}},"20":{"start":{"line":40,"column":6},"end":{"line":40,"column":87}},"21":{"start":{"line":41,"column":6},"end":{"line":41,"column":52}},"22":{"start":{"line":44,"column":18},"end":{"line":48,"column":5}},"23":{"start":{"line":50,"column":4},"end":{"line":59,"column":7}},"24":{"start":{"line":61,"column":4},"end":{"line":61,"column":14}},"25":{"start":{"line":66,"column":2},"end":{"line":77,"column":3}},"26":{"start":{"line":67,"column":21},"end":{"line":70,"column":5}},"27":{"start":{"line":71,"column":4},"end":{"line":73,"column":5}},"28":{"start":{"line":72,"column":6},"end":{"line":72,"column":74}},"29":{"start":{"line":74,"column":4},"end":{"line":74,"column":31}},"30":{"start":{"line":76,"column":4},"end":{"line":76,"column":14}},"31":{"start":{"line":80,"column":0},"end":{"line":80,"column":45}}},"fnMap":{"0":{"name":"register","decl":{"start":{"line":6,"column":15},"end":{"line":6,"column":23}},"loc":{"start":{"line":6,"column":40},"end":{"line":22,"column":1}},"line":6},"1":{"name":"login","decl":{"start":{"line":24,"column":15},"end":{"line":24,"column":20}},"loc":{"start":{"line":24,"column":37},"end":{"line":63,"column":1}},"line":24},"2":{"name":"profil","decl":{"start":{"line":65,"column":15},"end":{"line":65,"column":21}},"loc":{"start":{"line":65,"column":38},"end":{"line":78,"column":1}},"line":65}},"branchMap":{"0":{"loc":{"start":{"line":15,"column":33},"end":{"line":15,"column":49}},"type":"binary-expr","locations":[{"start":{"line":15,"column":33},"end":{"line":15,"column":37}},{"start":{"line":15,"column":41},"end":{"line":15,"column":49}}],"line":15},"1":{"loc":{"start":{"line":33,"column":4},"end":{"line":36,"column":5}},"type":"if","locations":[{"start":{"line":33,"column":4},"end":{"line":36,"column":5}},{"start":{},"end":{}}],"line":33},"2":{"loc":{"start":{"line":39,"column":4},"end":{"line":42,"column":5}},"type":"if","locations":[{"start":{"line":39,"column":4},"end":{"line":42,"column":5}},{"start":{},"end":{}}],"line":39},"3":{"loc":{"start":{"line":47,"column":19},"end":{"line":47,"column":54}},"type":"binary-expr","locations":[{"start":{"line":47,"column":19},"end":{"line":47,"column":45}},{"start":{"line":47,"column":49},"end":{"line":47,"column":54}}],"line":47},"4":{"loc":{"start":{"line":52,"column":18},"end":{"line":52,"column":53}},"type":"binary-expr","locations":[{"start":{"line":52,"column":18},"end":{"line":52,"column":44}},{"start":{"line":52,"column":48},"end":{"line":52,"column":53}}],"line":52},"5":{"loc":{"start":{"line":71,"column":4},"end":{"line":73,"column":5}},"type":"if","locations":[{"start":{"line":71,"column":4},"end":{"line":73,"column":5}},{"start":{},"end":{}}],"line":71}},"s":{"0":1,"1":1,"2":1,"3":1,"4":2,"5":2,"6":2,"7":2,"8":1,"9":1,"10":3,"11":3,"12":3,"13":3,"14":3,"15":3,"16":1,"17":1,"18":2,"19":2,"20":1,"21":1,"22":1,"23":1,"24":0,"25":1,"26":1,"27":1,"28":0,"29":1,"30":0,"31":1},"f":{"0":2,"1":3,"2":1},"b":{"0":[2,2],"1":[1,2],"2":[1,1],"3":[1,0],"4":[1,0],"5":[0,1]},"_coverageSchema":"1a1c01bbd47fc00a2c39e90264f33305004495a9","hash":"d0f648235a562b29d9680fb7339118430d69b6d4"}
,"C:\\Users\\HP\\Downloads\\peers\\senegal-connect\\src\\controllers\\clients.controller.js": {"path":"C:\\Users\\HP\\Downloads\\peers\\senegal-connect\\src\\controllers\\clients.controller.js","statementMap":{"0":{"start":{"line":1,"column":18},"end":{"line":1,"column":41}},"1":{"start":{"line":6,"column":21},"end":{"line":6,"column":23}},"2":{"start":{"line":7,"column":18},"end":{"line":7,"column":20}},"3":{"start":{"line":8,"column":10},"end":{"line":8,"column":11}},"4":{"start":{"line":10,"column":2},"end":{"line":14,"column":3}},"5":{"start":{"line":11,"column":4},"end":{"line":11,"column":106}},"6":{"start":{"line":12,"column":4},"end":{"line":12,"column":36}},"7":{"start":{"line":13,"column":4},"end":{"line":13,"column":8}},"8":{"start":{"line":15,"column":2},"end":{"line":19,"column":3}},"9":{"start":{"line":16,"column":4},"end":{"line":16,"column":42}},"10":{"start":{"line":17,"column":4},"end":{"line":17,"column":38}},"11":{"start":{"line":18,"column":4},"end":{"line":18,"column":8}},"12":{"start":{"line":20,"column":2},"end":{"line":24,"column":3}},"13":{"start":{"line":21,"column":4},"end":{"line":21,"column":38}},"14":{"start":{"line":22,"column":4},"end":{"line":22,"column":34}},"15":{"start":{"line":23,"column":4},"end":{"line":23,"column":8}},"16":{"start":{"line":27,"column":2},"end":{"line":31,"column":3}},"17":{"start":{"line":28,"column":4},"end":{"line":28,"column":46}},"18":{"start":{"line":29,"column":4},"end":{"line":29,"column":43}},"19":{"start":{"line":30,"column":4},"end":{"line":30,"column":8}},"20":{"start":{"line":33,"column":19},"end":{"line":33,"column":79}},"21":{"start":{"line":34,"column":2},"end":{"line":34,"column":31}},"22":{"start":{"line":38,"column":2},"end":{"line":66,"column":3}},"23":{"start":{"line":39,"column":17},"end":{"line":39,"column":63}},"24":{"start":{"line":40,"column":19},"end":{"line":40,"column":83}},"25":{"start":{"line":41,"column":19},"end":{"line":41,"column":38}},"26":{"start":{"line":45,"column":20},"end":{"line":45,"column":36}},"27":{"start":{"line":46,"column":4},"end":{"line":48,"column":5}},"28":{"start":{"line":47,"column":6},"end":{"line":47,"column":44}},"29":{"start":{"line":50,"column":34},"end":{"line":50,"column":60}},"30":{"start":{"line":52,"column":26},"end":{"line":52,"column":90}},"31":{"start":{"line":53,"column":18},"end":{"line":53,"column":59}},"32":{"start":{"line":55,"column":28},"end":{"line":58,"column":5}},"33":{"start":{"line":60,"column":4},"end":{"line":63,"column":7}},"34":{"start":{"line":65,"column":4},"end":{"line":65,"column":14}},"35":{"start":{"line":70,"column":2},"end":{"line":99,"column":3}},"36":{"start":{"line":71,"column":27},"end":{"line":71,"column":94}},"37":{"start":{"line":72,"column":19},"end":{"line":72,"column":41}},"38":{"start":{"line":73,"column":4},"end":{"line":75,"column":5}},"39":{"start":{"line":74,"column":6},"end":{"line":74,"column":69}},"40":{"start":{"line":78,"column":4},"end":{"line":80,"column":5}},"41":{"start":{"line":79,"column":6},"end":{"line":79,"column":99}},"42":{"start":{"line":82,"column":63},"end":{"line":89,"column":6}},"43":{"start":{"line":91,"column":4},"end":{"line":96,"column":7}},"44":{"start":{"line":98,"column":4},"end":{"line":98,"column":14}},"45":{"start":{"line":103,"column":2},"end":{"line":129,"column":3}},"46":{"start":{"line":104,"column":79},"end":{"line":104,"column":87}},"47":{"start":{"line":106,"column":4},"end":{"line":113,"column":5}},"48":{"start":{"line":107,"column":28},"end":{"line":107,"column":94}},"49":{"start":{"line":108,"column":6},"end":{"line":112,"column":7}},"50":{"start":{"line":109,"column":8},"end":{"line":111,"column":11}},"51":{"start":{"line":114,"column":4},"end":{"line":118,"column":5}},"52":{"start":{"line":115,"column":6},"end":{"line":117,"column":9}},"53":{"start":{"line":120,"column":21},"end":{"line":124,"column":5}},"54":{"start":{"line":126,"column":4},"end":{"line":126,"column":43}},"55":{"start":{"line":128,"column":4},"end":{"line":128,"column":14}},"56":{"start":{"line":133,"column":2},"end":{"line":157,"column":3}},"57":{"start":{"line":134,"column":63},"end":{"line":134,"column":71}},"58":{"start":{"line":136,"column":4},"end":{"line":143,"column":5}},"59":{"start":{"line":137,"column":28},"end":{"line":137,"column":94}},"60":{"start":{"line":138,"column":6},"end":{"line":142,"column":7}},"61":{"start":{"line":139,"column":8},"end":{"line":141,"column":11}},"62":{"start":{"line":145,"column":21},"end":{"line":149,"column":5}},"63":{"start":{"line":151,"column":4},"end":{"line":153,"column":5}},"64":{"start":{"line":152,"column":6},"end":{"line":152,"column":69}},"65":{"start":{"line":154,"column":4},"end":{"line":154,"column":31}},"66":{"start":{"line":156,"column":4},"end":{"line":156,"column":14}},"67":{"start":{"line":161,"column":2},"end":{"line":185,"column":3}},"68":{"start":{"line":162,"column":23},"end":{"line":162,"column":31}},"69":{"start":{"line":164,"column":4},"end":{"line":172,"column":5}},"70":{"start":{"line":165,"column":23},"end":{"line":168,"column":7}},"71":{"start":{"line":169,"column":6},"end":{"line":171,"column":7}},"72":{"start":{"line":170,"column":8},"end":{"line":170,"column":111}},"73":{"start":{"line":174,"column":21},"end":{"line":177,"column":6}},"74":{"start":{"line":179,"column":4},"end":{"line":181,"column":5}},"75":{"start":{"line":180,"column":6},"end":{"line":180,"column":69}},"76":{"start":{"line":182,"column":4},"end":{"line":182,"column":31}},"77":{"start":{"line":184,"column":4},"end":{"line":184,"column":14}},"78":{"start":{"line":189,"column":2},"end":{"line":205,"column":3}},"79":{"start":{"line":190,"column":21},"end":{"line":193,"column":5}},"80":{"start":{"line":194,"column":4},"end":{"line":196,"column":5}},"81":{"start":{"line":195,"column":6},"end":{"line":195,"column":110}},"82":{"start":{"line":198,"column":21},"end":{"line":198,"column":99}},"83":{"start":{"line":199,"column":4},"end":{"line":201,"column":5}},"84":{"start":{"line":200,"column":6},"end":{"line":200,"column":69}},"85":{"start":{"line":202,"column":4},"end":{"line":202,"column":27}},"86":{"start":{"line":204,"column":4},"end":{"line":204,"column":14}},"87":{"start":{"line":208,"column":0},"end":{"line":208,"column":78}}},"fnMap":{"0":{"name":"construireFiltres","decl":{"start":{"line":5,"column":9},"end":{"line":5,"column":26}},"loc":{"start":{"line":5,"column":37},"end":{"line":35,"column":1}},"line":5},"1":{"name":"liste","decl":{"start":{"line":37,"column":15},"end":{"line":37,"column":20}},"loc":{"start":{"line":37,"column":37},"end":{"line":67,"column":1}},"line":37},"2":{"name":"detail","decl":{"start":{"line":69,"column":15},"end":{"line":69,"column":21}},"loc":{"start":{"line":69,"column":38},"end":{"line":100,"column":1}},"line":69},"3":{"name":"creer","decl":{"start":{"line":102,"column":15},"end":{"line":102,"column":20}},"loc":{"start":{"line":102,"column":37},"end":{"line":130,"column":1}},"line":102},"4":{"name":"modifier","decl":{"start":{"line":132,"column":15},"end":{"line":132,"column":23}},"loc":{"start":{"line":132,"column":40},"end":{"line":158,"column":1}},"line":132},"5":{"name":"changerStatut","decl":{"start":{"line":160,"column":15},"end":{"line":160,"column":28}},"loc":{"start":{"line":160,"column":45},"end":{"line":186,"column":1}},"line":160},"6":{"name":"supprimer","decl":{"start":{"line":188,"column":15},"end":{"line":188,"column":24}},"loc":{"start":{"line":188,"column":41},"end":{"line":206,"column":1}},"line":188}},"branchMap":{"0":{"loc":{"start":{"line":10,"column":2},"end":{"line":14,"column":3}},"type":"if","locations":[{"start":{"line":10,"column":2},"end":{"line":14,"column":3}},{"start":{},"end":{}}],"line":10},"1":{"loc":{"start":{"line":15,"column":2},"end":{"line":19,"column":3}},"type":"if","locations":[{"start":{"line":15,"column":2},"end":{"line":19,"column":3}},{"start":{},"end":{}}],"line":15},"2":{"loc":{"start":{"line":20,"column":2},"end":{"line":24,"column":3}},"type":"if","locations":[{"start":{"line":20,"column":2},"end":{"line":24,"column":3}},{"start":{},"end":{}}],"line":20},"3":{"loc":{"start":{"line":27,"column":2},"end":{"line":31,"column":3}},"type":"if","locations":[{"start":{"line":27,"column":2},"end":{"line":31,"column":3}},{"start":{},"end":{}}],"line":27},"4":{"loc":{"start":{"line":33,"column":19},"end":{"line":33,"column":79}},"type":"cond-expr","locations":[{"start":{"line":33,"column":39},"end":{"line":33,"column":74}},{"start":{"line":33,"column":77},"end":{"line":33,"column":79}}],"line":33},"5":{"loc":{"start":{"line":39,"column":26},"end":{"line":39,"column":59}},"type":"binary-expr","locations":[{"start":{"line":39,"column":26},"end":{"line":39,"column":54}},{"start":{"line":39,"column":58},"end":{"line":39,"column":59}}],"line":39},"6":{"loc":{"start":{"line":40,"column":37},"end":{"line":40,"column":73}},"type":"binary-expr","locations":[{"start":{"line":40,"column":37},"end":{"line":40,"column":67}},{"start":{"line":40,"column":71},"end":{"line":40,"column":73}}],"line":40},"7":{"loc":{"start":{"line":46,"column":4},"end":{"line":48,"column":5}},"type":"if","locations":[{"start":{"line":46,"column":4},"end":{"line":48,"column":5}},{"start":{},"end":{}}],"line":46},"8":{"loc":{"start":{"line":62,"column":54},"end":{"line":62,"column":84}},"type":"binary-expr","locations":[{"start":{"line":62,"column":54},"end":{"line":62,"column":79}},{"start":{"line":62,"column":83},"end":{"line":62,"column":84}}],"line":62},"9":{"loc":{"start":{"line":73,"column":4},"end":{"line":75,"column":5}},"type":"if","locations":[{"start":{"line":73,"column":4},"end":{"line":75,"column":5}},{"start":{},"end":{}}],"line":73},"10":{"loc":{"start":{"line":78,"column":4},"end":{"line":80,"column":5}},"type":"if","locations":[{"start":{"line":78,"column":4},"end":{"line":80,"column":5}},{"start":{},"end":{}}],"line":78},"11":{"loc":{"start":{"line":78,"column":8},"end":{"line":78,"column":75}},"type":"binary-expr","locations":[{"start":{"line":78,"column":8},"end":{"line":78,"column":34}},{"start":{"line":78,"column":38},"end":{"line":78,"column":75}}],"line":78},"12":{"loc":{"start":{"line":93,"column":15},"end":{"line":93,"column":46}},"type":"binary-expr","locations":[{"start":{"line":93,"column":15},"end":{"line":93,"column":38}},{"start":{"line":93,"column":42},"end":{"line":93,"column":46}}],"line":93},"13":{"loc":{"start":{"line":94,"column":24},"end":{"line":94,"column":55}},"type":"binary-expr","locations":[{"start":{"line":94,"column":24},"end":{"line":94,"column":47}},{"start":{"line":94,"column":51},"end":{"line":94,"column":55}}],"line":94},"14":{"loc":{"start":{"line":95,"column":23},"end":{"line":95,"column":53}},"type":"binary-expr","locations":[{"start":{"line":95,"column":23},"end":{"line":95,"column":45}},{"start":{"line":95,"column":49},"end":{"line":95,"column":53}}],"line":95},"15":{"loc":{"start":{"line":106,"column":4},"end":{"line":113,"column":5}},"type":"if","locations":[{"start":{"line":106,"column":4},"end":{"line":113,"column":5}},{"start":{},"end":{}}],"line":106},"16":{"loc":{"start":{"line":108,"column":6},"end":{"line":112,"column":7}},"type":"if","locations":[{"start":{"line":108,"column":6},"end":{"line":112,"column":7}},{"start":{},"end":{}}],"line":108},"17":{"loc":{"start":{"line":114,"column":4},"end":{"line":118,"column":5}},"type":"if","locations":[{"start":{"line":114,"column":4},"end":{"line":118,"column":5}},{"start":{},"end":{}}],"line":114},"18":{"loc":{"start":{"line":123,"column":51},"end":{"line":123,"column":69}},"type":"binary-expr","locations":[{"start":{"line":123,"column":51},"end":{"line":123,"column":61}},{"start":{"line":123,"column":65},"end":{"line":123,"column":69}}],"line":123},"19":{"loc":{"start":{"line":123,"column":71},"end":{"line":123,"column":88}},"type":"binary-expr","locations":[{"start":{"line":123,"column":71},"end":{"line":123,"column":77}},{"start":{"line":123,"column":81},"end":{"line":123,"column":88}}],"line":123},"20":{"loc":{"start":{"line":136,"column":4},"end":{"line":143,"column":5}},"type":"if","locations":[{"start":{"line":136,"column":4},"end":{"line":143,"column":5}},{"start":{},"end":{}}],"line":136},"21":{"loc":{"start":{"line":138,"column":6},"end":{"line":142,"column":7}},"type":"if","locations":[{"start":{"line":138,"column":6},"end":{"line":142,"column":7}},{"start":{},"end":{}}],"line":138},"22":{"loc":{"start":{"line":148,"column":35},"end":{"line":148,"column":53}},"type":"binary-expr","locations":[{"start":{"line":148,"column":35},"end":{"line":148,"column":45}},{"start":{"line":148,"column":49},"end":{"line":148,"column":53}}],"line":148},"23":{"loc":{"start":{"line":151,"column":4},"end":{"line":153,"column":5}},"type":"if","locations":[{"start":{"line":151,"column":4},"end":{"line":153,"column":5}},{"start":{},"end":{}}],"line":151},"24":{"loc":{"start":{"line":164,"column":4},"end":{"line":172,"column":5}},"type":"if","locations":[{"start":{"line":164,"column":4},"end":{"line":172,"column":5}},{"start":{},"end":{}}],"line":164},"25":{"loc":{"start":{"line":169,"column":6},"end":{"line":171,"column":7}},"type":"if","locations":[{"start":{"line":169,"column":6},"end":{"line":171,"column":7}},{"start":{},"end":{}}],"line":169},"26":{"loc":{"start":{"line":179,"column":4},"end":{"line":181,"column":5}},"type":"if","locations":[{"start":{"line":179,"column":4},"end":{"line":181,"column":5}},{"start":{},"end":{}}],"line":179},"27":{"loc":{"start":{"line":194,"column":4},"end":{"line":196,"column":5}},"type":"if","locations":[{"start":{"line":194,"column":4},"end":{"line":196,"column":5}},{"start":{},"end":{}}],"line":194},"28":{"loc":{"start":{"line":199,"column":4},"end":{"line":201,"column":5}},"type":"if","locations":[{"start":{"line":199,"column":4},"end":{"line":201,"column":5}},{"start":{},"end":{}}],"line":199}},"s":{"0":1,"1":3,"2":3,"3":3,"4":3,"5":1,"6":1,"7":1,"8":3,"9":0,"10":0,"11":0,"12":3,"13":0,"14":0,"15":0,"16":3,"17":1,"18":1,"19":1,"20":3,"21":3,"22":3,"23":3,"24":3,"25":3,"26":3,"27":3,"28":1,"29":3,"30":3,"31":3,"32":3,"33":3,"34":0,"35":4,"36":4,"37":4,"38":4,"39":1,"40":3,"41":1,"42":2,"43":2,"44":0,"45":1,"46":1,"47":1,"48":1,"49":1,"50":0,"51":1,"52":0,"53":1,"54":1,"55":0,"56":2,"57":2,"58":2,"59":0,"60":0,"61":0,"62":2,"63":2,"64":1,"65":1,"66":0,"67":2,"68":2,"69":2,"70":1,"71":1,"72":1,"73":1,"74":1,"75":0,"76":1,"77":0,"78":2,"79":2,"80":2,"81":1,"82":1,"83":1,"84":0,"85":1,"86":0,"87":1},"f":{"0":3,"1":3,"2":4,"3":1,"4":2,"5":2,"6":2},"b":{"0":[1,2],"1":[0,3],"2":[0,3],"3":[1,2],"4":[2,1],"5":[3,2],"6":[3,2],"7":[1,2],"8":[3,0],"9":[1,3],"10":[1,2],"11":[3,2],"12":[2,0],"13":[2,1],"14":[2,2],"15":[1,0],"16":[0,1],"17":[0,1],"18":[1,0],"19":[1,1],"20":[0,2],"21":[0,0],"22":[2,2],"23":[1,1],"24":[1,1],"25":[1,0],"26":[0,1],"27":[1,1],"28":[0,1]},"_coverageSchema":"1a1c01bbd47fc00a2c39e90264f33305004495a9","hash":"397056a0eb3677e11148d4cbccfc2bed99414136"}
,"C:\\Users\\HP\\Downloads\\peers\\senegal-connect\\src\\controllers\\factures.controller.js": {"path":"C:\\Users\\HP\\Downloads\\peers\\senegal-connect\\src\\controllers\\factures.controller.js","statementMap":{"0":{"start":{"line":1,"column":18},"end":{"line":1,"column":41}},"1":{"start":{"line":5,"column":17},"end":{"line":5,"column":41}},"2":{"start":{"line":6,"column":18},"end":{"line":6,"column":57}},"3":{"start":{"line":7,"column":2},"end":{"line":7,"column":36}},"4":{"start":{"line":11,"column":2},"end":{"line":17,"column":3}},"5":{"start":{"line":11,"column":23},"end":{"line":11,"column":24}},"6":{"start":{"line":12,"column":22},"end":{"line":12,"column":47}},"7":{"start":{"line":13,"column":21},"end":{"line":13,"column":92}},"8":{"start":{"line":14,"column":4},"end":{"line":16,"column":5}},"9":{"start":{"line":15,"column":6},"end":{"line":15,"column":23}},"10":{"start":{"line":18,"column":2},"end":{"line":18,"column":75}},"11":{"start":{"line":22,"column":21},"end":{"line":22,"column":23}},"12":{"start":{"line":23,"column":18},"end":{"line":23,"column":20}},"13":{"start":{"line":24,"column":10},"end":{"line":24,"column":11}},"14":{"start":{"line":26,"column":2},"end":{"line":30,"column":3}},"15":{"start":{"line":27,"column":4},"end":{"line":27,"column":41}},"16":{"start":{"line":28,"column":4},"end":{"line":28,"column":37}},"17":{"start":{"line":29,"column":4},"end":{"line":29,"column":8}},"18":{"start":{"line":31,"column":2},"end":{"line":35,"column":3}},"19":{"start":{"line":32,"column":4},"end":{"line":32,"column":38}},"20":{"start":{"line":33,"column":4},"end":{"line":33,"column":34}},"21":{"start":{"line":34,"column":4},"end":{"line":34,"column":8}},"22":{"start":{"line":36,"column":2},"end":{"line":40,"column":3}},"23":{"start":{"line":37,"column":4},"end":{"line":37,"column":39}},"24":{"start":{"line":38,"column":4},"end":{"line":38,"column":35}},"25":{"start":{"line":39,"column":4},"end":{"line":39,"column":8}},"26":{"start":{"line":42,"column":19},"end":{"line":42,"column":79}},"27":{"start":{"line":43,"column":2},"end":{"line":43,"column":31}},"28":{"start":{"line":47,"column":2},"end":{"line":76,"column":3}},"29":{"start":{"line":48,"column":17},"end":{"line":48,"column":63}},"30":{"start":{"line":49,"column":19},"end":{"line":49,"column":83}},"31":{"start":{"line":50,"column":19},"end":{"line":50,"column":38}},"32":{"start":{"line":54,"column":20},"end":{"line":54,"column":36}},"33":{"start":{"line":55,"column":4},"end":{"line":58,"column":5}},"34":{"start":{"line":56,"column":24},"end":{"line":56,"column":102}},"35":{"start":{"line":57,"column":6},"end":{"line":57,"column":72}},"36":{"start":{"line":60,"column":34},"end":{"line":60,"column":60}},"37":{"start":{"line":62,"column":26},"end":{"line":62,"column":91}},"38":{"start":{"line":63,"column":18},"end":{"line":63,"column":59}},"39":{"start":{"line":65,"column":28},"end":{"line":68,"column":5}},"40":{"start":{"line":70,"column":4},"end":{"line":73,"column":7}},"41":{"start":{"line":75,"column":4},"end":{"line":75,"column":14}},"42":{"start":{"line":80,"column":2},"end":{"line":103,"column":3}},"43":{"start":{"line":81,"column":21},"end":{"line":87,"column":5}},"44":{"start":{"line":88,"column":4},"end":{"line":90,"column":5}},"45":{"start":{"line":89,"column":6},"end":{"line":89,"column":70}},"46":{"start":{"line":92,"column":20},"end":{"line":92,"column":36}},"47":{"start":{"line":95,"column":4},"end":{"line":97,"column":5}},"48":{"start":{"line":96,"column":6},"end":{"line":96,"column":100}},"49":{"start":{"line":98,"column":4},"end":{"line":98,"column":41}},"50":{"start":{"line":100,"column":4},"end":{"line":100,"column":22}},"51":{"start":{"line":102,"column":4},"end":{"line":102,"column":14}},"52":{"start":{"line":107,"column":2},"end":{"line":127,"column":3}},"53":{"start":{"line":108,"column":64},"end":{"line":108,"column":72}},"54":{"start":{"line":110,"column":25},"end":{"line":110,"column":89}},"55":{"start":{"line":111,"column":4},"end":{"line":115,"column":5}},"56":{"start":{"line":112,"column":6},"end":{"line":114,"column":9}},"57":{"start":{"line":117,"column":22},"end":{"line":117,"column":47}},"58":{"start":{"line":118,"column":21},"end":{"line":122,"column":5}},"59":{"start":{"line":124,"column":4},"end":{"line":124,"column":43}},"60":{"start":{"line":126,"column":4},"end":{"line":126,"column":14}},"61":{"start":{"line":131,"column":2},"end":{"line":143,"column":3}},"62":{"start":{"line":132,"column":23},"end":{"line":132,"column":31}},"63":{"start":{"line":133,"column":21},"end":{"line":136,"column":6}},"64":{"start":{"line":137,"column":4},"end":{"line":139,"column":5}},"65":{"start":{"line":138,"column":6},"end":{"line":138,"column":70}},"66":{"start":{"line":140,"column":4},"end":{"line":140,"column":31}},"67":{"start":{"line":142,"column":4},"end":{"line":142,"column":14}},"68":{"start":{"line":147,"column":2},"end":{"line":155,"column":3}},"69":{"start":{"line":148,"column":21},"end":{"line":148,"column":100}},"70":{"start":{"line":149,"column":4},"end":{"line":151,"column":5}},"71":{"start":{"line":150,"column":6},"end":{"line":150,"column":70}},"72":{"start":{"line":152,"column":4},"end":{"line":152,"column":27}},"73":{"start":{"line":154,"column":4},"end":{"line":154,"column":14}},"74":{"start":{"line":158,"column":0},"end":{"line":158,"column":68}}},"fnMap":{"0":{"name":"genererReference","decl":{"start":{"line":4,"column":9},"end":{"line":4,"column":25}},"loc":{"start":{"line":4,"column":35},"end":{"line":8,"column":1}},"line":4},"1":{"name":"genererReferenceUnique","decl":{"start":{"line":10,"column":15},"end":{"line":10,"column":37}},"loc":{"start":{"line":10,"column":47},"end":{"line":19,"column":1}},"line":10},"2":{"name":"construireFiltres","decl":{"start":{"line":21,"column":9},"end":{"line":21,"column":26}},"loc":{"start":{"line":21,"column":37},"end":{"line":44,"column":1}},"line":21},"3":{"name":"liste","decl":{"start":{"line":46,"column":15},"end":{"line":46,"column":20}},"loc":{"start":{"line":46,"column":37},"end":{"line":77,"column":1}},"line":46},"4":{"name":"detail","decl":{"start":{"line":79,"column":15},"end":{"line":79,"column":21}},"loc":{"start":{"line":79,"column":38},"end":{"line":104,"column":1}},"line":79},"5":{"name":"creer","decl":{"start":{"line":106,"column":15},"end":{"line":106,"column":20}},"loc":{"start":{"line":106,"column":37},"end":{"line":128,"column":1}},"line":106},"6":{"name":"changerStatut","decl":{"start":{"line":130,"column":15},"end":{"line":130,"column":28}},"loc":{"start":{"line":130,"column":45},"end":{"line":144,"column":1}},"line":130},"7":{"name":"supprimer","decl":{"start":{"line":146,"column":15},"end":{"line":146,"column":24}},"loc":{"start":{"line":146,"column":41},"end":{"line":156,"column":1}},"line":146}},"branchMap":{"0":{"loc":{"start":{"line":14,"column":4},"end":{"line":16,"column":5}},"type":"if","locations":[{"start":{"line":14,"column":4},"end":{"line":16,"column":5}},{"start":{},"end":{}}],"line":14},"1":{"loc":{"start":{"line":26,"column":2},"end":{"line":30,"column":3}},"type":"if","locations":[{"start":{"line":26,"column":2},"end":{"line":30,"column":3}},{"start":{},"end":{}}],"line":26},"2":{"loc":{"start":{"line":31,"column":2},"end":{"line":35,"column":3}},"type":"if","locations":[{"start":{"line":31,"column":2},"end":{"line":35,"column":3}},{"start":{},"end":{}}],"line":31},"3":{"loc":{"start":{"line":36,"column":2},"end":{"line":40,"column":3}},"type":"if","locations":[{"start":{"line":36,"column":2},"end":{"line":40,"column":3}},{"start":{},"end":{}}],"line":36},"4":{"loc":{"start":{"line":42,"column":19},"end":{"line":42,"column":79}},"type":"cond-expr","locations":[{"start":{"line":42,"column":39},"end":{"line":42,"column":74}},{"start":{"line":42,"column":77},"end":{"line":42,"column":79}}],"line":42},"5":{"loc":{"start":{"line":48,"column":26},"end":{"line":48,"column":59}},"type":"binary-expr","locations":[{"start":{"line":48,"column":26},"end":{"line":48,"column":54}},{"start":{"line":48,"column":58},"end":{"line":48,"column":59}}],"line":48},"6":{"loc":{"start":{"line":49,"column":37},"end":{"line":49,"column":73}},"type":"binary-expr","locations":[{"start":{"line":49,"column":37},"end":{"line":49,"column":67}},{"start":{"line":49,"column":71},"end":{"line":49,"column":73}}],"line":49},"7":{"loc":{"start":{"line":55,"column":4},"end":{"line":58,"column":5}},"type":"if","locations":[{"start":{"line":55,"column":4},"end":{"line":58,"column":5}},{"start":{},"end":{}}],"line":55},"8":{"loc":{"start":{"line":57,"column":26},"end":{"line":57,"column":71}},"type":"cond-expr","locations":[{"start":{"line":57,"column":46},"end":{"line":57,"column":66}},{"start":{"line":57,"column":69},"end":{"line":57,"column":71}}],"line":57},"9":{"loc":{"start":{"line":72,"column":54},"end":{"line":72,"column":84}},"type":"binary-expr","locations":[{"start":{"line":72,"column":54},"end":{"line":72,"column":79}},{"start":{"line":72,"column":83},"end":{"line":72,"column":84}}],"line":72},"10":{"loc":{"start":{"line":88,"column":4},"end":{"line":90,"column":5}},"type":"if","locations":[{"start":{"line":88,"column":4},"end":{"line":90,"column":5}},{"start":{},"end":{}}],"line":88},"11":{"loc":{"start":{"line":95,"column":4},"end":{"line":97,"column":5}},"type":"if","locations":[{"start":{"line":95,"column":4},"end":{"line":97,"column":5}},{"start":{},"end":{}}],"line":95},"12":{"loc":{"start":{"line":95,"column":8},"end":{"line":95,"column":83}},"type":"binary-expr","locations":[{"start":{"line":95,"column":8},"end":{"line":95,"column":34}},{"start":{"line":95,"column":38},"end":{"line":95,"column":83}}],"line":95},"13":{"loc":{"start":{"line":111,"column":4},"end":{"line":115,"column":5}},"type":"if","locations":[{"start":{"line":111,"column":4},"end":{"line":115,"column":5}},{"start":{},"end":{}}],"line":111},"14":{"loc":{"start":{"line":137,"column":4},"end":{"line":139,"column":5}},"type":"if","locations":[{"start":{"line":137,"column":4},"end":{"line":139,"column":5}},{"start":{},"end":{}}],"line":137},"15":{"loc":{"start":{"line":149,"column":4},"end":{"line":151,"column":5}},"type":"if","locations":[{"start":{"line":149,"column":4},"end":{"line":151,"column":5}},{"start":{},"end":{}}],"line":149}},"s":{"0":1,"1":2,"2":2,"3":2,"4":0,"5":0,"6":0,"7":0,"8":0,"9":0,"10":0,"11":2,"12":2,"13":2,"14":2,"15":2,"16":2,"17":2,"18":2,"19":0,"20":0,"21":0,"22":2,"23":0,"24":0,"25":0,"26":2,"27":2,"28":2,"29":2,"30":2,"31":2,"32":2,"33":2,"34":1,"35":1,"36":2,"37":2,"38":2,"39":2,"40":2,"41":0,"42":4,"43":4,"44":4,"45":1,"46":3,"47":3,"48":1,"49":2,"50":2,"51":0,"52":3,"53":3,"54":3,"55":3,"56":1,"57":2,"58":2,"59":1,"60":1,"61":1,"62":1,"63":1,"64":1,"65":0,"66":1,"67":0,"68":2,"69":2,"70":2,"71":1,"72":1,"73":0,"74":1},"f":{"0":2,"1":0,"2":2,"3":2,"4":4,"5":3,"6":1,"7":2},"b":{"0":[0,0],"1":[2,0],"2":[0,2],"3":[0,2],"4":[2,0],"5":[2,2],"6":[2,2],"7":[1,1],"8":[1,0],"9":[2,0],"10":[1,3],"11":[1,2],"12":[3,2],"13":[1,2],"14":[0,1],"15":[1,1]},"_coverageSchema":"1a1c01bbd47fc00a2c39e90264f33305004495a9","hash":"82e3c80bbf23dd5e301b9ccefff254d7f90fa2c2"}
,"C:\\Users\\HP\\Downloads\\peers\\senegal-connect\\src\\controllers\\forfaits.controller.js": {"path":"C:\\Users\\HP\\Downloads\\peers\\senegal-connect\\src\\controllers\\forfaits.controller.js","statementMap":{"0":{"start":{"line":1,"column":18},"end":{"line":1,"column":41}},"1":{"start":{"line":4,"column":2},"end":{"line":16,"column":3}},"2":{"start":{"line":5,"column":21},"end":{"line":12,"column":6}},"3":{"start":{"line":13,"column":4},"end":{"line":13,"column":28}},"4":{"start":{"line":15,"column":4},"end":{"line":15,"column":14}},"5":{"start":{"line":20,"column":2},"end":{"line":50,"column":3}},"6":{"start":{"line":21,"column":28},"end":{"line":21,"column":96}},"7":{"start":{"line":22,"column":4},"end":{"line":24,"column":5}},"8":{"start":{"line":23,"column":6},"end":{"line":23,"column":70}},"9":{"start":{"line":26,"column":17},"end":{"line":26,"column":63}},"10":{"start":{"line":27,"column":19},"end":{"line":27,"column":83}},"11":{"start":{"line":28,"column":19},"end":{"line":28,"column":38}},"12":{"start":{"line":30,"column":45},"end":{"line":37,"column":6}},"13":{"start":{"line":39,"column":18},"end":{"line":39,"column":59}},"14":{"start":{"line":41,"column":4},"end":{"line":47,"column":7}},"15":{"start":{"line":49,"column":4},"end":{"line":49,"column":14}},"16":{"start":{"line":54,"column":2},"end":{"line":64,"column":3}},"17":{"start":{"line":55,"column":77},"end":{"line":55,"column":85}},"18":{"start":{"line":56,"column":21},"end":{"line":60,"column":5}},"19":{"start":{"line":61,"column":4},"end":{"line":61,"column":43}},"20":{"start":{"line":63,"column":4},"end":{"line":63,"column":14}},"21":{"start":{"line":68,"column":2},"end":{"line":81,"column":3}},"22":{"start":{"line":69,"column":77},"end":{"line":69,"column":85}},"23":{"start":{"line":70,"column":21},"end":{"line":74,"column":5}},"24":{"start":{"line":75,"column":4},"end":{"line":77,"column":5}},"25":{"start":{"line":76,"column":6},"end":{"line":76,"column":70}},"26":{"start":{"line":78,"column":4},"end":{"line":78,"column":31}},"27":{"start":{"line":80,"column":4},"end":{"line":80,"column":14}},"28":{"start":{"line":85,"column":2},"end":{"line":103,"column":3}},"29":{"start":{"line":86,"column":20},"end":{"line":89,"column":5}},"30":{"start":{"line":90,"column":4},"end":{"line":94,"column":5}},"31":{"start":{"line":91,"column":6},"end":{"line":93,"column":101}},"32":{"start":{"line":96,"column":21},"end":{"line":96,"column":100}},"33":{"start":{"line":97,"column":4},"end":{"line":99,"column":5}},"34":{"start":{"line":98,"column":6},"end":{"line":98,"column":70}},"35":{"start":{"line":100,"column":4},"end":{"line":100,"column":27}},"36":{"start":{"line":102,"column":4},"end":{"line":102,"column":14}},"37":{"start":{"line":106,"column":0},"end":{"line":106,"column":63}}},"fnMap":{"0":{"name":"liste","decl":{"start":{"line":3,"column":15},"end":{"line":3,"column":20}},"loc":{"start":{"line":3,"column":37},"end":{"line":17,"column":1}},"line":3},"1":{"name":"detail","decl":{"start":{"line":19,"column":15},"end":{"line":19,"column":21}},"loc":{"start":{"line":19,"column":38},"end":{"line":51,"column":1}},"line":19},"2":{"name":"creer","decl":{"start":{"line":53,"column":15},"end":{"line":53,"column":20}},"loc":{"start":{"line":53,"column":37},"end":{"line":65,"column":1}},"line":53},"3":{"name":"modifier","decl":{"start":{"line":67,"column":15},"end":{"line":67,"column":23}},"loc":{"start":{"line":67,"column":40},"end":{"line":82,"column":1}},"line":67},"4":{"name":"supprimer","decl":{"start":{"line":84,"column":15},"end":{"line":84,"column":24}},"loc":{"start":{"line":84,"column":41},"end":{"line":104,"column":1}},"line":84}},"branchMap":{"0":{"loc":{"start":{"line":22,"column":4},"end":{"line":24,"column":5}},"type":"if","locations":[{"start":{"line":22,"column":4},"end":{"line":24,"column":5}},{"start":{},"end":{}}],"line":22},"1":{"loc":{"start":{"line":26,"column":26},"end":{"line":26,"column":59}},"type":"binary-expr","locations":[{"start":{"line":26,"column":26},"end":{"line":26,"column":54}},{"start":{"line":26,"column":58},"end":{"line":26,"column":59}}],"line":26},"2":{"loc":{"start":{"line":27,"column":37},"end":{"line":27,"column":73}},"type":"binary-expr","locations":[{"start":{"line":27,"column":37},"end":{"line":27,"column":67}},{"start":{"line":27,"column":71},"end":{"line":27,"column":73}}],"line":27},"3":{"loc":{"start":{"line":45,"column":56},"end":{"line":45,"column":86}},"type":"binary-expr","locations":[{"start":{"line":45,"column":56},"end":{"line":45,"column":81}},{"start":{"line":45,"column":85},"end":{"line":45,"column":86}}],"line":45},"4":{"loc":{"start":{"line":59,"column":62},"end":{"line":59,"column":96}},"type":"cond-expr","locations":[{"start":{"line":59,"column":84},"end":{"line":59,"column":89}},{"start":{"line":59,"column":92},"end":{"line":59,"column":96}}],"line":59},"5":{"loc":{"start":{"line":75,"column":4},"end":{"line":77,"column":5}},"type":"if","locations":[{"start":{"line":75,"column":4},"end":{"line":77,"column":5}},{"start":{},"end":{}}],"line":75},"6":{"loc":{"start":{"line":90,"column":4},"end":{"line":94,"column":5}},"type":"if","locations":[{"start":{"line":90,"column":4},"end":{"line":94,"column":5}},{"start":{},"end":{}}],"line":90},"7":{"loc":{"start":{"line":97,"column":4},"end":{"line":99,"column":5}},"type":"if","locations":[{"start":{"line":97,"column":4},"end":{"line":99,"column":5}},{"start":{},"end":{}}],"line":97}},"s":{"0":1,"1":2,"2":2,"3":1,"4":1,"5":2,"6":2,"7":2,"8":1,"9":1,"10":1,"11":1,"12":1,"13":1,"14":1,"15":0,"16":1,"17":1,"18":1,"19":1,"20":0,"21":1,"22":1,"23":1,"24":1,"25":0,"26":1,"27":0,"28":2,"29":2,"30":2,"31":1,"32":1,"33":1,"34":0,"35":1,"36":0,"37":1},"f":{"0":2,"1":2,"2":1,"3":1,"4":2},"b":{"0":[1,1],"1":[1,1],"2":[1,1],"3":[1,0],"4":[0,1],"5":[0,1],"6":[1,1],"7":[0,1]},"_coverageSchema":"1a1c01bbd47fc00a2c39e90264f33305004495a9","hash":"94b2884dd2ceebeda056a7a49f771f4639e65952"}
,"C:\\Users\\HP\\Downloads\\peers\\senegal-connect\\src\\controllers\\stats.controller.js": {"path":"C:\\Users\\HP\\Downloads\\peers\\senegal-connect\\src\\controllers\\stats.controller.js","statementMap":{"0":{"start":{"line":1,"column":18},"end":{"line":1,"column":41}},"1":{"start":{"line":5,"column":2},"end":{"line":18,"column":3}},"2":{"start":{"line":6,"column":21},"end":{"line":14,"column":6}},"3":{"start":{"line":15,"column":4},"end":{"line":15,"column":31}},"4":{"start":{"line":17,"column":4},"end":{"line":17,"column":14}},"5":{"start":{"line":21,"column":0},"end":{"line":21,"column":35}}},"fnMap":{"0":{"name":"tableauDeBord","decl":{"start":{"line":4,"column":15},"end":{"line":4,"column":28}},"loc":{"start":{"line":4,"column":45},"end":{"line":19,"column":1}},"line":4}},"branchMap":{},"s":{"0":1,"1":1,"2":1,"3":1,"4":0,"5":1},"f":{"0":1},"b":{},"_coverageSchema":"1a1c01bbd47fc00a2c39e90264f33305004495a9","hash":"226e74da23a658d359fb254db46707fbbfbc3fbd"}
,"C:\\Users\\HP\\Downloads\\peers\\senegal-connect\\src\\controllers\\tickets.controller.js": {"path":"C:\\Users\\HP\\Downloads\\peers\\senegal-connect\\src\\controllers\\tickets.controller.js","statementMap":{"0":{"start":{"line":1,"column":18},"end":{"line":1,"column":41}},"1":{"start":{"line":4,"column":21},"end":{"line":4,"column":23}},"2":{"start":{"line":5,"column":18},"end":{"line":5,"column":20}},"3":{"start":{"line":6,"column":10},"end":{"line":6,"column":11}},"4":{"start":{"line":8,"column":2},"end":{"line":12,"column":3}},"5":{"start":{"line":9,"column":4},"end":{"line":9,"column":38}},"6":{"start":{"line":10,"column":4},"end":{"line":10,"column":34}},"7":{"start":{"line":11,"column":4},"end":{"line":11,"column":8}},"8":{"start":{"line":13,"column":2},"end":{"line":17,"column":3}},"9":{"start":{"line":14,"column":4},"end":{"line":14,"column":41}},"10":{"start":{"line":15,"column":4},"end":{"line":15,"column":37}},"11":{"start":{"line":16,"column":4},"end":{"line":16,"column":8}},"12":{"start":{"line":19,"column":2},"end":{"line":36,"column":3}},"13":{"start":{"line":21,"column":4},"end":{"line":31,"column":5}},"14":{"start":{"line":22,"column":6},"end":{"line":22,"column":64}},"15":{"start":{"line":23,"column":6},"end":{"line":23,"column":34}},"16":{"start":{"line":24,"column":6},"end":{"line":24,"column":10}},"17":{"start":{"line":26,"column":6},"end":{"line":28,"column":8}},"18":{"start":{"line":29,"column":6},"end":{"line":29,"column":34}},"19":{"start":{"line":30,"column":6},"end":{"line":30,"column":10}},"20":{"start":{"line":32,"column":9},"end":{"line":36,"column":3}},"21":{"start":{"line":33,"column":4},"end":{"line":33,"column":40}},"22":{"start":{"line":34,"column":4},"end":{"line":34,"column":36}},"23":{"start":{"line":35,"column":4},"end":{"line":35,"column":8}},"24":{"start":{"line":38,"column":19},"end":{"line":38,"column":79}},"25":{"start":{"line":39,"column":2},"end":{"line":39,"column":31}},"26":{"start":{"line":43,"column":2},"end":{"line":76,"column":3}},"27":{"start":{"line":44,"column":17},"end":{"line":44,"column":63}},"28":{"start":{"line":45,"column":19},"end":{"line":45,"column":83}},"29":{"start":{"line":46,"column":19},"end":{"line":46,"column":38}},"30":{"start":{"line":50,"column":20},"end":{"line":50,"column":36}},"31":{"start":{"line":51,"column":24},"end":{"line":51,"column":28}},"32":{"start":{"line":53,"column":4},"end":{"line":58,"column":5}},"33":{"start":{"line":54,"column":24},"end":{"line":54,"column":102}},"34":{"start":{"line":55,"column":6},"end":{"line":55,"column":72}},"35":{"start":{"line":56,"column":11},"end":{"line":58,"column":5}},"36":{"start":{"line":57,"column":6},"end":{"line":57,"column":34}},"37":{"start":{"line":60,"column":34},"end":{"line":60,"column":75}},"38":{"start":{"line":62,"column":26},"end":{"line":62,"column":90}},"39":{"start":{"line":63,"column":18},"end":{"line":63,"column":59}},"40":{"start":{"line":65,"column":28},"end":{"line":68,"column":5}},"41":{"start":{"line":70,"column":4},"end":{"line":73,"column":7}},"42":{"start":{"line":75,"column":4},"end":{"line":75,"column":14}},"43":{"start":{"line":80,"column":2},"end":{"line":104,"column":3}},"44":{"start":{"line":81,"column":21},"end":{"line":86,"column":5}},"45":{"start":{"line":87,"column":4},"end":{"line":89,"column":5}},"46":{"start":{"line":88,"column":6},"end":{"line":88,"column":69}},"47":{"start":{"line":91,"column":19},"end":{"line":91,"column":35}},"48":{"start":{"line":93,"column":4},"end":{"line":95,"column":5}},"49":{"start":{"line":94,"column":6},"end":{"line":94,"column":98}},"50":{"start":{"line":96,"column":4},"end":{"line":98,"column":5}},"51":{"start":{"line":97,"column":6},"end":{"line":97,"column":89}},"52":{"start":{"line":100,"column":4},"end":{"line":100,"column":40}},"53":{"start":{"line":101,"column":4},"end":{"line":101,"column":21}},"54":{"start":{"line":103,"column":4},"end":{"line":103,"column":14}},"55":{"start":{"line":108,"column":2},"end":{"line":139,"column":3}},"56":{"start":{"line":109,"column":19},"end":{"line":109,"column":37}},"57":{"start":{"line":112,"column":4},"end":{"line":122,"column":5}},"58":{"start":{"line":113,"column":24},"end":{"line":113,"column":102}},"59":{"start":{"line":114,"column":6},"end":{"line":118,"column":7}},"60":{"start":{"line":115,"column":8},"end":{"line":117,"column":11}},"61":{"start":{"line":119,"column":6},"end":{"line":119,"column":38}},"62":{"start":{"line":120,"column":11},"end":{"line":122,"column":5}},"63":{"start":{"line":121,"column":6},"end":{"line":121,"column":106}},"64":{"start":{"line":124,"column":21},"end":{"line":127,"column":5}},"65":{"start":{"line":128,"column":19},"end":{"line":128,"column":35}},"66":{"start":{"line":131,"column":15},"end":{"line":131,"column":32}},"67":{"start":{"line":132,"column":4},"end":{"line":134,"column":5}},"68":{"start":{"line":133,"column":6},"end":{"line":133,"column":53}},"69":{"start":{"line":136,"column":4},"end":{"line":136,"column":33}},"70":{"start":{"line":138,"column":4},"end":{"line":138,"column":14}},"71":{"start":{"line":143,"column":2},"end":{"line":158,"column":3}},"72":{"start":{"line":144,"column":23},"end":{"line":144,"column":31}},"73":{"start":{"line":147,"column":6},"end":{"line":149,"column":68}},"74":{"start":{"line":151,"column":21},"end":{"line":151,"column":62}},"75":{"start":{"line":152,"column":4},"end":{"line":154,"column":5}},"76":{"start":{"line":153,"column":6},"end":{"line":153,"column":69}},"77":{"start":{"line":155,"column":4},"end":{"line":155,"column":31}},"78":{"start":{"line":157,"column":4},"end":{"line":157,"column":14}},"79":{"start":{"line":163,"column":2},"end":{"line":202,"column":3}},"80":{"start":{"line":164,"column":19},"end":{"line":164,"column":21}},"81":{"start":{"line":165,"column":23},"end":{"line":165,"column":41}},"82":{"start":{"line":166,"column":20},"end":{"line":166,"column":35}},"83":{"start":{"line":168,"column":4},"end":{"line":171,"column":5}},"84":{"start":{"line":169,"column":6},"end":{"line":169,"column":40}},"85":{"start":{"line":170,"column":6},"end":{"line":170,"column":36}},"86":{"start":{"line":173,"column":21},"end":{"line":176,"column":5}},"87":{"start":{"line":178,"column":19},"end":{"line":178,"column":32}},"88":{"start":{"line":181,"column":4},"end":{"line":197,"column":5}},"89":{"start":{"line":182,"column":26},"end":{"line":182,"column":49}},"90":{"start":{"line":182,"column":44},"end":{"line":182,"column":48}},"91":{"start":{"line":183,"column":32},"end":{"line":186,"column":7}},"92":{"start":{"line":188,"column":34},"end":{"line":188,"column":36}},"93":{"start":{"line":189,"column":6},"end":{"line":192,"column":9}},"94":{"start":{"line":190,"column":8},"end":{"line":190,"column":87}},"95":{"start":{"line":190,"column":48},"end":{"line":190,"column":87}},"96":{"start":{"line":191,"column":8},"end":{"line":191,"column":83}},"97":{"start":{"line":194,"column":6},"end":{"line":196,"column":9}},"98":{"start":{"line":195,"column":8},"end":{"line":195,"column":54}},"99":{"start":{"line":199,"column":4},"end":{"line":199,"column":31}},"100":{"start":{"line":201,"column":4},"end":{"line":201,"column":14}},"101":{"start":{"line":208,"column":2},"end":{"line":222,"column":3}},"102":{"start":{"line":209,"column":4},"end":{"line":211,"column":5}},"103":{"start":{"line":210,"column":6},"end":{"line":210,"column":102}},"104":{"start":{"line":213,"column":4},"end":{"line":219,"column":7}},"105":{"start":{"line":221,"column":4},"end":{"line":221,"column":14}},"106":{"start":{"line":226,"column":2},"end":{"line":233,"column":3}},"107":{"start":{"line":227,"column":21},"end":{"line":229,"column":6}},"108":{"start":{"line":230,"column":4},"end":{"line":230,"column":38}},"109":{"start":{"line":232,"column":4},"end":{"line":232,"column":14}},"110":{"start":{"line":236,"column":0},"end":{"line":236,"column":100}}},"fnMap":{"0":{"name":"construireFiltres","decl":{"start":{"line":3,"column":9},"end":{"line":3,"column":26}},"loc":{"start":{"line":3,"column":59},"end":{"line":40,"column":1}},"line":3},"1":{"name":"liste","decl":{"start":{"line":42,"column":15},"end":{"line":42,"column":20}},"loc":{"start":{"line":42,"column":37},"end":{"line":77,"column":1}},"line":42},"2":{"name":"detail","decl":{"start":{"line":79,"column":15},"end":{"line":79,"column":21}},"loc":{"start":{"line":79,"column":38},"end":{"line":105,"column":1}},"line":79},"3":{"name":"creer","decl":{"start":{"line":107,"column":15},"end":{"line":107,"column":20}},"loc":{"start":{"line":107,"column":37},"end":{"line":140,"column":1}},"line":107},"4":{"name":"changerStatut","decl":{"start":{"line":142,"column":15},"end":{"line":142,"column":28}},"loc":{"start":{"line":142,"column":45},"end":{"line":159,"column":1}},"line":142},"5":{"name":"messages","decl":{"start":{"line":162,"column":15},"end":{"line":162,"column":23}},"loc":{"start":{"line":162,"column":40},"end":{"line":203,"column":1}},"line":162},"6":{"name":"(anonymous_6)","decl":{"start":{"line":182,"column":37},"end":{"line":182,"column":38}},"loc":{"start":{"line":182,"column":44},"end":{"line":182,"column":48}},"line":182},"7":{"name":"(anonymous_7)","decl":{"start":{"line":189,"column":37},"end":{"line":189,"column":38}},"loc":{"start":{"line":189,"column":44},"end":{"line":192,"column":7}},"line":189},"8":{"name":"(anonymous_8)","decl":{"start":{"line":194,"column":21},"end":{"line":194,"column":22}},"loc":{"start":{"line":194,"column":28},"end":{"line":196,"column":7}},"line":194},"9":{"name":"uploadFichier","decl":{"start":{"line":207,"column":15},"end":{"line":207,"column":28}},"loc":{"start":{"line":207,"column":45},"end":{"line":223,"column":1}},"line":207},"10":{"name":"historiqueAppels","decl":{"start":{"line":225,"column":15},"end":{"line":225,"column":31}},"loc":{"start":{"line":225,"column":48},"end":{"line":234,"column":1}},"line":225}},"branchMap":{"0":{"loc":{"start":{"line":3,"column":37},"end":{"line":3,"column":57}},"type":"default-arg","locations":[{"start":{"line":3,"column":53},"end":{"line":3,"column":57}}],"line":3},"1":{"loc":{"start":{"line":8,"column":2},"end":{"line":12,"column":3}},"type":"if","locations":[{"start":{"line":8,"column":2},"end":{"line":12,"column":3}},{"start":{},"end":{}}],"line":8},"2":{"loc":{"start":{"line":13,"column":2},"end":{"line":17,"column":3}},"type":"if","locations":[{"start":{"line":13,"column":2},"end":{"line":17,"column":3}},{"start":{},"end":{}}],"line":13},"3":{"loc":{"start":{"line":19,"column":2},"end":{"line":36,"column":3}},"type":"if","locations":[{"start":{"line":19,"column":2},"end":{"line":36,"column":3}},{"start":{"line":32,"column":9},"end":{"line":36,"column":3}}],"line":19},"4":{"loc":{"start":{"line":21,"column":4},"end":{"line":31,"column":5}},"type":"if","locations":[{"start":{"line":21,"column":4},"end":{"line":31,"column":5}},{"start":{"line":25,"column":11},"end":{"line":31,"column":5}}],"line":21},"5":{"loc":{"start":{"line":32,"column":9},"end":{"line":36,"column":3}},"type":"if","locations":[{"start":{"line":32,"column":9},"end":{"line":36,"column":3}},{"start":{},"end":{}}],"line":32},"6":{"loc":{"start":{"line":38,"column":19},"end":{"line":38,"column":79}},"type":"cond-expr","locations":[{"start":{"line":38,"column":39},"end":{"line":38,"column":74}},{"start":{"line":38,"column":77},"end":{"line":38,"column":79}}],"line":38},"7":{"loc":{"start":{"line":44,"column":26},"end":{"line":44,"column":59}},"type":"binary-expr","locations":[{"start":{"line":44,"column":26},"end":{"line":44,"column":54}},{"start":{"line":44,"column":58},"end":{"line":44,"column":59}}],"line":44},"8":{"loc":{"start":{"line":45,"column":37},"end":{"line":45,"column":73}},"type":"binary-expr","locations":[{"start":{"line":45,"column":37},"end":{"line":45,"column":67}},{"start":{"line":45,"column":71},"end":{"line":45,"column":73}}],"line":45},"9":{"loc":{"start":{"line":53,"column":4},"end":{"line":58,"column":5}},"type":"if","locations":[{"start":{"line":53,"column":4},"end":{"line":58,"column":5}},{"start":{"line":56,"column":11},"end":{"line":58,"column":5}}],"line":53},"10":{"loc":{"start":{"line":55,"column":26},"end":{"line":55,"column":71}},"type":"cond-expr","locations":[{"start":{"line":55,"column":46},"end":{"line":55,"column":66}},{"start":{"line":55,"column":69},"end":{"line":55,"column":71}}],"line":55},"11":{"loc":{"start":{"line":56,"column":11},"end":{"line":58,"column":5}},"type":"if","locations":[{"start":{"line":56,"column":11},"end":{"line":58,"column":5}},{"start":{},"end":{}}],"line":56},"12":{"loc":{"start":{"line":72,"column":54},"end":{"line":72,"column":84}},"type":"binary-expr","locations":[{"start":{"line":72,"column":54},"end":{"line":72,"column":79}},{"start":{"line":72,"column":83},"end":{"line":72,"column":84}}],"line":72},"13":{"loc":{"start":{"line":87,"column":4},"end":{"line":89,"column":5}},"type":"if","locations":[{"start":{"line":87,"column":4},"end":{"line":89,"column":5}},{"start":{},"end":{}}],"line":87},"14":{"loc":{"start":{"line":93,"column":4},"end":{"line":95,"column":5}},"type":"if","locations":[{"start":{"line":93,"column":4},"end":{"line":95,"column":5}},{"start":{},"end":{}}],"line":93},"15":{"loc":{"start":{"line":93,"column":8},"end":{"line":93,"column":82}},"type":"binary-expr","locations":[{"start":{"line":93,"column":8},"end":{"line":93,"column":34}},{"start":{"line":93,"column":38},"end":{"line":93,"column":82}}],"line":93},"16":{"loc":{"start":{"line":96,"column":4},"end":{"line":98,"column":5}},"type":"if","locations":[{"start":{"line":96,"column":4},"end":{"line":98,"column":5}},{"start":{},"end":{}}],"line":96},"17":{"loc":{"start":{"line":96,"column":8},"end":{"line":96,"column":87}},"type":"binary-expr","locations":[{"start":{"line":96,"column":8},"end":{"line":96,"column":33}},{"start":{"line":96,"column":37},"end":{"line":96,"column":52}},{"start":{"line":96,"column":56},"end":{"line":96,"column":87}}],"line":96},"18":{"loc":{"start":{"line":112,"column":4},"end":{"line":122,"column":5}},"type":"if","locations":[{"start":{"line":112,"column":4},"end":{"line":122,"column":5}},{"start":{"line":120,"column":11},"end":{"line":122,"column":5}}],"line":112},"19":{"loc":{"start":{"line":114,"column":6},"end":{"line":118,"column":7}},"type":"if","locations":[{"start":{"line":114,"column":6},"end":{"line":118,"column":7}},{"start":{},"end":{}}],"line":114},"20":{"loc":{"start":{"line":120,"column":11},"end":{"line":122,"column":5}},"type":"if","locations":[{"start":{"line":120,"column":11},"end":{"line":122,"column":5}},{"start":{},"end":{}}],"line":120},"21":{"loc":{"start":{"line":132,"column":4},"end":{"line":134,"column":5}},"type":"if","locations":[{"start":{"line":132,"column":4},"end":{"line":134,"column":5}},{"start":{},"end":{}}],"line":132},"22":{"loc":{"start":{"line":147,"column":6},"end":{"line":149,"column":68}},"type":"cond-expr","locations":[{"start":{"line":148,"column":10},"end":{"line":148,"column":86}},{"start":{"line":149,"column":10},"end":{"line":149,"column":68}}],"line":147},"23":{"loc":{"start":{"line":152,"column":4},"end":{"line":154,"column":5}},"type":"if","locations":[{"start":{"line":152,"column":4},"end":{"line":154,"column":5}},{"start":{},"end":{}}],"line":152},"24":{"loc":{"start":{"line":168,"column":4},"end":{"line":171,"column":5}},"type":"if","locations":[{"start":{"line":168,"column":4},"end":{"line":171,"column":5}},{"start":{},"end":{}}],"line":168},"25":{"loc":{"start":{"line":181,"column":4},"end":{"line":197,"column":5}},"type":"if","locations":[{"start":{"line":181,"column":4},"end":{"line":197,"column":5}},{"start":{},"end":{}}],"line":181},"26":{"loc":{"start":{"line":190,"column":8},"end":{"line":190,"column":87}},"type":"if","locations":[{"start":{"line":190,"column":8},"end":{"line":190,"column":87}},{"start":{},"end":{}}],"line":190},"27":{"loc":{"start":{"line":195,"column":22},"end":{"line":195,"column":53}},"type":"binary-expr","locations":[{"start":{"line":195,"column":22},"end":{"line":195,"column":47}},{"start":{"line":195,"column":51},"end":{"line":195,"column":53}}],"line":195},"28":{"loc":{"start":{"line":209,"column":4},"end":{"line":211,"column":5}},"type":"if","locations":[{"start":{"line":209,"column":4},"end":{"line":211,"column":5}},{"start":{},"end":{}}],"line":209}},"s":{"0":1,"1":2,"2":2,"3":2,"4":2,"5":0,"6":0,"7":0,"8":2,"9":0,"10":0,"11":0,"12":2,"13":1,"14":0,"15":0,"16":0,"17":1,"18":1,"19":1,"20":1,"21":0,"22":0,"23":0,"24":2,"25":2,"26":2,"27":2,"28":2,"29":2,"30":2,"31":2,"32":2,"33":0,"34":0,"35":2,"36":1,"37":2,"38":2,"39":2,"40":2,"41":2,"42":0,"43":3,"44":3,"45":3,"46":1,"47":2,"48":2,"49":1,"50":1,"51":0,"52":1,"53":1,"54":0,"55":1,"56":1,"57":1,"58":1,"59":1,"60":0,"61":1,"62":0,"63":0,"64":1,"65":1,"66":1,"67":1,"68":1,"69":1,"70":0,"71":2,"72":2,"73":2,"74":2,"75":2,"76":1,"77":1,"78":0,"79":1,"80":1,"81":1,"82":1,"83":1,"84":1,"85":1,"86":1,"87":1,"88":1,"89":1,"90":1,"91":1,"92":1,"93":1,"94":1,"95":1,"96":1,"97":1,"98":1,"99":1,"100":0,"101":2,"102":2,"103":1,"104":1,"105":0,"106":1,"107":1,"108":1,"109":0,"110":1},"f":{"0":2,"1":2,"2":3,"3":1,"4":2,"5":1,"6":1,"7":1,"8":1,"9":2,"10":1},"b":{"0":[0],"1":[0,2],"2":[0,2],"3":[1,1],"4":[0,1],"5":[0,1],"6":[1,1],"7":[2,2],"8":[2,2],"9":[0,2],"10":[0,0],"11":[1,1],"12":[2,1],"13":[1,2],"14":[1,1],"15":[2,2],"16":[0,1],"17":[1,0,0],"18":[1,0],"19":[0,1],"20":[0,0],"21":[1,0],"22":[1,1],"23":[1,1],"24":[1,0],"25":[1,0],"26":[1,0],"27":[1,0],"28":[1,1]},"_coverageSchema":"1a1c01bbd47fc00a2c39e90264f33305004495a9","hash":"d4706245570f43a92e6f4ab7aa3ae8a02f530e86"}
,"C:\\Users\\HP\\Downloads\\peers\\senegal-connect\\src\\middleware\\auth.js": {"path":"C:\\Users\\HP\\Downloads\\peers\\senegal-connect\\src\\middleware\\auth.js","statementMap":{"0":{"start":{"line":1,"column":12},"end":{"line":1,"column":35}},"1":{"start":{"line":2,"column":15},"end":{"line":2,"column":42}},"2":{"start":{"line":8,"column":17},"end":{"line":8,"column":42}},"3":{"start":{"line":10,"column":2},"end":{"line":12,"column":3}},"4":{"start":{"line":11,"column":4},"end":{"line":11,"column":63}},"5":{"start":{"line":14,"column":16},"end":{"line":14,"column":36}},"6":{"start":{"line":16,"column":2},"end":{"line":26,"column":3}},"7":{"start":{"line":17,"column":20},"end":{"line":17,"column":61}},"8":{"start":{"line":18,"column":4},"end":{"line":18,"column":23}},"9":{"start":{"line":19,"column":4},"end":{"line":19,"column":11}},"10":{"start":{"line":21,"column":4},"end":{"line":23,"column":5}},"11":{"start":{"line":22,"column":6},"end":{"line":22,"column":91}},"12":{"start":{"line":24,"column":4},"end":{"line":24,"column":55}},"13":{"start":{"line":25,"column":4},"end":{"line":25,"column":63}},"14":{"start":{"line":31,"column":2},"end":{"line":36,"column":4}},"15":{"start":{"line":32,"column":4},"end":{"line":34,"column":5}},"16":{"start":{"line":33,"column":6},"end":{"line":33,"column":85}},"17":{"start":{"line":35,"column":4},"end":{"line":35,"column":11}},"18":{"start":{"line":39,"column":0},"end":{"line":39,"column":45}}},"fnMap":{"0":{"name":"verifierJWT","decl":{"start":{"line":7,"column":9},"end":{"line":7,"column":20}},"loc":{"start":{"line":7,"column":37},"end":{"line":27,"column":1}},"line":7},"1":{"name":"garderRole","decl":{"start":{"line":30,"column":9},"end":{"line":30,"column":19}},"loc":{"start":{"line":30,"column":30},"end":{"line":37,"column":1}},"line":30},"2":{"name":"(anonymous_2)","decl":{"start":{"line":31,"column":9},"end":{"line":31,"column":10}},"loc":{"start":{"line":31,"column":29},"end":{"line":36,"column":3}},"line":31}},"branchMap":{"0":{"loc":{"start":{"line":10,"column":2},"end":{"line":12,"column":3}},"type":"if","locations":[{"start":{"line":10,"column":2},"end":{"line":12,"column":3}},{"start":{},"end":{}}],"line":10},"1":{"loc":{"start":{"line":10,"column":6},"end":{"line":10,"column":46}},"type":"binary-expr","locations":[{"start":{"line":10,"column":6},"end":{"line":10,"column":13}},{"start":{"line":10,"column":17},"end":{"line":10,"column":46}}],"line":10},"2":{"loc":{"start":{"line":21,"column":4},"end":{"line":23,"column":5}},"type":"if","locations":[{"start":{"line":21,"column":4},"end":{"line":23,"column":5}},{"start":{},"end":{}}],"line":21},"3":{"loc":{"start":{"line":32,"column":4},"end":{"line":34,"column":5}},"type":"if","locations":[{"start":{"line":32,"column":4},"end":{"line":34,"column":5}},{"start":{},"end":{}}],"line":32},"4":{"loc":{"start":{"line":32,"column":8},"end":{"line":32,"column":51}},"type":"binary-expr","locations":[{"start":{"line":32,"column":8},"end":{"line":32,"column":17}},{"start":{"line":32,"column":21},"end":{"line":32,"column":51}}],"line":32}},"s":{"0":1,"1":1,"2":55,"3":55,"4":1,"5":54,"6":54,"7":54,"8":52,"9":52,"10":2,"11":1,"12":1,"13":1,"14":12,"15":26,"16":2,"17":24,"18":1},"f":{"0":55,"1":12,"2":26},"b":{"0":[1,54],"1":[55,54],"2":[1,1],"3":[2,24],"4":[26,26]},"_coverageSchema":"1a1c01bbd47fc00a2c39e90264f33305004495a9","hash":"4345d45f56a143305bf491c56387d27c9c93fbfc"}
,"C:\\Users\\HP\\Downloads\\peers\\senegal-connect\\src\\middleware\\erreurs.js": {"path":"C:\\Users\\HP\\Downloads\\peers\\senegal-connect\\src\\middleware\\erreurs.js","statementMap":{"0":{"start":{"line":1,"column":15},"end":{"line":1,"column":32}},"1":{"start":{"line":2,"column":15},"end":{"line":2,"column":42}},"2":{"start":{"line":7,"column":2},"end":{"line":9,"column":3}},"3":{"start":{"line":8,"column":4},"end":{"line":8,"column":81}},"4":{"start":{"line":10,"column":2},"end":{"line":12,"column":3}},"5":{"start":{"line":11,"column":4},"end":{"line":11,"column":58}},"6":{"start":{"line":15,"column":2},"end":{"line":18,"column":3}},"7":{"start":{"line":16,"column":18},"end":{"line":16,"column":112}},"8":{"start":{"line":17,"column":4},"end":{"line":17,"column":86}},"9":{"start":{"line":21,"column":2},"end":{"line":23,"column":3}},"10":{"start":{"line":22,"column":4},"end":{"line":22,"column":101}},"11":{"start":{"line":25,"column":2},"end":{"line":25,"column":41}},"12":{"start":{"line":27,"column":18},"end":{"line":27,"column":55}},"13":{"start":{"line":28,"column":2},"end":{"line":31,"column":5}},"14":{"start":{"line":35,"column":2},"end":{"line":35,"column":90}},"15":{"start":{"line":38,"column":0},"end":{"line":38,"column":56}}},"fnMap":{"0":{"name":"gestionnaireErreurs","decl":{"start":{"line":5,"column":9},"end":{"line":5,"column":28}},"loc":{"start":{"line":5,"column":50},"end":{"line":32,"column":1}},"line":5},"1":{"name":"routeInconnue","decl":{"start":{"line":34,"column":9},"end":{"line":34,"column":22}},"loc":{"start":{"line":34,"column":33},"end":{"line":36,"column":1}},"line":34}},"branchMap":{"0":{"loc":{"start":{"line":7,"column":2},"end":{"line":9,"column":3}},"type":"if","locations":[{"start":{"line":7,"column":2},"end":{"line":9,"column":3}},{"start":{},"end":{}}],"line":7},"1":{"loc":{"start":{"line":10,"column":2},"end":{"line":12,"column":3}},"type":"if","locations":[{"start":{"line":10,"column":2},"end":{"line":12,"column":3}},{"start":{},"end":{}}],"line":10},"2":{"loc":{"start":{"line":10,"column":6},"end":{"line":10,"column":95}},"type":"binary-expr","locations":[{"start":{"line":10,"column":6},"end":{"line":10,"column":37}},{"start":{"line":10,"column":41},"end":{"line":10,"column":95}}],"line":10},"3":{"loc":{"start":{"line":15,"column":2},"end":{"line":18,"column":3}},"type":"if","locations":[{"start":{"line":15,"column":2},"end":{"line":18,"column":3}},{"start":{},"end":{}}],"line":15},"4":{"loc":{"start":{"line":16,"column":18},"end":{"line":16,"column":112}},"type":"cond-expr","locations":[{"start":{"line":16,"column":68},"end":{"line":16,"column":102}},{"start":{"line":16,"column":105},"end":{"line":16,"column":112}}],"line":16},"5":{"loc":{"start":{"line":16,"column":19},"end":{"line":16,"column":64}},"type":"binary-expr","locations":[{"start":{"line":16,"column":19},"end":{"line":16,"column":29}},{"start":{"line":16,"column":33},"end":{"line":16,"column":64}}],"line":16},"6":{"loc":{"start":{"line":21,"column":2},"end":{"line":23,"column":3}},"type":"if","locations":[{"start":{"line":21,"column":2},"end":{"line":23,"column":3}},{"start":{},"end":{}}],"line":21},"7":{"loc":{"start":{"line":25,"column":15},"end":{"line":25,"column":39}},"type":"binary-expr","locations":[{"start":{"line":25,"column":15},"end":{"line":25,"column":24}},{"start":{"line":25,"column":28},"end":{"line":25,"column":39}}],"line":25},"8":{"loc":{"start":{"line":30,"column":8},"end":{"line":30,"column":46}},"type":"cond-expr","locations":[{"start":{"line":30,"column":18},"end":{"line":30,"column":20}},{"start":{"line":30,"column":23},"end":{"line":30,"column":46}}],"line":30}},"s":{"0":1,"1":1,"2":4,"3":0,"4":4,"5":1,"6":3,"7":1,"8":1,"9":2,"10":1,"11":1,"12":1,"13":1,"14":1,"15":1},"f":{"0":4,"1":1},"b":{"0":[0,4],"1":[1,3],"2":[4,4],"3":[1,2],"4":[1,0],"5":[1,1],"6":[1,1],"7":[1,0],"8":[0,1]},"_coverageSchema":"1a1c01bbd47fc00a2c39e90264f33305004495a9","hash":"78305d88b84b1899c7aade19085e20dc64a7ab92"}
,"C:\\Users\\HP\\Downloads\\peers\\senegal-connect\\src\\middleware\\upload.js": {"path":"C:\\Users\\HP\\Downloads\\peers\\senegal-connect\\src\\middleware\\upload.js","statementMap":{"0":{"start":{"line":1,"column":15},"end":{"line":1,"column":32}},"1":{"start":{"line":2,"column":13},"end":{"line":2,"column":28}},"2":{"start":{"line":3,"column":23},"end":{"line":3,"column":38}},"3":{"start":{"line":6,"column":24},"end":{"line":6,"column":110}},"4":{"start":{"line":8,"column":17},"end":{"line":15,"column":2}},"5":{"start":{"line":9,"column":34},"end":{"line":9,"column":54}},"6":{"start":{"line":12,"column":22},"end":{"line":12,"column":53}},"7":{"start":{"line":13,"column":4},"end":{"line":13,"column":40}},"8":{"start":{"line":18,"column":2},"end":{"line":22,"column":3}},"9":{"start":{"line":19,"column":4},"end":{"line":19,"column":19}},"10":{"start":{"line":21,"column":4},"end":{"line":21,"column":69}},"11":{"start":{"line":25,"column":15},"end":{"line":29,"column":2}},"12":{"start":{"line":31,"column":0},"end":{"line":31,"column":24}}},"fnMap":{"0":{"name":"(anonymous_0)","decl":{"start":{"line":9,"column":15},"end":{"line":9,"column":16}},"loc":{"start":{"line":9,"column":34},"end":{"line":9,"column":54}},"line":9},"1":{"name":"(anonymous_1)","decl":{"start":{"line":10,"column":12},"end":{"line":10,"column":13}},"loc":{"start":{"line":10,"column":31},"end":{"line":14,"column":3}},"line":10},"2":{"name":"filtreFichier","decl":{"start":{"line":17,"column":9},"end":{"line":17,"column":22}},"loc":{"start":{"line":17,"column":38},"end":{"line":23,"column":1}},"line":17}},"branchMap":{"0":{"loc":{"start":{"line":18,"column":2},"end":{"line":22,"column":3}},"type":"if","locations":[{"start":{"line":18,"column":2},"end":{"line":22,"column":3}},{"start":{"line":20,"column":9},"end":{"line":22,"column":3}}],"line":18},"1":{"loc":{"start":{"line":28,"column":22},"end":{"line":28,"column":81}},"type":"binary-expr","locations":[{"start":{"line":28,"column":22},"end":{"line":28,"column":61}},{"start":{"line":28,"column":65},"end":{"line":28,"column":81}}],"line":28}},"s":{"0":1,"1":1,"2":1,"3":1,"4":1,"5":1,"6":1,"7":1,"8":2,"9":1,"10":1,"11":1,"12":1},"f":{"0":1,"1":1,"2":2},"b":{"0":[1,1],"1":[1,0]},"_coverageSchema":"1a1c01bbd47fc00a2c39e90264f33305004495a9","hash":"3d0a3084be3990715cdc0726b9e27176a50be7a7"}
,"C:\\Users\\HP\\Downloads\\peers\\senegal-connect\\src\\routes\\auth.js": {"path":"C:\\Users\\HP\\Downloads\\peers\\senegal-connect\\src\\routes\\auth.js","statementMap":{"0":{"start":{"line":1,"column":16},"end":{"line":1,"column":34}},"1":{"start":{"line":2,"column":17},"end":{"line":2,"column":45}},"2":{"start":{"line":3,"column":31},"end":{"line":3,"column":61}},"3":{"start":{"line":4,"column":24},"end":{"line":4,"column":53}},"4":{"start":{"line":5,"column":19},"end":{"line":5,"column":60}},"5":{"start":{"line":7,"column":15},"end":{"line":7,"column":31}},"6":{"start":{"line":55,"column":0},"end":{"line":66,"column":2}},"7":{"start":{"line":118,"column":0},"end":{"line":126,"column":2}},"8":{"start":{"line":151,"column":0},"end":{"line":151,"column":54}},"9":{"start":{"line":153,"column":0},"end":{"line":153,"column":24}}},"fnMap":{},"branchMap":{},"s":{"0":1,"1":1,"2":1,"3":1,"4":1,"5":1,"6":1,"7":1,"8":1,"9":1},"f":{},"b":{},"_coverageSchema":"1a1c01bbd47fc00a2c39e90264f33305004495a9","hash":"8d0cd5d363c0e7ce7884e1877ce6f1db4416a1d7"}
,"C:\\Users\\HP\\Downloads\\peers\\senegal-connect\\src\\routes\\clients.js": {"path":"C:\\Users\\HP\\Downloads\\peers\\senegal-connect\\src\\routes\\clients.js","statementMap":{"0":{"start":{"line":1,"column":16},"end":{"line":1,"column":34}},"1":{"start":{"line":2,"column":24},"end":{"line":2,"column":52}},"2":{"start":{"line":3,"column":31},"end":{"line":3,"column":61}},"3":{"start":{"line":4,"column":36},"end":{"line":4,"column":65}},"4":{"start":{"line":5,"column":19},"end":{"line":5,"column":63}},"5":{"start":{"line":8,"column":15},"end":{"line":8,"column":31}},"6":{"start":{"line":10,"column":25},"end":{"line":18,"column":1}},"7":{"start":{"line":54,"column":0},"end":{"line":54,"column":47}},"8":{"start":{"line":80,"column":0},"end":{"line":86,"column":2}},"9":{"start":{"line":129,"column":0},"end":{"line":136,"column":2}},"10":{"start":{"line":138,"column":0},"end":{"line":146,"column":2}},"11":{"start":{"line":148,"column":0},"end":{"line":156,"column":2}},"12":{"start":{"line":158,"column":0},"end":{"line":158,"column":126}},"13":{"start":{"line":160,"column":0},"end":{"line":160,"column":24}}},"fnMap":{},"branchMap":{},"s":{"0":1,"1":1,"2":1,"3":1,"4":1,"5":1,"6":1,"7":1,"8":1,"9":1,"10":1,"11":1,"12":1,"13":1},"f":{},"b":{},"_coverageSchema":"1a1c01bbd47fc00a2c39e90264f33305004495a9","hash":"15c28e43766c372c5567bd288cbefe8c5be38399"}
[...]
{"line":134,"column":5}},"line":100},"8":{"name":"(anonymous_8)","decl":{"start":{"line":136,"column":33},"end":{"line":136,"column":34}},"loc":{"start":{"line":136,"column":77},"end":{"line":156,"column":5}},"line":136},"9":{"name":"(anonymous_9)","decl":{"start":{"line":158,"column":28},"end":{"line":158,"column":29}},"loc":{"start":{"line":158,"column":58},"end":{"line":181,"column":5}},"line":158},"10":{"name":"(anonymous_10)","decl":{"start":{"line":183,"column":32},"end":{"line":183,"column":33}},"loc":{"start":{"line":183,"column":69},"end":{"line":222,"column":5}},"line":183},"11":{"name":"(anonymous_11)","decl":{"start":{"line":224,"column":34},"end":{"line":224,"column":35}},"loc":{"start":{"line":224,"column":58},"end":{"line":249,"column":5}},"line":224},"12":{"name":"(anonymous_12)","decl":{"start":{"line":251,"column":24},"end":{"line":251,"column":25}},"loc":{"start":{"line":251,"column":52},"end":{"line":254,"column":5}},"line":251},"13":{"name":"(anonymous_13)","decl":{"start":{"line":256,"column":31},"end":{"line":256,"column":32}},"loc":{"start":{"line":256,"column":65},"end":{"line":287,"column":5}},"line":256},"14":{"name":"(anonymous_14)","decl":{"start":{"line":289,"column":28},"end":{"line":289,"column":29}},"loc":{"start":{"line":289,"column":34},"end":{"line":291,"column":5}},"line":289}},"branchMap":{"0":{"loc":{"start":{"line":8,"column":18},"end":{"line":8,"column":70}},"type":"binary-expr","locations":[{"start":{"line":8,"column":18},"end":{"line":8,"column":39}},{"start":{"line":8,"column":43},"end":{"line":8,"column":70}}],"line":8},"1":{"loc":{"start":{"line":10,"column":4},"end":{"line":12,"column":5}},"type":"if","locations":[{"start":{"line":10,"column":4},"end":{"line":12,"column":5}},{"start":{},"end":{}}],"line":10},"2":{"loc":{"start":{"line":32,"column":11},"end":{"line":32,"column":35}},"type":"binary-expr","locations":[{"start":{"line":32,"column":11},"end":{"line":32,"column":27}},{"start":{"line":32,"column":31},"end":{"line":32,"column":35}}],"line":32},"3":{"loc":{"start":{"line":36,"column":4},"end":{"line":36,"column":30}},"type":"if","locations":[{"start":{"line":36,"column":4},"end":{"line":36,"column":30}},{"start":{},"end":{}}],"line":36},"4":{"loc":{"start":{"line":37,"column":4},"end":{"line":37,"column":50}},"type":"if","locations":[{"start":{"line":37,"column":4},"end":{"line":37,"column":50}},{"start":{},"end":{}}],"line":37},"5":{"loc":{"start":{"line":38,"column":4},"end":{"line":38,"column":94}},"type":"if","locations":[{"start":{"line":38,"column":4},"end":{"line":38,"column":94}},{"start":{},"end":{}}],"line":38},"6":{"loc":{"start":{"line":39,"column":4},"end":{"line":39,"column":100}},"type":"if","locations":[{"start":{"line":39,"column":4},"end":{"line":39,"column":100}},{"start":{},"end":{}}],"line":39},"7":{"loc":{"start":{"line":39,"column":45},"end":{"line":39,"column":99}},"type":"binary-expr","locations":[{"start":{"line":39,"column":45},"end":{"line":39,"column":61}},{"start":{"line":39,"column":65},"end":{"line":39,"column":99}}],"line":39},"8":{"loc":{"start":{"line":47,"column":4},"end":{"line":49,"column":5}},"type":"if","locations":[{"start":{"line":47,"column":4},"end":{"line":49,"column":5}},{"start":{},"end":{}}],"line":47},"9":{"loc":{"start":{"line":53,"column":41},"end":{"line":53,"column":58}},"type":"default-arg","locations":[{"start":{"line":53,"column":56},"end":{"line":53,"column":58}}],"line":53},"10":{"loc":{"start":{"line":56,"column":8},"end":{"line":56,"column":57}},"type":"if","locations":[{"start":{"line":56,"column":8},"end":{"line":56,"column":57}},{"start":{},"end":{}}],"line":56},"11":{"loc":{"start":{"line":63,"column":38},"end":{"line":63,"column":50}},"type":"default-arg","locations":[{"start":{"line":63,"column":48},"end":{"line":63,"column":50}}],"line":63},"12":{"loc":{"start":{"line":67,"column":8},"end":{"line":70,"column":9}},"type":"if","locations":[{"start":{"line":67,"column":8},"end":{"line":70,"column":9}},{"start":{},"end":{}}],"line":67},"13":{"loc":{"start":{"line":69,"column":21},"end":{"line":69,"column":68}},"type":"cond-expr","locations":[{"start":{"line":69,"column":41},"end":{"line":69,"column":61}},{"start":{"line":69,"column":64},"end":{"line":69,"column":68}}],"line":69},"14":{"loc":{"start":{"line":72,"column":8},"end":{"line":74,"column":9}},"type":"if","locations":[{"start":{"line":72,"column":8},"end":{"line":74,"column":9}},{"start":{},"end":{}}],"line":72},"15":{"loc":{"start":{"line":73,"column":17},"end":{"line":73,"column":93}},"type":"binary-expr","locations":[{"start":{"line":73,"column":17},"end":{"line":73,"column":42}},{"start":{"line":73,"column":46},"end":{"line":73,"column":93}}],"line":73},"16":{"loc":{"start":{"line":76,"column":8},"end":{"line":78,"column":9}},"type":"if","locations":[{"start":{"line":76,"column":8},"end":{"line":78,"column":9}},{"start":{},"end":{}}],"line":76},"17":{"loc":{"start":{"line":76,"column":12},"end":{"line":76,"column":59}},"type":"binary-expr","locations":[{"start":{"line":76,"column":12},"end":{"line":76,"column":26}},{"start":{"line":76,"column":30},"end":{"line":76,"column":59}}],"line":76},"18":{"loc":{"start":{"line":77,"column":17},"end":{"line":77,"column":84}},"type":"binary-expr","locations":[{"start":{"line":77,"column":17},"end":{"line":77,"column":42}},{"start":{"line":77,"column":46},"end":{"line":77,"column":84}}],"line":77},"19":{"loc":{"start":{"line":89,"column":8},"end":{"line":91,"column":9}},"type":"if","locations":[{"start":{"line":89,"column":8},"end":{"line":91,"column":9}},{"start":{},"end":{}}],"line":89},"20":{"loc":{"start":{"line":94,"column":8},"end":{"line":96,"column":9}},"type":"if","locations":[{"start":{"line":94,"column":8},"end":{"line":96,"column":9}},{"start":{},"end":{}}],"line":94},"21":{"loc":{"start":{"line":100,"column":40},"end":{"line":100,"column":57}},"type":"default-arg","locations":[{"start":{"line":100,"column":55},"end":{"line":100,"column":57}}],"line":100},"22":{"loc":{"start":{"line":102,"column":8},"end":{"line":104,"column":9}},"type":"if","locations":[{"start":{"line":102,"column":8},"end":{"line":104,"column":9}},{"start":{},"end":{}}],"line":102},"23":{"loc":{"start":{"line":103,"column":17},"end":{"line":103,"column":111}},"type":"binary-expr","locations":[{"start":{"line":103,"column":17},"end":{"line":103,"column":42}},{"start":{"line":103,"column":46},"end":{"line":103,"column":111}}],"line":103},"24":{"loc":{"start":{"line":107,"column":8},"end":{"line":109,"column":9}},"type":"if","locations":[{"start":{"line":107,"column":8},"end":{"line":109,"column":9}},{"start":{},"end":{}}],"line":107},"25":{"loc":{"start":{"line":108,"column":17},"end":{"line":108,"column":83}},"type":"binary-expr","locations":[{"start":{"line":108,"column":17},"end":{"line":108,"column":42}},{"start":{"line":108,"column":46},"end":{"line":108,"column":83}}],"line":108},"26":{"loc":{"start":{"line":111,"column":8},"end":{"line":113,"column":9}},"type":"if","locations":[{"start":{"line":111,"column":8},"end":{"line":113,"column":9}},{"start":{},"end":{}}],"line":111},"27":{"loc":{"start":{"line":111,"column":12},"end":{"line":111,"column":75}},"type":"binary-expr","locations":[{"start":{"line":111,"column":12},"end":{"line":111,"column":32}},{"start":{"line":111,"column":36},"end":{"line":111,"column":75}}],"line":111},"28":{"loc":{"start":{"line":112,"column":17},"end":{"line":112,"column":117}},"type":"binary-expr","locations":[{"start":{"line":112,"column":17},"end":{"line":112,"column":42}},{"start":{"line":112,"column":46},"end":{"line":112,"column":117}}],"line":112},"29":{"loc":{"start":{"line":122,"column":8},"end":{"line":124,"column":9}},"type":"if","locations":[{"start":{"line":122,"column":8},"end":{"line":124,"column":9}},{"start":{},"end":{}}],"line":122},"30":{"loc":{"start":{"line":126,"column":8},"end":{"line":128,"column":9}},"type":"if","locations":[{"start":{"line":126,"column":8},"end":{"line":128,"column":9}},{"start":{},"end":{}}],"line":126},"31":{"loc":{"start":{"line":136,"column":40},"end":{"line":136,"column":72}},"type":"default-arg","locations":[{"start":{"line":136,"column":70},"end":{"line":136,"column":72}}],"line":136},"32":{"loc":{"start":{"line":138,"column":8},"end":{"line":140,"column":9}},"type":"if","locations":[{"start":{"line":138,"column":8},"end":{"line":140,"column":9}},{"start":{},"end":{}}],"line":138},"33":{"loc":{"start":{"line":138,"column":12},"end":{"line":138,"column":47}},"type":"binary-expr","locations":[{"start":{"line":138,"column":12},"end":{"line":138,"column":20}},{"start":{"line":138,"column":24},"end":{"line":138,"column":47}}],"line":138},"34":{"loc":{"start":{"line":143,"column":8},"end":{"line":143,"column":57}},"type":"if","locations":[{"start":{"line":143,"column":8},"end":{"line":143,"column":57}},{"start":{},"end":{}}],"line":143},"35":{"loc":{"start":{"line":149,"column":37},"end":{"line":149,"column":52}},"type":"binary-expr","locations":[{"start":{"line":149,"column":37},"end":{"line":149,"column":41}},{"start":{"line":149,"column":45},"end":{"line":149,"column":52}}],"line":149},"36":{"loc":{"start":{"line":158,"column":35},"end":{"line":158,"column":53}},"type":"default-arg","locations":[{"start":{"line":158,"column":51},"end":{"line":158,"column":53}}],"line":158},"37":{"loc":{"start":{"line":163,"column":8},"end":{"line":163,"column":29}},"type":"if","locations":[{"start":{"line":163,"column":8},"end":{"line":163,"column":29}},{"start":{},"end":{}}],"line":163},"38":{"loc":{"start":{"line":166,"column":8},"end":{"line":166,"column":57}},"type":"if","locations":[{"start":{"line":166,"column":8},"end":{"line":166,"column":57}},{"start":{},"end":{}}],"line":166},"39":{"loc":{"start":{"line":175,"column":8},"end":{"line":177,"column":9}},"type":"if","locations":[{"start":{"line":175,"column":8},"end":{"line":177,"column":9}},{"start":{},"end":{}}],"line":175},"40":{"loc":{"start":{"line":175,"column":12},"end":{"line":175,"column":77}},"type":"binary-expr","locations":[{"start":{"line":175,"column":12},"end":{"line":175,"column":33}},{"start":{"line":175,"column":37},"end":{"line":175,"column":77}}],"line":175},"41":{"loc":{"start":{"line":183,"column":39},"end":{"line":183,"column":64}},"type":"default-arg","locations":[{"start":{"line":183,"column":62},"end":{"line":183,"column":64}}],"line":183},"42":{"loc":{"start":{"line":185,"column":8},"end":{"line":185,"column":27}},"type":"if","locations":[{"start":{"line":185,"column":8},"end":{"line":185,"column":27}},{"start":{},"end":{}}],"line":185},"43":{"loc":{"start":{"line":189,"column":8},"end":{"line":189,"column":29}},"type":"if","locations":[{"start":{"line":189,"column":8},"end":{"line":189,"column":29}},{"start":{},"end":{}}],"line":189},"44":{"loc":{"start":{"line":192,"column":8},"end":{"line":192,"column":57}},"type":"if","locations":[{"start":{"line":192,"column":8},"end":{"line":192,"column":57}},{"start":{},"end":{}}],"line":192},"45":{"loc":{"start":{"line":199,"column":8},"end":{"line":211,"column":9}},"type":"if","locations":[{"start":{"line":199,"column":8},"end":{"line":211,"column":9}},{"start":{"line":205,"column":15},"end":{"line":211,"column":9}}],"line":199},"46":{"loc":{"start":{"line":224,"column":41},"end":{"line":224,"column":53}},"type":"default-arg","locations":[{"start":{"line":224,"column":51},"end":{"line":224,"column":53}}],"line":224},"47":{"loc":{"start":{"line":227,"column":8},"end":{"line":227,"column":45}},"type":"if","locations":[{"start":{"line":227,"column":8},"end":{"line":227,"column":45}},{"start":{},"end":{}}],"line":227},"48":{"loc":{"start":{"line":227,"column":12},"end":{"line":227,"column":36}},"type":"binary-expr","locations":[{"start":{"line":227,"column":12},"end":{"line":227,"column":21}},{"start":{"line":227,"column":25},"end":{"line":227,"column":36}}],"line":227},"49":{"loc":{"start":{"line":230,"column":8},"end":{"line":230,"column":57}},"type":"if","locations":[{"start":{"line":230,"column":8},"end":{"line":230,"column":57}},{"start":{},"end":{}}],"line":230},"50":{"loc":{"start":{"line":233,"column":8},"end":{"line":237,"column":9}},"type":"if","locations":[{"start":{"line":233,"column":8},"end":{"line":237,"column":9}},{"start":{"line":235,"column":15},"end":{"line":237,"column":9}}],"line":233},"51":{"loc":{"start":{"line":233,"column":12},"end":{"line":233,"column":53}},"type":"binary-expr","locations":[{"start":{"line":233,"column":12},"end":{"line":233,"column":20}},{"start":{"line":233,"column":24},"end":{"line":233,"column":53}}],"line":233},"52":{"loc":{"start":{"line":235,"column":15},"end":{"line":237,"column":9}},"type":"if","locations":[{"start":{"line":235,"column":15},"end":{"line":237,"column":9}},{"start":{},"end":{}}],"line":235},"53":{"loc":{"start":{"line":235,"column":19},"end":{"line":235,"column":60}},"type":"binary-expr","locations":[{"start":{"line":235,"column":19},"end":{"line":235,"column":27}},{"start":{"line":235,"column":31},"end":{"line":235,"column":60}}],"line":235},"54":{"loc":{"start":{"line":251,"column":25},"end":{"line":251,"column":47}},"type":"default-arg","locations":[{"start":{"line":251,"column":45},"end":{"line":251,"column":47}}],"line":251},"55":{"loc":{"start":{"line":252,"column":6},"end":{"line":252,"column":28}},"type":"if","locations":[{"start":{"line":252,"column":6},"end":{"line":252,"column":28}},{"start":{},"end":{}}],"line":252},"56":{"loc":{"start":{"line":256,"column":38},"end":{"line":256,"column":55}},"type":"default-arg","locations":[{"start":{"line":256,"column":53},"end":{"line":256,"column":55}}],"line":256},"57":{"loc":{"start":{"line":258,"column":8},"end":{"line":260,"column":9}},"type":"if","locations":[{"start":{"line":258,"column":8},"end":{"line":260,"column":9}},{"start":{},"end":{}}],"line":258},"58":{"loc":{"start":{"line":258,"column":12},"end":{"line":258,"column":72}},"type":"binary-expr","locations":[{"start":{"line":258,"column":12},"end":{"line":258,"column":40}},{"start":{"line":258,"column":44},"end":{"line":258,"column":72}}],"line":258},"59":{"loc":{"start":{"line":259,"column":17},"end":{"line":259,"column":102}},"type":"binary-expr","locations":[{"start":{"line":259,"column":17},"end":{"line":259,"column":42}},{"start":{"line":259,"column":46},"end":{"line":259,"column":102}}],"line":259},"60":{"loc":{"start":{"line":263,"column":8},"end":{"line":265,"column":9}},"type":"if","locations":[{"start":{"line":263,"column":8},"end":{"line":265,"column":9}},{"start":{},"end":{}}],"line":263},"61":{"loc":{"start":{"line":264,"column":17},"end":{"line":264,"column":92}},"type":"binary-expr","locations":[{"start":{"line":264,"column":17},"end":{"line":264,"column":42}},{"start":{"line":264,"column":46},"end":{"line":264,"column":92}}],"line":264},"62":{"loc":{"start":{"line":274,"column":8},"end":{"line":276,"column":9}},"type":"if","locations":[{"start":{"line":274,"column":8},"end":{"line":276,"column":9}},{"start":{},"end":{}}],"line":274},"63":{"loc":{"start":{"line":278,"column":8},"end":{"line":283,"column":9}},"type":"if","locations":[{"start":{"line":278,"column":8},"end":{"line":283,"column":9}},{"start":{},"end":{}}],"line":278}},"s":{"0":1,"1":1,"2":1,"3":1,"4":1,"5":20,"6":20,"7":1,"8":19,"9":19,"10":19,"11":19,"12":0,"13":0,"14":9,"15":9,"16":7,"17":0,"18":7,"19":0,"20":7,"21":4,"22":3,"23":3,"24":0,"25":1,"26":19,"27":19,"28":19,"29":7,"30":19,"31":19,"32":1,"33":1,"34":1,"35":0,"36":1,"37":0,"38":19,"39":1,"40":1,"41":1,"42":1,"43":1,"44":1,"45":0,"46":1,"47":0,"48":1,"49":1,"50":1,"51":1,"52":1,"53":1,"54":0,"55":0,"56":0,"57":19,"58":3,"59":3,"60":1,"61":2,"62":2,"63":0,"64":2,"65":1,"66":1,"67":1,"68":1,"69":1,"70":1,"71":1,"72":1,"73":1,"74":0,"75":19,"76":3,"77":3,"78":0,"79":3,"80":3,"81":1,"82":2,"83":2,"84":2,"85":0,"86":19,"87":1,"88":1,"89":1,"90":1,"91":0,"92":1,"93":1,"94":0,"95":1,"96":1,"97":1,"98":0,"99":19,"100":1,"101":1,"102":0,"103":1,"104":1,"105":1,"106":0,"107":1,"108":1,"109":0,"110":1,"111":1,"112":0,"113":1,"114":1,"115":1,"116":0,"117":19,"118":1,"119":1,"120":1,"121":0,"122":1,"123":1,"124":0,"125":1,"126":1,"127":0,"128":1,"129":0,"130":1,"131":1,"132":0,"133":19,"134":0,"135":0,"136":0,"137":19,"138":1,"139":1,"140":1,"141":0,"142":0,"143":0,"144":0,"145":0,"146":0,"147":0,"148":0,"149":0,"150":0,"151":0,"152":19,"153":19,"154":1},"f":{"0":1,"1":20,"2":9,"3":7,"4":19,"5":1,"6":1,"7":3,"8":3,"9":1,"10":1,"11":1,"12":0,"13":1,"14":19},"b":{"0":[20,20],"1":[1,19],"2":[9,0],"3":[0,7],"4":[0,7],"5":[4,3],"6":[3,0],"7":[3,3],"8":[7,12],"9":[0],"10":[0,1],"11":[0],"12":[1,0],"13":[1,0],"14":[0,1],"15":[0,0],"16":[0,1],"17":[1,1],"18":[0,0],"19":[1,0],"20":[0,0],"21":[0],"22":[1,2],"23":[1,1],"24":[0,2],"25":[0,0],"26":[1,1],"27":[2,1],"28":[1,1],"29":[1,0],"30":[1,0],"31":[0],"32":[0,3],"33":[3,3],"34":[1,2],"35":[2,0],"36":[0],"37":[0,1],"38":[0,1],"39":[1,0],"40":[1,1],"41":[0],"42":[0,1],"43":[0,1],"44":[0,1],"45":[0,1],"46":[0],"47":[0,1],"48":[1,1],"49":[0,1],"50":[0,1],"51":[1,1],"52":[0,1],"53":[1,1],"54":[0],"55":[0,0],"56":[0],"57":[1,0],"58":[1,1],"59":[1,1],"60":[0,0],"61":[0,0],"62":[0,0],"63":[0,0]},"_coverageSchema":"1a1c01bbd47fc00a2c39e90264f33305004495a9","hash":"6616db980b7af89ec3a63a1a50468a2a3919feca"}
,"C:\\Users\\HP\\Downloads\\peers\\senegal-connect\\src\\utils\\escapeHtml.js": {"path":"C:\\Users\\HP\\Downloads\\peers\\senegal-connect\\src\\utils\\escapeHtml.js","statementMap":{"0":{"start":{"line":5,"column":2},"end":{"line":7,"column":3}},"1":{"start":{"line":6,"column":4},"end":{"line":6,"column":17}},"2":{"start":{"line":9,"column":26},"end":{"line":16,"column":3}},"3":{"start":{"line":18,"column":2},"end":{"line":18,"column":79}},"4":{"start":{"line":18,"column":51},"end":{"line":18,"column":77}},"5":{"start":{"line":21,"column":0},"end":{"line":21,"column":32}}},"fnMap":{"0":{"name":"escapeHtml","decl":{"start":{"line":4,"column":9},"end":{"line":4,"column":19}},"loc":{"start":{"line":4,"column":27},"end":{"line":19,"column":1}},"line":4},"1":{"name":"(anonymous_1)","decl":{"start":{"line":18,"column":36},"end":{"line":18,"column":37}},"loc":{"start":{"line":18,"column":51},"end":{"line":18,"column":77}},"line":18}},"branchMap":{"0":{"loc":{"start":{"line":5,"column":2},"end":{"line":7,"column":3}},"type":"if","locations":[{"start":{"line":5,"column":2},"end":{"line":7,"column":3}},{"start":{},"end":{}}],"line":5}},"s":{"0":7,"1":2,"2":5,"3":5,"4":8,"5":1},"f":{"0":7,"1":8},"b":{"0":[2,5]},"_coverageSchema":"1a1c01bbd47fc00a2c39e90264f33305004495a9","hash":"4c1fbd726eb5f4dc746ba66f85545bd7b7919f9f"}
,"C:\\Users\\HP\\Downloads\\peers\\senegal-connect\\src\\utils\\validation.js": {"path":"C:\\Users\\HP\\Downloads\\peers\\senegal-connect\\src\\utils\\validation.js","statementMap":{"0":{"start":{"line":1,"column":29},"end":{"line":1,"column":57}},"1":{"start":{"line":6,"column":18},"end":{"line":6,"column":39}},"2":{"start":{"line":7,"column":2},"end":{"line":15,"column":3}},"3":{"start":{"line":8,"column":4},"end":{"line":14,"column":7}},"4":{"start":{"line":9,"column":43},"end":{"line":13,"column":7}},"5":{"start":{"line":16,"column":2},"end":{"line":16,"column":9}},"6":{"start":{"line":19,"column":0},"end":{"line":19,"column":40}}},"fnMap":{"0":{"name":"verifierValidation","decl":{"start":{"line":5,"column":9},"end":{"line":5,"column":27}},"loc":{"start":{"line":5,"column":44},"end":{"line":17,"column":1}},"line":5},"1":{"name":"(anonymous_1)","decl":{"start":{"line":9,"column":35},"end":{"line":9,"column":36}},"loc":{"start":{"line":9,"column":43},"end":{"line":13,"column":7}},"line":9}},"branchMap":{"0":{"loc":{"start":{"line":7,"column":2},"end":{"line":15,"column":3}},"type":"if","locations":[{"start":{"line":7,"column":2},"end":{"line":15,"column":3}},{"start":{},"end":{}}],"line":7}},"s":{"0":1,"1":36,"2":36,"3":7,"4":8,"5":29,"6":1},"f":{"0":36,"1":8},"b":{"0":[7,29]},"_coverageSchema":"1a1c01bbd47fc00a2c39e90264f33305004495a9","hash":"063a213a141b147f1e6de29b91602abd9365081b"}
}
