TN:
SF:src\server.js
FN:30,(anonymous_0)
FN:50,(anonymous_1)
FN:62,(anonymous_2)
FN:66,(anonymous_3)
FN:72,(anonymous_4)
FN:111,(anonymous_5)
FN:129,(anonymous_6)
FNF:7
FNH:3
FNDA:1,(anonymous_0)
FNDA:0,(anonymous_1)
FNDA:0,(anonymous_2)
FNDA:0,(anonymous_3)
FNDA:2,(anonymous_4)
FNDA:1,(anonymous_5)
FNDA:0,(anonymous_6)
DA:1,1
DA:3,1
DA:4,1
DA:5,1
DA:6,1
DA:7,1
DA:8,1
DA:9,1
DA:11,1
DA:12,1
DA:13,1
DA:15,1
DA:16,1
DA:17,1
DA:18,1
DA:19,1
DA:20,1
DA:21,1
DA:22,1
DA:24,1
DA:25,1
DA:28,1
DA:30,1
DA:33,1
DA:39,1
DA:40,1
DA:41,1
DA:42,0
DA:44,1
DA:45,1
DA:46,1
DA:50,1
DA:51,0
DA:55,1
DA:56,1
DA:57,1
DA:58,1
DA:59,1
DA:60,1
DA:62,1
DA:63,0
DA:66,1
DA:67,0
DA:71,1
DA:72,1
DA:73,2
DA:81,1
DA:88,1
DA:89,1
DA:101,1
DA:111,1
DA:112,1
DA:115,1
DA:117,1
DA:118,1
DA:119,1
DA:120,1
DA:123,1
DA:124,1
DA:128,1
DA:129,0
DA:130,0
DA:134,1
LF:63
LH:57
BRDA:28,0,0,1
BRDA:28,0,1,0
BRDA:34,1,0,1
BRDA:34,1,1,0
BRDA:41,2,0,0
BRDA:41,2,1,1
BRDA:77,3,0,2
BRDA:77,3,1,0
BRDA:88,4,0,1
BRDA:88,4,1,0
BRDA:89,5,0,1
BRDA:89,5,1,0
BRDA:112,6,0,1
BRDA:112,6,1,0
BRDA:128,7,0,0
BRDA:128,7,1,1
BRDA:130,8,0,0
BRDA:130,8,1,0
BRF:18
BRH:8
end_of_record
TN:
SF:src\config\logger.js
FN:15,(anonymous_0)
FN:36,(anonymous_1)
FNF:2
FNH:0
FNDA:0,(anonymous_0)
FNDA:0,(anonymous_1)
DA:1,1
DA:2,1
DA:3,1
DA:5,1
DA:7,1
DA:8,1
DA:9,0
DA:12,1
DA:15,0
DA:18,1
DA:19,1
DA:21,1
DA:28,1
DA:35,1
DA:36,0
DA:39,1
LF:16
LH:13
BRDA:8,0,0,0
BRDA:8,0,1,1
BRDA:21,1,0,0
BRDA:21,1,1,1
BRDA:29,2,0,1
BRDA:29,2,1,0
BRDA:31,3,0,0
BRDA:31,3,1,1
BRF:8
BRH:4
end_of_record
TN:
SF:src\controllers\auth.controller.js
FN:6,register
FN:24,login
FN:65,profil
FNF:3
FNH:3
FNDA:2,register
FNDA:3,login
FNDA:1,profil
DA:1,1
DA:2,1
DA:3,1
DA:4,1
DA:7,2
DA:8,2
DA:9,2
DA:11,2
DA:18,1
DA:20,1
DA:25,3
DA:26,3
DA:27,3
DA:28,3
DA:31,3
DA:33,3
DA:34,1
DA:35,1
DA:38,2
DA:39,2
DA:40,1
DA:41,1
DA:44,1
DA:50,1
DA:61,0
DA:66,1
DA:67,1
DA:71,1
DA:72,0
DA:74,1
DA:76,0
DA:80,1
LF:32
LH:29
BRDA:15,0,0,2
BRDA:15,0,1,2
BRDA:33,1,0,1
BRDA:33,1,1,2
BRDA:39,2,0,1
BRDA:39,2,1,1
BRDA:47,3,0,1
BRDA:47,3,1,0
BRDA:52,4,0,1
BRDA:52,4,1,0
BRDA:71,5,0,0
BRDA:71,5,1,1
BRF:12
BRH:9
end_of_record
TN:
SF:src\controllers\clients.controller.js
FN:5,construireFiltres
FN:37,liste
FN:69,detail
FN:102,creer
FN:132,modifier
FN:160,changerStatut
FN:188,supprimer
FNF:7
FNH:7
FNDA:3,construireFiltres
FNDA:3,liste
FNDA:4,detail
FNDA:1,creer
FNDA:2,modifier
FNDA:2,changerStatut
FNDA:2,supprimer
DA:1,1
DA:6,3
DA:7,3
DA:8,3
DA:10,3
DA:11,1
DA:12,1
DA:13,1
DA:15,3
DA:16,0
DA:17,0
DA:18,0
DA:20,3
DA:21,0
DA:22,0
DA:23,0
DA:27,3
DA:28,1
DA:29,1
DA:30,1
DA:33,3
DA:34,3
DA:38,3
DA:39,3
DA:40,3
DA:41,3
DA:45,3
DA:46,3
DA:47,1
DA:50,3
DA:52,3
DA:53,3
DA:55,3
DA:60,3
DA:65,0
DA:70,4
DA:71,4
DA:72,4
DA:73,4
DA:74,1
DA:78,3
DA:79,1
DA:82,2
DA:91,2
DA:98,0
DA:103,1
DA:104,1
DA:106,1
DA:107,1
DA:108,1
DA:109,0
DA:114,1
DA:115,0
DA:120,1
DA:126,1
DA:128,0
DA:133,2
DA:134,2
DA:136,2
DA:137,0
DA:138,0
DA:139,0
DA:145,2
DA:151,2
DA:152,1
DA:154,1
DA:156,0
DA:161,2
DA:162,2
DA:164,2
DA:165,1
DA:169,1
DA:170,1
DA:174,1
DA:179,1
DA:180,0
DA:182,1
DA:184,0
DA:189,2
DA:190,2
DA:194,2
DA:195,1
DA:198,1
DA:199,1
DA:200,0
DA:202,1
DA:204,0
DA:208,1
LF:88
LH:69
BRDA:10,0,0,1
BRDA:10,0,1,2
BRDA:15,1,0,0
BRDA:15,1,1,3
BRDA:20,2,0,0
BRDA:20,2,1,3
BRDA:27,3,0,1
BRDA:27,3,1,2
BRDA:33,4,0,2
BRDA:33,4,1,1
BRDA:39,5,0,3
BRDA:39,5,1,2
BRDA:40,6,0,3
BRDA:40,6,1,2
BRDA:46,7,0,1
BRDA:46,7,1,2
BRDA:62,8,0,3
BRDA:62,8,1,0
BRDA:73,9,0,1
BRDA:73,9,1,3
BRDA:78,10,0,1
BRDA:78,10,1,2
BRDA:78,11,0,3
BRDA:78,11,1,2
BRDA:93,12,0,2
BRDA:93,12,1,0
BRDA:94,13,0,2
BRDA:94,13,1,1
BRDA:95,14,0,2
BRDA:95,14,1,2
BRDA:106,15,0,1
BRDA:106,15,1,0
BRDA:108,16,0,0
BRDA:108,16,1,1
BRDA:114,17,0,0
BRDA:114,17,1,1
BRDA:123,18,0,1
BRDA:123,18,1,0
BRDA:123,19,0,1
BRDA:123,19,1,1
BRDA:136,20,0,0
BRDA:136,20,1,2
BRDA:138,21,0,0
BRDA:138,21,1,0
BRDA:148,22,0,2
BRDA:148,22,1,2
BRDA:151,23,0,1
BRDA:151,23,1,1
BRDA:164,24,0,1
BRDA:164,24,1,1
BRDA:169,25,0,1
BRDA:169,25,1,0
BRDA:179,26,0,0
BRDA:179,26,1,1
BRDA:194,27,0,1
BRDA:194,27,1,1
BRDA:199,28,0,0
BRDA:199,28,1,1
BRF:58
BRH:44
end_of_record
TN:
SF:src\controllers\factures.controller.js
FN:4,genererReference
FN:10,genererReferenceUnique
FN:21,construireFiltres
FN:46,liste
FN:79,detail
FN:106,creer
FN:130,changerStatut
FN:146,supprimer
FNF:8
FNH:7
FNDA:2,genererReference
FNDA:0,genererReferenceUnique
FNDA:2,construireFiltres
FNDA:2,liste
FNDA:4,detail
FNDA:3,creer
FNDA:1,changerStatut
FNDA:2,supprimer
DA:1,1
DA:5,2
DA:6,2
DA:7,2
DA:11,0
DA:12,0
DA:13,0
DA:14,0
DA:15,0
DA:18,0
DA:22,2
DA:23,2
DA:24,2
DA:26,2
DA:27,2
DA:28,2
DA:29,2
DA:31,2
DA:32,0
DA:33,0
DA:34,0
DA:36,2
DA:37,0
DA:38,0
DA:39,0
DA:42,2
DA:43,2
DA:47,2
DA:48,2
DA:49,2
DA:50,2
DA:54,2
DA:55,2
DA:56,1
DA:57,1
DA:60,2
DA:62,2
DA:63,2
DA:65,2
DA:70,2
DA:75,0
DA:80,4
DA:81,4
DA:88,4
DA:89,1
DA:92,3
DA:95,3
DA:96,1
DA:98,2
DA:100,2
DA:102,0
DA:107,3
DA:108,3
DA:110,3
DA:111,3
DA:112,1
DA:117,2
DA:118,2
DA:124,1
DA:126,1
DA:131,1
DA:132,1
DA:133,1
DA:137,1
DA:138,0
DA:140,1
DA:142,0
DA:147,2
DA:148,2
DA:149,2
DA:150,1
DA:152,1
DA:154,0
DA:158,1
LF:74
LH:57
BRDA:14,0,0,0
BRDA:14,0,1,0
BRDA:26,1,0,2
BRDA:26,1,1,0
BRDA:31,2,0,0
BRDA:31,2,1,2
BRDA:36,3,0,0
BRDA:36,3,1,2
BRDA:42,4,0,2
BRDA:42,4,1,0
BRDA:48,5,0,2
BRDA:48,5,1,2
BRDA:49,6,0,2
BRDA:49,6,1,2
BRDA:55,7,0,1
BRDA:55,7,1,1
BRDA:57,8,0,1
BRDA:57,8,1,0
BRDA:72,9,0,2
BRDA:72,9,1,0
BRDA:88,10,0,1
BRDA:88,10,1,3
BRDA:95,11,0,1
BRDA:95,11,1,2
BRDA:95,12,0,3
BRDA:95,12,1,2
BRDA:111,13,0,1
BRDA:111,13,1,2
BRDA:137,14,0,0
BRDA:137,14,1,1
BRDA:149,15,0,1
BRDA:149,15,1,1
BRF:32
BRH:23
end_of_record
TN:
SF:src\controllers\forfaits.controller.js
FN:3,liste
FN:19,detail
FN:53,creer
FN:67,modifier
FN:84,supprimer
FNF:5
FNH:5
FNDA:2,liste
FNDA:2,detail
FNDA:1,creer
FNDA:1,modifier
FNDA:2,supprimer
DA:1,1
DA:4,2
DA:5,2
DA:13,1
DA:15,1
DA:20,2
DA:21,2
DA:22,2
DA:23,1
DA:26,1
DA:27,1
DA:28,1
DA:30,1
DA:39,1
DA:41,1
DA:49,0
DA:54,1
DA:55,1
DA:56,1
DA:61,1
DA:63,0
DA:68,1
DA:69,1
DA:70,1
DA:75,1
DA:76,0
DA:78,1
DA:80,0
DA:85,2
DA:86,2
DA:90,2
DA:91,1
DA:96,1
DA:97,1
DA:98,0
DA:100,1
DA:102,0
DA:106,1
LF:38
LH:32
BRDA:22,0,0,1
BRDA:22,0,1,1
BRDA:26,1,0,1
BRDA:26,1,1,1
BRDA:27,2,0,1
BRDA:27,2,1,1
BRDA:45,3,0,1
BRDA:45,3,1,0
BRDA:59,4,0,0
BRDA:59,4,1,1
BRDA:75,5,0,0
BRDA:75,5,1,1
BRDA:90,6,0,1
BRDA:90,6,1,1
BRDA:97,7,0,0
BRDA:97,7,1,1
BRF:16
BRH:12
end_of_record
TN:
SF:src\controllers\stats.controller.js
FN:4,tableauDeBord
FNF:1
FNH:1
FNDA:1,tableauDeBord
DA:1,1
DA:5,1
DA:6,1
DA:15,1
DA:17,0
DA:21,1
LF:6
LH:5
BRF:0
BRH:0
end_of_record
TN:
SF:src\controllers\tickets.controller.js
FN:3,construireFiltres
FN:42,liste
FN:79,detail
FN:107,creer
FN:142,changerStatut
FN:162,messages
FN:182,(anonymous_6)
FN:189,(anonymous_7)
FN:194,(anonymous_8)
FN:207,uploadFichier
FN:225,historiqueAppels
FNF:11
FNH:11
FNDA:2,construireFiltres
FNDA:2,liste
FNDA:3,detail
FNDA:1,creer
FNDA:2,changerStatut
FNDA:1,messages
FNDA:1,(anonymous_6)
FNDA:1,(anonymous_7)
FNDA:1,(anonymous_8)
FNDA:2,uploadFichier
FNDA:1,historiqueAppels
DA:1,1
DA:4,2
DA:5,2
DA:6,2
DA:8,2
DA:9,0
DA:10,0
DA:11,0
DA:13,2
DA:14,0
DA:15,0
DA:16,0
DA:19,2
DA:21,1
DA:22,0
DA:23,0
DA:24,0
DA:26,1
DA:29,1
DA:30,1
DA:32,1
DA:33,0
DA:34,0
DA:35,0
DA:38,2
DA:39,2
DA:43,2
DA:44,2
DA:45,2
DA:46,2
DA:50,2
DA:51,2
DA:53,2
DA:54,0
DA:55,0
DA:56,2
DA:57,1
DA:60,2
DA:62,2
DA:63,2
DA:65,2
DA:70,2
DA:75,0
DA:80,3
DA:81,3
DA:87,3
DA:88,1
DA:91,2
DA:93,2
DA:94,1
DA:96,1
DA:97,0
DA:100,1
DA:101,1
DA:103,0
DA:108,1
DA:109,1
DA:112,1
DA:113,1
DA:114,1
DA:115,0
DA:119,1
DA:120,0
DA:121,0
DA:124,1
DA:128,1
DA:131,1
DA:132,1
DA:133,1
DA:136,1
DA:138,0
DA:143,2
DA:144,2
DA:147,2
DA:151,2
DA:152,2
DA:153,1
DA:155,1
DA:157,0
DA:163,1
DA:164,1
DA:165,1
DA:166,1
DA:168,1
DA:169,1
DA:170,1
DA:173,1
DA:178,1
DA:181,1
DA:182,1
DA:183,1
DA:188,1
DA:189,1
DA:190,1
DA:191,1
DA:194,1
DA:195,1
DA:199,1
DA:201,0
DA:208,2
DA:209,2
DA:210,1
DA:213,1
DA:221,0
DA:226,1
DA:227,1
DA:230,1
DA:232,0
DA:236,1
LF:109
LH:84
BRDA:3,0,0,0
BRDA:8,1,0,0
BRDA:8,1,1,2
BRDA:13,2,0,0
BRDA:13,2,1,2
BRDA:19,3,0,1
BRDA:19,3,1,1
BRDA:21,4,0,0
BRDA:21,4,1,1
BRDA:32,5,0,0
BRDA:32,5,1,1
BRDA:38,6,0,1
BRDA:38,6,1,1
BRDA:44,7,0,2
BRDA:44,7,1,2
BRDA:45,8,0,2
BRDA:45,8,1,2
BRDA:53,9,0,0
BRDA:53,9,1,2
BRDA:55,10,0,0
BRDA:55,10,1,0
BRDA:56,11,0,1
BRDA:56,11,1,1
BRDA:72,12,0,2
BRDA:72,12,1,1
BRDA:87,13,0,1
BRDA:87,13,1,2
BRDA:93,14,0,1
BRDA:93,14,1,1
BRDA:93,15,0,2
BRDA:93,15,1,2
BRDA:96,16,0,0
BRDA:96,16,1,1
BRDA:96,17,0,1
BRDA:96,17,1,0
BRDA:96,17,2,0
BRDA:112,18,0,1
BRDA:112,18,1,0
BRDA:114,19,0,0
BRDA:114,19,1,1
BRDA:120,20,0,0
BRDA:120,20,1,0
BRDA:132,21,0,1
BRDA:132,21,1,0
BRDA:147,22,0,1
BRDA:147,22,1,1
BRDA:152,23,0,1
BRDA:152,23,1,1
BRDA:168,24,0,1
BRDA:168,24,1,0
BRDA:181,25,0,1
BRDA:181,25,1,0
BRDA:190,26,0,1
BRDA:190,26,1,0
BRDA:195,27,0,1
BRDA:195,27,1,0
BRDA:209,28,0,1
BRDA:209,28,1,1
BRF:58
BRH:38
end_of_record
TN:
SF:src\middleware\auth.js
FN:7,verifierJWT
FN:30,garderRole
FN:31,(anonymous_2)
FNF:3
FNH:3
FNDA:55,verifierJWT
FNDA:12,garderRole
FNDA:26,(anonymous_2)
DA:1,1
DA:2,1
DA:8,55
DA:10,55
DA:11,1
DA:14,54
DA:16,54
DA:17,54
DA:18,52
DA:19,52
DA:21,2
DA:22,1
DA:24,1
DA:25,1
DA:31,12
DA:32,26
DA:33,2
DA:35,24
DA:39,1
LF:19
LH:19
BRDA:10,0,0,1
BRDA:10,0,1,54
BRDA:10,1,0,55
BRDA:10,1,1,54
BRDA:21,2,0,1
BRDA:21,2,1,1
BRDA:32,3,0,2
BRDA:32,3,1,24
BRDA:32,4,0,26
BRDA:32,4,1,26
BRF:10
BRH:10
end_of_record
TN:
SF:src\middleware\erreurs.js
FN:5,gestionnaireErreurs
FN:34,routeInconnue
FNF:2
FNH:2
FNDA:4,gestionnaireErreurs
FNDA:1,routeInconnue
DA:1,1
DA:2,1
DA:7,4
DA:8,0
DA:10,4
DA:11,1
DA:15,3
DA:16,1
DA:17,1
DA:21,2
DA:22,1
DA:25,1
DA:27,1
DA:28,1
DA:35,1
DA:38,1
LF:16
LH:15
BRDA:7,0,0,0
BRDA:7,0,1,4
BRDA:10,1,0,1
BRDA:10,1,1,3
BRDA:10,2,0,4
BRDA:10,2,1,4
BRDA:15,3,0,1
BRDA:15,3,1,2
BRDA:16,4,0,1
BRDA:16,4,1,0
BRDA:16,5,0,1
BRDA:16,5,1,1
BRDA:21,6,0,1
BRDA:21,6,1,1
BRDA:25,7,0,1
BRDA:25,7,1,0
BRDA:30,8,0,0
BRDA:30,8,1,1
BRF:18
BRH:14
end_of_record
TN:
SF:src\middleware\upload.js
FN:9,(anonymous_0)
FN:10,(anonymous_1)
FN:17,filtreFichier
FNF:3
FNH:3
FNDA:1,(anonymous_0)
FNDA:1,(anonymous_1)
FNDA:2,filtreFichier
DA:1,1
DA:2,1
DA:3,1
DA:6,1
DA:8,1
DA:9,1
DA:12,1
DA:13,1
DA:18,2
DA:19,1
DA:21,1
DA:25,1
DA:31,1
LF:13
LH:13
BRDA:18,0,0,1
BRDA:18,0,1,1
BRDA:28,1,0,1
BRDA:28,1,1,0
BRF:4
BRH:3
end_of_record
TN:
SF:src\routes\auth.js
FNF:0
FNH:0
DA:1,1
DA:2,1
DA:3,1
DA:4,1
DA:5,1
DA:7,1
DA:55,1
DA:118,1
DA:151,1
DA:153,1
LF:10
LH:10
BRF:0
BRH:0
end_of_record
TN:
SF:src\routes\clients.js
FNF:0
FNH:0
DA:1,1
DA:2,1
DA:3,1
DA:4,1
DA:5,1
DA:8,1
DA:10,1
DA:54,1
DA:80,1
DA:129,1
DA:138,1
DA:148,1
DA:158,1
DA:160,1
LF:14
LH:14
BRF:0
BRH:0
end_of_record
TN:
SF:src\routes\factures.js
FNF:0
FNH:0
DA:1,1
DA:2,1
DA:3,1
DA:4,1
DA:5,1
DA:7,1
DA:26,1
DA:27,1
DA:65,1
DA:79,1
DA:89,1
DA:91,1
LF:12
LH:12
BRF:0
BRH:0
end_of_record
TN:
SF:src\routes\forfaits.js
FNF:0
FNH:0
DA:1,1
DA:2,1
DA:3,1
DA:4,1
DA:5,1
DA:7,1
DA:9,1
DA:33,1
DA:51,1
DA:52,1
DA:53,1
DA:54,1
DA:56,1
LF:13
LH:13
BRF:0
BRH:0
end_of_record
TN:
SF:src\routes\stats.js
FNF:0
FNH:0
DA:1,1
DA:2,1
DA:3,1
DA:5,1
DA:7,1
DA:9,1
LF:6
LH:6
BRF:0
BRH:0
end_of_record
TN:
SF:src\routes\tickets.js
FNF:0
FNH:0
DA:1,1
DA:2,1
DA:3,1
DA:4,1
DA:5,1
DA:6,1
DA:8,1
DA:22,1
DA:23,1
DA:49,1
DA:57,1
DA:66,1
DA:67,1
DA:68,1
DA:70,1
LF:15
LH:15
BRF:0
BRH:0
end_of_record
TN:
SF:src\socket\appels.js
FN:4,initialiserAppels
FN:5,(anonymous_1)
FN:8,(anonymous_2)
FN:63,(anonymous_3)
FN:98,(anonymous_4)
FN:113,(anonymous_5)
FN:137,(anonymous_6)
FNF:7
FNH:6
FNDA:1,initialiserAppels
FNDA:19,(anonymous_1)
FNDA:2,(anonymous_2)
FNDA:2,(anonymous_3)
FNDA:0,(anonymous_4)
FNDA:1,(anonymous_5)
FNDA:1,(anonymous_6)
DA:1,1
DA:2,1
DA:5,1
DA:6,19
DA:8,19
DA:9,2
DA:10,2
DA:16,2
DA:18,2
DA:19,0
DA:22,2
DA:23,1
DA:26,1
DA:27,1
DA:28,1
DA:29,0
DA:32,1
DA:33,1
DA:34,0
DA:37,1
DA:42,1
DA:44,1
DA:52,1
DA:53,1
DA:56,0
DA:57,0
DA:58,0
DA:63,19
DA:64,2
DA:65,2
DA:72,2
DA:73,2
DA:75,2
DA:80,2
DA:87,2
DA:94,0
DA:98,19
DA:99,0
DA:100,0
DA:104,0
DA:105,0
DA:107,0
DA:109,0
DA:113,19
DA:114,1
DA:115,1
DA:116,1
DA:117,1
DA:119,1
DA:120,1
DA:124,1
DA:128,1
DA:130,1
DA:131,1
DA:133,0
DA:137,19
DA:138,1
DA:139,1
DA:140,1
DA:141,1
DA:143,1
DA:144,1
DA:152,0
DA:158,1
LF:64
LH:49
BRDA:8,0,0,0
BRDA:18,1,0,0
BRDA:18,1,1,2
BRDA:19,2,0,0
BRDA:19,2,1,0
BRDA:22,3,0,1
BRDA:22,3,1,1
BRDA:23,4,0,1
BRDA:23,4,1,1
BRDA:26,5,0,1
BRDA:26,5,1,1
BRDA:27,6,0,1
BRDA:27,6,1,0
BRDA:28,7,0,0
BRDA:28,7,1,1
BRDA:28,8,0,1
BRDA:28,8,1,0
BRDA:28,8,2,0
BRDA:29,9,0,0
BRDA:29,9,1,0
BRDA:32,10,0,1
BRDA:32,10,1,0
BRDA:33,11,0,0
BRDA:33,11,1,1
BRDA:34,12,0,0
BRDA:34,12,1,0
BRDA:40,13,0,1
BRDA:40,13,1,0
BRDA:46,14,0,1
BRDA:46,14,1,0
BRDA:48,15,0,1
BRDA:48,15,1,0
BRDA:52,16,0,1
BRDA:52,16,1,0
BRDA:57,17,0,0
BRDA:57,17,1,0
BRDA:63,18,0,0
BRDA:73,19,0,0
BRDA:73,19,1,2
BRDA:77,20,0,2
BRDA:77,20,1,0
BRDA:98,21,0,0
BRDA:105,22,0,0
BRDA:105,22,1,0
BRDA:113,23,0,0
BRDA:117,24,0,0
BRDA:117,24,1,1
BRDA:119,25,0,1
BRDA:119,25,1,0
BRDA:120,26,0,1
BRDA:120,26,1,0
BRDA:137,27,0,0
BRDA:141,28,0,0
BRDA:141,28,1,1
BRDA:143,29,0,1
BRDA:143,29,1,0
BRF:56
BRH:23
end_of_record
TN:
SF:src\socket\support.js
FN:6,initialiserSupport
FN:7,(anonymous_1)
FN:24,chargerTicket
FN:35,estParticipant
FN:43,(anonymous_4)
FN:53,(anonymous_5)
FN:63,(anonymous_6)
FN:100,(anonymous_7)
FN:136,(anonymous_8)
FN:158,(anonymous_9)
FN:183,(anonymous_10)
FN:224,(anonymous_11)
FN:251,(anonymous_12)
FN:256,(anonymous_13)
FN:289,(anonymous_14)
FNF:15
FNH:14
FNDA:1,initialiserSupport
FNDA:20,(anonymous_1)
FNDA:9,chargerTicket
FNDA:7,estParticipant
FNDA:19,(anonymous_4)
FNDA:1,(anonymous_5)
FNDA:1,(anonymous_6)
FNDA:3,(anonymous_7)
FNDA:3,(anonymous_8)
FNDA:1,(anonymous_9)
FNDA:1,(anonymous_10)
FNDA:1,(anonymous_11)
FNDA:0,(anonymous_12)
FNDA:1,(anonymous_13)
FNDA:19,(anonymous_14)
DA:1,1
DA:2,1
DA:3,1
DA:4,1
DA:7,1
DA:8,20
DA:10,20
DA:11,1
DA:14,19
DA:15,19
DA:16,19
DA:17,19
DA:19,0
DA:20,0
DA:25,9
DA:32,9
DA:36,7
DA:37,7
DA:38,7
DA:39,3
DA:40,0
DA:43,1
DA:44,19
DA:46,19
DA:47,19
DA:48,7
DA:51,19
DA:53,19
DA:54,1
DA:55,1
DA:56,1
DA:57,1
DA:59,0
DA:63,19
DA:64,1
DA:65,1
DA:67,1
DA:68,1
DA:69,1
DA:72,1
DA:73,0
DA:76,1
DA:77,0
DA:80,1
DA:84,1
DA:86,1
DA:87,1
DA:89,1
DA:90,1
DA:93,0
DA:94,0
DA:95,0
DA:100,19
DA:101,3
DA:102,3
DA:103,1
DA:106,2
DA:107,2
DA:108,0
DA:111,2
DA:112,1
DA:115,1
DA:119,1
DA:121,1
DA:122,1
DA:123,1
DA:126,1
DA:127,1
DA:130,1
DA:132,0
DA:136,19
DA:137,3
DA:138,3
DA:139,0
DA:142,3
DA:143,3
DA:145,2
DA:146,2
DA:152,2
DA:154,0
DA:158,19
DA:159,1
DA:160,1
DA:161,1
DA:163,1
DA:165,1
DA:166,1
DA:168,1
DA:175,1
DA:176,1
DA:179,0
DA:183,19
DA:184,1
DA:185,1
DA:187,1
DA:188,1
DA:189,1
DA:191,1
DA:192,1
DA:194,1
DA:199,1
DA:200,0
DA:206,1
DA:213,1
DA:218,1
DA:220,0
DA:224,19
DA:225,1
DA:226,1
DA:227,1
DA:229,1
DA:230,1
DA:232,1
DA:233,1
DA:234,0
DA:235,1
DA:236,0
DA:239,1
DA:245,1
DA:247,0
DA:251,19
DA:252,0
DA:253,0
DA:256,19
DA:257,1
DA:258,1
DA:259,1
DA:262,0
DA:263,0
DA:264,0
DA:267,0
DA:271,0
DA:273,0
DA:274,0
DA:275,0
DA:278,0
DA:279,0
DA:285,0
DA:289,19
DA:290,19
DA:295,1
LF:141
LH:109
BRDA:8,0,0,20
BRDA:8,0,1,20
BRDA:10,1,0,1
BRDA:10,1,1,19
BRDA:32,2,0,9
BRDA:32,2,1,0
BRDA:36,3,0,0
BRDA:36,3,1,7
BRDA:37,4,0,0
BRDA:37,4,1,7
BRDA:38,5,0,4
BRDA:38,5,1,3
BRDA:39,6,0,3
BRDA:39,6,1,0
BRDA:39,7,0,3
BRDA:39,7,1,3
BRDA:47,8,0,7
BRDA:47,8,1,12
BRDA:53,9,0,0
BRDA:56,10,0,0
BRDA:56,10,1,1
BRDA:63,11,0,0
BRDA:67,12,0,1
BRDA:67,12,1,0
BRDA:69,13,0,1
BRDA:69,13,1,0
BRDA:72,14,0,0
BRDA:72,14,1,1
BRDA:73,15,0,0
BRDA:73,15,1,0
BRDA:76,16,0,0
BRDA:76,16,1,1
BRDA:76,17,0,1
BRDA:76,17,1,1
BRDA:77,18,0,0
BRDA:77,18,1,0
BRDA:89,19,0,1
BRDA:89,19,1,0
BRDA:94,20,0,0
BRDA:94,20,1,0
BRDA:100,21,0,0
BRDA:102,22,0,1
BRDA:102,22,1,2
BRDA:103,23,0,1
BRDA:103,23,1,1
BRDA:107,24,0,0
BRDA:107,24,1,2
BRDA:108,25,0,0
BRDA:108,25,1,0
BRDA:111,26,0,1
BRDA:111,26,1,1
BRDA:111,27,0,2
BRDA:111,27,1,1
BRDA:112,28,0,1
BRDA:112,28,1,1
BRDA:122,29,0,1
BRDA:122,29,1,0
BRDA:126,30,0,1
BRDA:126,30,1,0
BRDA:136,31,0,0
BRDA:138,32,0,0
BRDA:138,32,1,3
BRDA:138,33,0,3
BRDA:138,33,1,3
BRDA:143,34,0,1
BRDA:143,34,1,2
BRDA:149,35,0,2
BRDA:149,35,1,0
BRDA:158,36,0,0
BRDA:163,37,0,0
BRDA:163,37,1,1
BRDA:166,38,0,0
BRDA:166,38,1,1
BRDA:175,39,0,1
BRDA:175,39,1,0
BRDA:175,40,0,1
BRDA:175,40,1,1
BRDA:183,41,0,0
BRDA:185,42,0,0
BRDA:185,42,1,1
BRDA:189,43,0,0
BRDA:189,43,1,1
BRDA:192,44,0,0
BRDA:192,44,1,1
BRDA:199,45,0,0
BRDA:199,45,1,1
BRDA:224,46,0,0
BRDA:227,47,0,0
BRDA:227,47,1,1
BRDA:227,48,0,1
BRDA:227,48,1,1
BRDA:230,49,0,0
BRDA:230,49,1,1
BRDA:233,50,0,0
BRDA:233,50,1,1
BRDA:233,51,0,1
BRDA:233,51,1,1
BRDA:235,52,0,0
BRDA:235,52,1,1
BRDA:235,53,0,1
BRDA:235,53,1,1
BRDA:251,54,0,0
BRDA:252,55,0,0
BRDA:252,55,1,0
BRDA:256,56,0,0
BRDA:258,57,0,1
BRDA:258,57,1,0
BRDA:258,58,0,1
BRDA:258,58,1,1
BRDA:259,59,0,1
BRDA:259,59,1,1
BRDA:263,60,0,0
BRDA:263,60,1,0
BRDA:264,61,0,0
BRDA:264,61,1,0
BRDA:274,62,0,0
BRDA:274,62,1,0
BRDA:278,63,0,0
BRDA:278,63,1,0
BRF:119
BRH:65
end_of_record
TN:
SF:src\utils\escapeHtml.js
FN:4,escapeHtml
FN:18,(anonymous_1)
FNF:2
FNH:2
FNDA:7,escapeHtml
FNDA:8,(anonymous_1)
DA:5,7
DA:6,2
DA:9,5
DA:18,8
DA:21,1
LF:5
LH:5
BRDA:5,0,0,2
BRDA:5,0,1,5
BRF:2
BRH:2
end_of_record
TN:
SF:src\utils\validation.js
FN:5,verifierValidation
FN:9,(anonymous_1)
FNF:2
FNH:2
FNDA:36,verifierValidation
FNDA:8,(anonymous_1)
DA:1,1
DA:6,36
DA:7,36
DA:8,7
DA:9,8
DA:16,29
DA:19,1
LF:7
LH:7
BRDA:7,0,0,7
BRDA:7,0,1,29
BRF:2
BRH:2
end_of_record
